{"/Users/sebastian/Desktop/cigar-accessories-v5/app/(routes)/page.tsx": {"path":"/Users/sebastian/Desktop/cigar-accessories-v5/app/(routes)/page.tsx","statementMap":{"0":{"start":{"line":41,"column":30},"end":{"line":41,"column":null}},"1":{"start":{"line":6,"column":13},"end":{"line":6,"column":23}},"2":{"start":{"line":1,"column":24},"end":{"line":1,"column":null}},"3":{"start":{"line":6,"column":26},"end":{"line":6,"column":30}},"4":{"start":{"line":17,"column":2},"end":{"line":38,"column":null}},"5":{"start":{"line":19,"column":16},"end":{"line":22,"column":null}},"6":{"start":{"line":24,"column":4},"end":{"line":30,"column":null}},"7":{"start":{"line":26,"column":6},"end":{"line":26,"column":null}},"8":{"start":{"line":29,"column":6},"end":{"line":29,"column":17}},"9":{"start":{"line":32,"column":17},"end":{"line":32,"column":null}},"10":{"start":{"line":34,"column":4},"end":{"line":34,"column":null}},"11":{"start":{"line":36,"column":4},"end":{"line":36,"column":null}},"12":{"start":{"line":37,"column":4},"end":{"line":37,"column":15}},"13":{"start":{"line":42,"column":27},"end":{"line":42,"column":null}},"14":{"start":{"line":69,"column":14},"end":{"line":69,"column":44}}},"fnMap":{"0":{"name":"getFeaturedProducts","decl":{"start":{"line":16,"column":15},"end":{"line":16,"column":null}},"loc":{"start":{"line":16,"column":15},"end":{"line":39,"column":null}}},"1":{"name":"HomePage","decl":{"start":{"line":41,"column":30},"end":{"line":41,"column":null}},"loc":{"start":{"line":41,"column":30},"end":{"line":86,"column":1}}},"2":{"name":"(anonymous_6)","decl":{"start":{"line":68,"column":34},"end":{"line":68,"column":35}},"loc":{"start":{"line":69,"column":14},"end":{"line":69,"column":44}}}},"branchMap":{"0":{"loc":{"start":{"line":24,"column":4},"end":{"line":30,"column":null}},"type":"if","locations":[{"start":{"line":24,"column":4},"end":{"line":30,"column":null}}]},"1":{"loc":{"start":{"line":67,"column":10},"end":{"line":73,"column":11}},"type":"cond-expr","locations":[{"start":{"line":67,"column":10},"end":{"line":73,"column":11}}]}},"s":{"0":0,"1":0,"2":0,"3":0,"4":0,"5":0,"6":0,"7":0,"8":0,"9":0,"10":0,"11":0,"12":0,"13":0,"14":0},"f":{"0":0,"1":0,"2":0},"b":{"0":[0],"1":[0]}}
,"/Users/sebastian/Desktop/cigar-accessories-v5/app/(routes)/account/addresses/page.tsx": {"path":"/Users/sebastian/Desktop/cigar-accessories-v5/app/(routes)/account/addresses/page.tsx","statementMap":{"0":{"start":{"line":62,"column":24},"end":{"line":62,"column":null}},"1":{"start":{"line":3,"column":25},"end":{"line":3,"column":null}},"2":{"start":{"line":4,"column":54},"end":{"line":4,"column":null}},"3":{"start":{"line":5,"column":27},"end":{"line":5,"column":null}},"4":{"start":{"line":6,"column":34},"end":{"line":6,"column":null}},"5":{"start":{"line":7,"column":41},"end":{"line":7,"column":null}},"6":{"start":{"line":9,"column":23},"end":{"line":9,"column":null}},"7":{"start":{"line":10,"column":74},"end":{"line":10,"column":null}},"8":{"start":{"line":11,"column":27},"end":{"line":11,"column":null}},"9":{"start":{"line":12,"column":25},"end":{"line":12,"column":null}},"10":{"start":{"line":13,"column":47},"end":{"line":13,"column":null}},"11":{"start":{"line":14,"column":25},"end":{"line":14,"column":null}},"12":{"start":{"line":15,"column":22},"end":{"line":15,"column":null}},"13":{"start":{"line":24,"column":7},"end":{"line":24,"column":null}},"14":{"start":{"line":41,"column":27},"end":{"line":44,"column":null}},"15":{"start":{"line":42,"column":19},"end":{"line":42,"column":null}},"16":{"start":{"line":43,"column":2},"end":{"line":43,"column":null}},"17":{"start":{"line":46,"column":19},"end":{"line":49,"column":null}},"18":{"start":{"line":47,"column":19},"end":{"line":47,"column":null}},"19":{"start":{"line":48,"column":2},"end":{"line":48,"column":null}},"20":{"start":{"line":51,"column":22},"end":{"line":54,"column":null}},"21":{"start":{"line":52,"column":19},"end":{"line":52,"column":null}},"22":{"start":{"line":53,"column":2},"end":{"line":53,"column":null}},"23":{"start":{"line":56,"column":22},"end":{"line":58,"column":null}},"24":{"start":{"line":57,"column":2},"end":{"line":57,"column":null}},"25":{"start":{"line":63,"column":36},"end":{"line":63,"column":null}},"26":{"start":{"line":64,"column":20},"end":{"line":64,"column":null}},"27":{"start":{"line":65,"column":22},"end":{"line":65,"column":null}},"28":{"start":{"line":68,"column":48},"end":{"line":68,"column":null}},"29":{"start":{"line":69,"column":52},"end":{"line":69,"column":null}},"30":{"start":{"line":70,"column":48},"end":{"line":70,"column":80}},"31":{"start":{"line":74,"column":57},"end":{"line":79,"column":null}},"32":{"start":{"line":82,"column":22},"end":{"line":91,"column":null}},"33":{"start":{"line":84,"column":6},"end":{"line":84,"column":null}},"34":{"start":{"line":85,"column":6},"end":{"line":85,"column":null}},"35":{"start":{"line":86,"column":6},"end":{"line":86,"column":null}},"36":{"start":{"line":89,"column":6},"end":{"line":89,"column":null}},"37":{"start":{"line":93,"column":25},"end":{"line":103,"column":null}},"38":{"start":{"line":95,"column":6},"end":{"line":95,"column":null}},"39":{"start":{"line":96,"column":6},"end":{"line":96,"column":null}},"40":{"start":{"line":97,"column":6},"end":{"line":97,"column":null}},"41":{"start":{"line":98,"column":6},"end":{"line":98,"column":null}},"42":{"start":{"line":101,"column":6},"end":{"line":101,"column":null}},"43":{"start":{"line":105,"column":25},"end":{"line":115,"column":null}},"44":{"start":{"line":107,"column":6},"end":{"line":107,"column":null}},"45":{"start":{"line":108,"column":6},"end":{"line":108,"column":null}},"46":{"start":{"line":109,"column":6},"end":{"line":109,"column":null}},"47":{"start":{"line":110,"column":6},"end":{"line":110,"column":null}},"48":{"start":{"line":113,"column":6},"end":{"line":113,"column":null}},"49":{"start":{"line":119,"column":29},"end":{"line":122,"column":null}},"50":{"start":{"line":120,"column":4},"end":{"line":120,"column":30}},"51":{"start":{"line":121,"column":4},"end":{"line":121,"column":null}},"52":{"start":{"line":124,"column":30},"end":{"line":127,"column":null}},"53":{"start":{"line":125,"column":4},"end":{"line":125,"column":null}},"54":{"start":{"line":126,"column":4},"end":{"line":126,"column":null}},"55":{"start":{"line":129,"column":32},"end":{"line":137,"column":null}},"56":{"start":{"line":135,"column":4},"end":{"line":135,"column":null}},"57":{"start":{"line":136,"column":4},"end":{"line":136,"column":null}},"58":{"start":{"line":139,"column":27},"end":{"line":147,"column":null}},"59":{"start":{"line":140,"column":4},"end":{"line":146,"column":null}},"60":{"start":{"line":142,"column":6},"end":{"line":142,"column":null}},"61":{"start":{"line":145,"column":6},"end":{"line":145,"column":null}},"62":{"start":{"line":149,"column":30},"end":{"line":153,"column":null}},"63":{"start":{"line":150,"column":4},"end":{"line":152,"column":null}},"64":{"start":{"line":151,"column":6},"end":{"line":151,"column":null}},"65":{"start":{"line":157,"column":2},"end":{"line":159,"column":null}},"66":{"start":{"line":161,"column":2},"end":{"line":163,"column":null}},"67":{"start":{"line":165,"column":21},"end":{"line":165,"column":98}},"68":{"start":{"line":172,"column":23},"end":{"line":172,"column":null}},"69":{"start":{"line":211,"column":18},"end":{"line":211,"column":41}},"70":{"start":{"line":222,"column":75},"end":{"line":222,"column":105}},"71":{"start":{"line":226,"column":79},"end":{"line":226,"column":111}}},"fnMap":{"0":{"name":"(anonymous_2)","decl":{"start":{"line":41,"column":27},"end":{"line":41,"column":null}},"loc":{"start":{"line":41,"column":27},"end":{"line":44,"column":null}}},"1":{"name":"(anonymous_3)","decl":{"start":{"line":46,"column":19},"end":{"line":46,"column":26}},"loc":{"start":{"line":46,"column":26},"end":{"line":49,"column":null}}},"2":{"name":"(anonymous_4)","decl":{"start":{"line":51,"column":22},"end":{"line":51,"column":29}},"loc":{"start":{"line":51,"column":87},"end":{"line":54,"column":null}}},"3":{"name":"(anonymous_5)","decl":{"start":{"line":56,"column":22},"end":{"line":56,"column":29}},"loc":{"start":{"line":56,"column":29},"end":{"line":58,"column":null}}},"4":{"name":"AddressesPage","decl":{"start":{"line":62,"column":24},"end":{"line":62,"column":null}},"loc":{"start":{"line":62,"column":24},"end":{"line":242,"column":null}}},"5":{"name":"(anonymous_7)","decl":{"start":{"line":83,"column":15},"end":{"line":83,"column":null}},"loc":{"start":{"line":83,"column":15},"end":{"line":87,"column":null}}},"6":{"name":"(anonymous_8)","decl":{"start":{"line":88,"column":13},"end":{"line":88,"column":14}},"loc":{"start":{"line":88,"column":14},"end":{"line":90,"column":null}}},"7":{"name":"(anonymous_9)","decl":{"start":{"line":94,"column":15},"end":{"line":94,"column":null}},"loc":{"start":{"line":94,"column":15},"end":{"line":99,"column":null}}},"8":{"name":"(anonymous_10)","decl":{"start":{"line":100,"column":13},"end":{"line":100,"column":14}},"loc":{"start":{"line":100,"column":14},"end":{"line":102,"column":null}}},"9":{"name":"(anonymous_11)","decl":{"start":{"line":106,"column":15},"end":{"line":106,"column":null}},"loc":{"start":{"line":106,"column":15},"end":{"line":111,"column":null}}},"10":{"name":"(anonymous_12)","decl":{"start":{"line":112,"column":13},"end":{"line":112,"column":14}},"loc":{"start":{"line":112,"column":14},"end":{"line":114,"column":null}}},"11":{"name":"(anonymous_13)","decl":{"start":{"line":119,"column":29},"end":{"line":119,"column":null}},"loc":{"start":{"line":119,"column":29},"end":{"line":122,"column":null}}},"12":{"name":"(anonymous_14)","decl":{"start":{"line":124,"column":30},"end":{"line":124,"column":31}},"loc":{"start":{"line":124,"column":31},"end":{"line":127,"column":null}}},"13":{"name":"(anonymous_15)","decl":{"start":{"line":129,"column":32},"end":{"line":129,"column":33}},"loc":{"start":{"line":129,"column":33},"end":{"line":137,"column":null}}},"14":{"name":"(anonymous_16)","decl":{"start":{"line":139,"column":27},"end":{"line":139,"column":34}},"loc":{"start":{"line":139,"column":34},"end":{"line":147,"column":null}}},"15":{"name":"(anonymous_17)","decl":{"start":{"line":149,"column":30},"end":{"line":149,"column":null}},"loc":{"start":{"line":149,"column":30},"end":{"line":153,"column":null}}},"16":{"name":"(anonymous_18)","decl":{"start":{"line":172,"column":17},"end":{"line":172,"column":23}},"loc":{"start":{"line":172,"column":23},"end":{"line":172,"column":null}}},"17":{"name":"(anonymous_19)","decl":{"start":{"line":210,"column":31},"end":{"line":210,"column":32}},"loc":{"start":{"line":211,"column":18},"end":{"line":211,"column":41}}},"18":{"name":"(anonymous_20)","decl":{"start":{"line":222,"column":69},"end":{"line":222,"column":75}},"loc":{"start":{"line":222,"column":75},"end":{"line":222,"column":105}}},"19":{"name":"(anonymous_21)","decl":{"start":{"line":226,"column":73},"end":{"line":226,"column":79}},"loc":{"start":{"line":226,"column":79},"end":{"line":226,"column":111}}}},"branchMap":{"0":{"loc":{"start":{"line":89,"column":69},"end":{"line":89,"column":102}},"type":"binary-expr","locations":[{"start":{"line":89,"column":69},"end":{"line":89,"column":91}},{"start":{"line":89,"column":91},"end":{"line":89,"column":102}}]},"1":{"loc":{"start":{"line":101,"column":72},"end":{"line":101,"column":105}},"type":"binary-expr","locations":[{"start":{"line":101,"column":72},"end":{"line":101,"column":94}},{"start":{"line":101,"column":94},"end":{"line":101,"column":105}}]},"2":{"loc":{"start":{"line":113,"column":72},"end":{"line":113,"column":105}},"type":"binary-expr","locations":[{"start":{"line":113,"column":72},"end":{"line":113,"column":94}},{"start":{"line":113,"column":94},"end":{"line":113,"column":105}}]},"3":{"loc":{"start":{"line":140,"column":4},"end":{"line":146,"column":null}},"type":"if","locations":[{"start":{"line":140,"column":4},"end":{"line":146,"column":null}},{"start":{"line":143,"column":11},"end":{"line":146,"column":null}}]},"4":{"loc":{"start":{"line":150,"column":4},"end":{"line":152,"column":null}},"type":"if","locations":[{"start":{"line":150,"column":4},"end":{"line":152,"column":null}}]},"5":{"loc":{"start":{"line":157,"column":2},"end":{"line":159,"column":null}},"type":"if","locations":[{"start":{"line":157,"column":2},"end":{"line":159,"column":null}}]},"6":{"loc":{"start":{"line":157,"column":6},"end":{"line":157,"column":73}},"type":"binary-expr","locations":[{"start":{"line":157,"column":6},"end":{"line":157,"column":31}},{"start":{"line":157,"column":31},"end":{"line":157,"column":61}},{"start":{"line":157,"column":61},"end":{"line":157,"column":73}}]},"7":{"loc":{"start":{"line":161,"column":2},"end":{"line":163,"column":null}},"type":"if","locations":[{"start":{"line":161,"column":2},"end":{"line":163,"column":null}}]},"8":{"loc":{"start":{"line":162,"column":65},"end":{"line":162,"column":null}},"type":"cond-expr","locations":[{"start":{"line":162,"column":196},"end":{"line":162,"column":234}},{"start":{"line":162,"column":234},"end":{"line":162,"column":null}}]},"9":{"loc":{"start":{"line":162,"column":65},"end":{"line":162,"column":193}},"type":"binary-expr","locations":[{"start":{"line":162,"column":65},"end":{"line":162,"column":94}},{"start":{"line":162,"column":94},"end":{"line":162,"column":138}},{"start":{"line":162,"column":138},"end":{"line":162,"column":157}},{"start":{"line":162,"column":161},"end":{"line":162,"column":193}}]},"10":{"loc":{"start":{"line":165,"column":21},"end":{"line":165,"column":98}},"type":"binary-expr","locations":[{"start":{"line":165,"column":21},"end":{"line":165,"column":42}},{"start":{"line":165,"column":46},"end":{"line":165,"column":70}},{"start":{"line":165,"column":74},"end":{"line":165,"column":98}}]},"11":{"loc":{"start":{"line":184,"column":26},"end":{"line":184,"column":null}},"type":"cond-expr","locations":[{"start":{"line":184,"column":44},"end":{"line":184,"column":61}},{"start":{"line":184,"column":61},"end":{"line":184,"column":null}}]},"12":{"loc":{"start":{"line":187,"column":25},"end":{"line":187,"column":null}},"type":"binary-expr","locations":[{"start":{"line":187,"column":25},"end":{"line":187,"column":44}},{"start":{"line":187,"column":44},"end":{"line":187,"column":null}}]},"13":{"loc":{"start":{"line":189,"column":26},"end":{"line":189,"column":75}},"type":"binary-expr","locations":[{"start":{"line":189,"column":26},"end":{"line":189,"column":47}},{"start":{"line":189,"column":51},"end":{"line":189,"column":75}}]},"14":{"loc":{"start":{"line":209,"column":14},"end":{"line":235,"column":15}},"type":"cond-expr","locations":[{"start":{"line":209,"column":14},"end":{"line":235,"column":15}}]},"15":{"loc":{"start":{"line":208,"column":13},"end":{"line":208,"column":null}},"type":"binary-expr","locations":[{"start":{"line":208,"column":13},"end":{"line":208,"column":26}},{"start":{"line":208,"column":26},"end":{"line":208,"column":null}}]},"16":{"loc":{"start":{"line":216,"column":25},"end":{"line":216,"column":50}},"type":"binary-expr","locations":[{"start":{"line":216,"column":25},"end":{"line":216,"column":50}}]},"17":{"loc":{"start":{"line":217,"column":25},"end":{"line":217,"column":49}},"type":"binary-expr","locations":[{"start":{"line":217,"column":25},"end":{"line":217,"column":49}}]}},"s":{"0":0,"1":0,"2":0,"3":0,"4":0,"5":0,"6":0,"7":0,"8":0,"9":0,"10":0,"11":0,"12":0,"13":0,"14":0,"15":0,"16":0,"17":0,"18":0,"19":0,"20":0,"21":0,"22":0,"23":0,"24":0,"25":0,"26":0,"27":0,"28":0,"29":0,"30":0,"31":0,"32":0,"33":0,"34":0,"35":0,"36":0,"37":0,"38":0,"39":0,"40":0,"41":0,"42":0,"43":0,"44":0,"45":0,"46":0,"47":0,"48":0,"49":0,"50":0,"51":0,"52":0,"53":0,"54":0,"55":0,"56":0,"57":0,"58":0,"59":0,"60":0,"61":0,"62":0,"63":0,"64":0,"65":0,"66":0,"67":0,"68":0,"69":0,"70":0,"71":0},"f":{"0":0,"1":0,"2":0,"3":0,"4":0,"5":0,"6":0,"7":0,"8":0,"9":0,"10":0,"11":0,"12":0,"13":0,"14":0,"15":0,"16":0,"17":0,"18":0,"19":0},"b":{"0":[0,0],"1":[0,0],"2":[0,0],"3":[0,0],"4":[0],"5":[0],"6":[0,0,0],"7":[0],"8":[0,0],"9":[0,0,0,0],"10":[0,0,0],"11":[0,0],"12":[0,0],"13":[0,0],"14":[0],"15":[0,0],"16":[0],"17":[0]}}
,"/Users/sebastian/Desktop/cigar-accessories-v5/app/(routes)/account/orders/page.tsx": {"path":"/Users/sebastian/Desktop/cigar-accessories-v5/app/(routes)/account/orders/page.tsx","statementMap":{"0":{"start":{"line":78,"column":24},"end":{"line":78,"column":null}},"1":{"start":{"line":3,"column":25},"end":{"line":3,"column":null}},"2":{"start":{"line":4,"column":25},"end":{"line":4,"column":null}},"3":{"start":{"line":5,"column":27},"end":{"line":5,"column":null}},"4":{"start":{"line":6,"column":34},"end":{"line":6,"column":null}},"5":{"start":{"line":7,"column":17},"end":{"line":7,"column":null}},"6":{"start":{"line":8,"column":23},"end":{"line":8,"column":null}},"7":{"start":{"line":9,"column":42},"end":{"line":9,"column":null}},"8":{"start":{"line":11,"column":23},"end":{"line":11,"column":null}},"9":{"start":{"line":12,"column":74},"end":{"line":12,"column":null}},"10":{"start":{"line":13,"column":78},"end":{"line":13,"column":null}},"11":{"start":{"line":14,"column":27},"end":{"line":14,"column":null}},"12":{"start":{"line":15,"column":22},"end":{"line":15,"column":null}},"13":{"start":{"line":33,"column":24},"end":{"line":33,"column":null}},"14":{"start":{"line":36,"column":24},"end":{"line":44,"column":null}},"15":{"start":{"line":37,"column":19},"end":{"line":42,"column":null}},"16":{"start":{"line":43,"column":2},"end":{"line":43,"column":null}},"17":{"start":{"line":47,"column":23},"end":{"line":49,"column":null}},"18":{"start":{"line":48,"column":4},"end":{"line":48,"column":null}},"19":{"start":{"line":52,"column":19},"end":{"line":58,"column":null}},"20":{"start":{"line":53,"column":4},"end":{"line":57,"column":null}},"21":{"start":{"line":54,"column":8},"end":{"line":54,"column":52}},"22":{"start":{"line":56,"column":8},"end":{"line":56,"column":null}},"23":{"start":{"line":61,"column":25},"end":{"line":75,"column":null}},"24":{"start":{"line":62,"column":4},"end":{"line":74,"column":null}},"25":{"start":{"line":65,"column":12},"end":{"line":65,"column":null}},"26":{"start":{"line":67,"column":12},"end":{"line":67,"column":30}},"27":{"start":{"line":69,"column":12},"end":{"line":69,"column":30}},"28":{"start":{"line":71,"column":12},"end":{"line":71,"column":null}},"29":{"start":{"line":73,"column":12},"end":{"line":73,"column":null}},"30":{"start":{"line":79,"column":36},"end":{"line":79,"column":null}},"31":{"start":{"line":80,"column":40},"end":{"line":80,"column":null}},"32":{"start":{"line":82,"column":74},"end":{"line":88,"column":null}},"33":{"start":{"line":84,"column":10},"end":{"line":84,"column":null}},"34":{"start":{"line":91,"column":17},"end":{"line":91,"column":41}},"35":{"start":{"line":92,"column":21},"end":{"line":92,"column":null}},"36":{"start":{"line":94,"column":2},"end":{"line":97,"column":null}},"37":{"start":{"line":99,"column":2},"end":{"line":101,"column":null}},"38":{"start":{"line":125,"column":20},"end":{"line":125,"column":null}},"39":{"start":{"line":148,"column":36},"end":{"line":148,"column":null}},"40":{"start":{"line":148,"column":61},"end":{"line":148,"column":null}},"41":{"start":{"line":159,"column":36},"end":{"line":159,"column":null}},"42":{"start":{"line":159,"column":61},"end":{"line":159,"column":null}}},"fnMap":{"0":{"name":"(anonymous_2)","decl":{"start":{"line":36,"column":24},"end":{"line":36,"column":31}},"loc":{"start":{"line":36,"column":31},"end":{"line":44,"column":null}}},"1":{"name":"(anonymous_3)","decl":{"start":{"line":47,"column":23},"end":{"line":47,"column":24}},"loc":{"start":{"line":47,"column":24},"end":{"line":49,"column":null}}},"2":{"name":"(anonymous_4)","decl":{"start":{"line":52,"column":19},"end":{"line":52,"column":20}},"loc":{"start":{"line":52,"column":20},"end":{"line":58,"column":null}}},"3":{"name":"(anonymous_5)","decl":{"start":{"line":61,"column":25},"end":{"line":61,"column":26}},"loc":{"start":{"line":61,"column":26},"end":{"line":75,"column":null}}},"4":{"name":"OrdersPage","decl":{"start":{"line":78,"column":24},"end":{"line":78,"column":null}},"loc":{"start":{"line":78,"column":24},"end":{"line":174,"column":null}}},"5":{"name":"(anonymous_7)","decl":{"start":{"line":84,"column":4},"end":{"line":84,"column":10}},"loc":{"start":{"line":84,"column":10},"end":{"line":84,"column":null}}},"6":{"name":"(anonymous_8)","decl":{"start":{"line":124,"column":30},"end":{"line":124,"column":31}},"loc":{"start":{"line":125,"column":20},"end":{"line":125,"column":null}}},"7":{"name":"(anonymous_9)","decl":{"start":{"line":148,"column":30},"end":{"line":148,"column":36}},"loc":{"start":{"line":148,"column":36},"end":{"line":148,"column":null}}},"8":{"name":"(anonymous_10)","decl":{"start":{"line":148,"column":51},"end":{"line":148,"column":52}},"loc":{"start":{"line":148,"column":61},"end":{"line":148,"column":null}}},"9":{"name":"(anonymous_11)","decl":{"start":{"line":159,"column":30},"end":{"line":159,"column":36}},"loc":{"start":{"line":159,"column":36},"end":{"line":159,"column":null}}},"10":{"name":"(anonymous_12)","decl":{"start":{"line":159,"column":51},"end":{"line":159,"column":52}},"loc":{"start":{"line":159,"column":61},"end":{"line":159,"column":null}}}},"branchMap":{"0":{"loc":{"start":{"line":62,"column":4},"end":{"line":74,"column":null}},"type":"switch","locations":[{"start":{"line":63,"column":8},"end":{"line":63,"column":null}},{"start":{"line":64,"column":8},"end":{"line":65,"column":null}},{"start":{"line":66,"column":8},"end":{"line":67,"column":30}},{"start":{"line":68,"column":8},"end":{"line":69,"column":30}},{"start":{"line":70,"column":8},"end":{"line":71,"column":null}},{"start":{"line":72,"column":8},"end":{"line":73,"column":null}}]},"1":{"loc":{"start":{"line":91,"column":17},"end":{"line":91,"column":41}},"type":"binary-expr","locations":[{"start":{"line":91,"column":17},"end":{"line":91,"column":39}},{"start":{"line":91,"column":39},"end":{"line":91,"column":41}}]},"2":{"loc":{"start":{"line":92,"column":21},"end":{"line":92,"column":null}},"type":"binary-expr","locations":[{"start":{"line":92,"column":21},"end":{"line":92,"column":47}},{"start":{"line":92,"column":47},"end":{"line":92,"column":null}}]},"3":{"loc":{"start":{"line":94,"column":2},"end":{"line":97,"column":null}},"type":"if","locations":[{"start":{"line":94,"column":2},"end":{"line":97,"column":null}}]},"4":{"loc":{"start":{"line":94,"column":6},"end":{"line":94,"column":92}},"type":"binary-expr","locations":[{"start":{"line":94,"column":6},"end":{"line":94,"column":31}},{"start":{"line":94,"column":31},"end":{"line":94,"column":61}},{"start":{"line":94,"column":61},"end":{"line":94,"column":74}},{"start":{"line":94,"column":74},"end":{"line":94,"column":92}}]},"5":{"loc":{"start":{"line":99,"column":2},"end":{"line":101,"column":null}},"type":"if","locations":[{"start":{"line":99,"column":2},"end":{"line":101,"column":null}}]},"6":{"loc":{"start":{"line":100,"column":62},"end":{"line":100,"column":null}},"type":"cond-expr","locations":[{"start":{"line":100,"column":193},"end":{"line":100,"column":231}},{"start":{"line":100,"column":231},"end":{"line":100,"column":null}}]},"7":{"loc":{"start":{"line":100,"column":62},"end":{"line":100,"column":190}},"type":"binary-expr","locations":[{"start":{"line":100,"column":62},"end":{"line":100,"column":91}},{"start":{"line":100,"column":91},"end":{"line":100,"column":135}},{"start":{"line":100,"column":135},"end":{"line":100,"column":154}},{"start":{"line":100,"column":158},"end":{"line":100,"column":190}}]},"8":{"loc":{"start":{"line":112,"column":12},"end":{"line":168,"column":13}},"type":"cond-expr","locations":[{"start":{"line":112,"column":12},"end":{"line":168,"column":13}}]},"9":{"loc":{"start":{"line":143,"column":15},"end":{"line":143,"column":null}},"type":"binary-expr","locations":[{"start":{"line":143,"column":15},"end":{"line":143,"column":null}}]},"10":{"loc":{"start":{"line":149,"column":31},"end":{"line":149,"column":null}},"type":"binary-expr","locations":[{"start":{"line":149,"column":31},"end":{"line":149,"column":52}},{"start":{"line":149,"column":52},"end":{"line":149,"column":null}}]},"11":{"loc":{"start":{"line":160,"column":31},"end":{"line":160,"column":null}},"type":"binary-expr","locations":[{"start":{"line":160,"column":31},"end":{"line":160,"column":61}},{"start":{"line":160,"column":61},"end":{"line":160,"column":null}}]}},"s":{"0":0,"1":0,"2":0,"3":0,"4":0,"5":0,"6":0,"7":0,"8":0,"9":0,"10":0,"11":0,"12":0,"13":0,"14":0,"15":0,"16":0,"17":0,"18":0,"19":0,"20":0,"21":0,"22":0,"23":0,"24":0,"25":0,"26":0,"27":0,"28":0,"29":0,"30":0,"31":0,"32":0,"33":0,"34":0,"35":0,"36":0,"37":0,"38":0,"39":0,"40":0,"41":0,"42":0},"f":{"0":0,"1":0,"2":0,"3":0,"4":0,"5":0,"6":0,"7":0,"8":0,"9":0,"10":0},"b":{"0":[0,0,0,0,0,0],"1":[0,0],"2":[0,0],"3":[0],"4":[0,0,0,0],"5":[0],"6":[0,0],"7":[0,0,0,0],"8":[0],"9":[0],"10":[0,0],"11":[0,0]}}
,"/Users/sebastian/Desktop/cigar-accessories-v5/app/(routes)/account/orders/[id]/page.tsx": {"path":"/Users/sebastian/Desktop/cigar-accessories-v5/app/(routes)/account/orders/[id]/page.tsx","statementMap":{"0":{"start":{"line":89,"column":24},"end":{"line":89,"column":null}},"1":{"start":{"line":3,"column":25},"end":{"line":3,"column":null}},"2":{"start":{"line":4,"column":27},"end":{"line":4,"column":null}},"3":{"start":{"line":5,"column":36},"end":{"line":5,"column":null}},"4":{"start":{"line":6,"column":34},"end":{"line":6,"column":null}},"5":{"start":{"line":7,"column":23},"end":{"line":7,"column":null}},"6":{"start":{"line":8,"column":17},"end":{"line":8,"column":null}},"7":{"start":{"line":9,"column":18},"end":{"line":9,"column":null}},"8":{"start":{"line":11,"column":23},"end":{"line":11,"column":null}},"9":{"start":{"line":12,"column":74},"end":{"line":12,"column":null}},"10":{"start":{"line":13,"column":78},"end":{"line":13,"column":null}},"11":{"start":{"line":14,"column":27},"end":{"line":14,"column":null}},"12":{"start":{"line":15,"column":22},"end":{"line":15,"column":null}},"13":{"start":{"line":16,"column":26},"end":{"line":16,"column":null}},"14":{"start":{"line":53,"column":26},"end":{"line":56,"column":null}},"15":{"start":{"line":54,"column":19},"end":{"line":54,"column":null}},"16":{"start":{"line":55,"column":2},"end":{"line":55,"column":null}},"17":{"start":{"line":59,"column":23},"end":{"line":61,"column":null}},"18":{"start":{"line":60,"column":4},"end":{"line":60,"column":null}},"19":{"start":{"line":64,"column":19},"end":{"line":70,"column":null}},"20":{"start":{"line":65,"column":4},"end":{"line":69,"column":null}},"21":{"start":{"line":66,"column":8},"end":{"line":66,"column":54}},"22":{"start":{"line":68,"column":8},"end":{"line":68,"column":null}},"23":{"start":{"line":73,"column":25},"end":{"line":87,"column":null}},"24":{"start":{"line":74,"column":4},"end":{"line":86,"column":null}},"25":{"start":{"line":77,"column":12},"end":{"line":77,"column":null}},"26":{"start":{"line":79,"column":12},"end":{"line":79,"column":null}},"27":{"start":{"line":81,"column":12},"end":{"line":81,"column":null}},"28":{"start":{"line":83,"column":12},"end":{"line":83,"column":null}},"29":{"start":{"line":85,"column":12},"end":{"line":85,"column":null}},"30":{"start":{"line":90,"column":36},"end":{"line":90,"column":null}},"31":{"start":{"line":91,"column":17},"end":{"line":91,"column":null}},"32":{"start":{"line":92,"column":18},"end":{"line":92,"column":null}},"33":{"start":{"line":94,"column":53},"end":{"line":100,"column":null}},"34":{"start":{"line":96,"column":10},"end":{"line":96,"column":null}},"35":{"start":{"line":103,"column":2},"end":{"line":105,"column":null}},"36":{"start":{"line":108,"column":2},"end":{"line":114,"column":null}},"37":{"start":{"line":109,"column":4},"end":{"line":111,"column":null}},"38":{"start":{"line":110,"column":6},"end":{"line":110,"column":18}},"39":{"start":{"line":116,"column":2},"end":{"line":119,"column":null}},"40":{"start":{"line":152,"column":18},"end":{"line":152,"column":null}}},"fnMap":{"0":{"name":"(anonymous_2)","decl":{"start":{"line":53,"column":26},"end":{"line":53,"column":33}},"loc":{"start":{"line":53,"column":33},"end":{"line":56,"column":null}}},"1":{"name":"(anonymous_3)","decl":{"start":{"line":59,"column":23},"end":{"line":59,"column":24}},"loc":{"start":{"line":59,"column":24},"end":{"line":61,"column":null}}},"2":{"name":"(anonymous_4)","decl":{"start":{"line":64,"column":19},"end":{"line":64,"column":20}},"loc":{"start":{"line":64,"column":20},"end":{"line":70,"column":null}}},"3":{"name":"(anonymous_5)","decl":{"start":{"line":73,"column":25},"end":{"line":73,"column":26}},"loc":{"start":{"line":73,"column":26},"end":{"line":87,"column":null}}},"4":{"name":"OrderDetailPage","decl":{"start":{"line":89,"column":24},"end":{"line":89,"column":null}},"loc":{"start":{"line":89,"column":24},"end":{"line":218,"column":null}}},"5":{"name":"(anonymous_7)","decl":{"start":{"line":96,"column":4},"end":{"line":96,"column":10}},"loc":{"start":{"line":96,"column":10},"end":{"line":96,"column":null}}},"6":{"name":"(anonymous_8)","decl":{"start":{"line":151,"column":33},"end":{"line":151,"column":34}},"loc":{"start":{"line":152,"column":18},"end":{"line":152,"column":null}}}},"branchMap":{"0":{"loc":{"start":{"line":74,"column":4},"end":{"line":86,"column":null}},"type":"switch","locations":[{"start":{"line":75,"column":8},"end":{"line":75,"column":null}},{"start":{"line":76,"column":8},"end":{"line":77,"column":null}},{"start":{"line":78,"column":8},"end":{"line":79,"column":null}},{"start":{"line":80,"column":8},"end":{"line":81,"column":null}},{"start":{"line":82,"column":8},"end":{"line":83,"column":null}},{"start":{"line":84,"column":8},"end":{"line":85,"column":null}}]},"1":{"loc":{"start":{"line":98,"column":15},"end":{"line":98,"column":null}},"type":"binary-expr","locations":[{"start":{"line":98,"column":15},"end":{"line":98,"column":45}},{"start":{"line":98,"column":45},"end":{"line":98,"column":null}}]},"2":{"loc":{"start":{"line":103,"column":2},"end":{"line":105,"column":null}},"type":"if","locations":[{"start":{"line":103,"column":2},"end":{"line":105,"column":null}}]},"3":{"loc":{"start":{"line":103,"column":6},"end":{"line":103,"column":73}},"type":"binary-expr","locations":[{"start":{"line":103,"column":6},"end":{"line":103,"column":31}},{"start":{"line":103,"column":31},"end":{"line":103,"column":61}},{"start":{"line":103,"column":61},"end":{"line":103,"column":73}}]},"4":{"loc":{"start":{"line":108,"column":2},"end":{"line":114,"column":null}},"type":"if","locations":[{"start":{"line":108,"column":2},"end":{"line":114,"column":null}}]},"5":{"loc":{"start":{"line":109,"column":4},"end":{"line":111,"column":null}},"type":"if","locations":[{"start":{"line":109,"column":4},"end":{"line":111,"column":null}}]},"6":{"loc":{"start":{"line":109,"column":8},"end":{"line":109,"column":69}},"type":"binary-expr","locations":[{"start":{"line":109,"column":8},"end":{"line":109,"column":37}},{"start":{"line":109,"column":37},"end":{"line":109,"column":69}}]},"7":{"loc":{"start":{"line":113,"column":61},"end":{"line":113,"column":null}},"type":"cond-expr","locations":[{"start":{"line":113,"column":192},"end":{"line":113,"column":230}},{"start":{"line":113,"column":230},"end":{"line":113,"column":null}}]},"8":{"loc":{"start":{"line":113,"column":61},"end":{"line":113,"column":189}},"type":"binary-expr","locations":[{"start":{"line":113,"column":61},"end":{"line":113,"column":90}},{"start":{"line":113,"column":90},"end":{"line":113,"column":134}},{"start":{"line":113,"column":134},"end":{"line":113,"column":153}},{"start":{"line":113,"column":157},"end":{"line":113,"column":189}}]},"9":{"loc":{"start":{"line":116,"column":2},"end":{"line":119,"column":null}},"type":"if","locations":[{"start":{"line":116,"column":2},"end":{"line":119,"column":null}}]},"10":{"loc":{"start":{"line":155,"column":29},"end":{"line":155,"column":null}},"type":"binary-expr","locations":[{"start":{"line":155,"column":29},"end":{"line":155,"column":47}},{"start":{"line":155,"column":51},"end":{"line":155,"column":null}}]},"11":{"loc":{"start":{"line":181,"column":13},"end":{"line":181,"column":34}},"type":"binary-expr","locations":[{"start":{"line":181,"column":13},"end":{"line":181,"column":34}}]},"12":{"loc":{"start":{"line":194,"column":28},"end":{"line":194,"column":null}},"type":"cond-expr","locations":[{"start":{"line":194,"column":53},"end":{"line":194,"column":72}},{"start":{"line":194,"column":72},"end":{"line":194,"column":null}}]}},"s":{"0":0,"1":0,"2":0,"3":0,"4":0,"5":0,"6":0,"7":0,"8":0,"9":0,"10":0,"11":0,"12":0,"13":0,"14":0,"15":0,"16":0,"17":0,"18":0,"19":0,"20":0,"21":0,"22":0,"23":0,"24":0,"25":0,"26":0,"27":0,"28":0,"29":0,"30":0,"31":0,"32":0,"33":0,"34":0,"35":0,"36":0,"37":0,"38":0,"39":0,"40":0},"f":{"0":0,"1":0,"2":0,"3":0,"4":0,"5":0,"6":0},"b":{"0":[0,0,0,0,0,0],"1":[0,0],"2":[0],"3":[0,0,0],"4":[0],"5":[0],"6":[0,0],"7":[0,0],"8":[0,0,0,0],"9":[0],"10":[0,0],"11":[0],"12":[0,0]}}
,"/Users/sebastian/Desktop/cigar-accessories-v5/app/(routes)/account/orders/[orderId]/page.tsx": {"path":"/Users/sebastian/Desktop/cigar-accessories-v5/app/(routes)/account/orders/[orderId]/page.tsx","statementMap":{"0":{"start":{"line":180,"column":0},"end":{"line":180,"column":15}},"1":{"start":{"line":1,"column":28},"end":{"line":1,"column":null}},"2":{"start":{"line":2,"column":22},"end":{"line":2,"column":null}},"3":{"start":{"line":3,"column":57},"end":{"line":3,"column":null}},"4":{"start":{"line":4,"column":26},"end":{"line":4,"column":null}},"5":{"start":{"line":5,"column":78},"end":{"line":5,"column":null}},"6":{"start":{"line":6,"column":23},"end":{"line":6,"column":null}},"7":{"start":{"line":7,"column":28},"end":{"line":7,"column":null}},"8":{"start":{"line":8,"column":33},"end":{"line":8,"column":null}},"9":{"start":{"line":9,"column":52},"end":{"line":9,"column":null}},"10":{"start":{"line":10,"column":35},"end":{"line":10,"column":null}},"11":{"start":{"line":11,"column":18},"end":{"line":11,"column":null}},"12":{"start":{"line":19,"column":24},"end":{"line":178,"column":null}},"13":{"start":{"line":20,"column":20},"end":{"line":20,"column":null}},"14":{"start":{"line":22,"column":4},"end":{"line":25,"column":null}},"15":{"start":{"line":24,"column":8},"end":{"line":24,"column":66}},"16":{"start":{"line":27,"column":24},"end":{"line":27,"column":null}},"17":{"start":{"line":29,"column":4},"end":{"line":31,"column":null}},"18":{"start":{"line":30,"column":8},"end":{"line":30,"column":20}},"19":{"start":{"line":33,"column":18},"end":{"line":49,"column":null}},"20":{"start":{"line":52,"column":4},"end":{"line":54,"column":null}},"21":{"start":{"line":53,"column":8},"end":{"line":53,"column":null}},"22":{"start":{"line":59,"column":21},"end":{"line":62,"column":null}},"23":{"start":{"line":60,"column":31},"end":{"line":60,"column":63}},"24":{"start":{"line":61,"column":8},"end":{"line":61,"column":null}},"25":{"start":{"line":66,"column":23},"end":{"line":66,"column":null}},"26":{"start":{"line":108,"column":32},"end":{"line":108,"column":null}},"27":{"start":{"line":180,"column":15},"end":{"line":180,"column":null}}},"fnMap":{"0":{"name":"(anonymous_2)","decl":{"start":{"line":19,"column":24},"end":{"line":19,"column":31}},"loc":{"start":{"line":19,"column":63},"end":{"line":178,"column":null}}},"1":{"name":"(anonymous_3)","decl":{"start":{"line":59,"column":45},"end":{"line":59,"column":46}},"loc":{"start":{"line":59,"column":51},"end":{"line":62,"column":7}}},"2":{"name":"(anonymous_4)","decl":{"start":{"line":107,"column":50},"end":{"line":107,"column":51}},"loc":{"start":{"line":108,"column":32},"end":{"line":108,"column":null}}}},"branchMap":{"0":{"loc":{"start":{"line":22,"column":4},"end":{"line":25,"column":null}},"type":"if","locations":[{"start":{"line":22,"column":4},"end":{"line":25,"column":null}}]},"1":{"loc":{"start":{"line":29,"column":4},"end":{"line":31,"column":null}},"type":"if","locations":[{"start":{"line":29,"column":4},"end":{"line":31,"column":null}}]},"2":{"loc":{"start":{"line":52,"column":4},"end":{"line":54,"column":null}},"type":"if","locations":[{"start":{"line":52,"column":4},"end":{"line":54,"column":null}}]},"3":{"loc":{"start":{"line":66,"column":23},"end":{"line":66,"column":null}},"type":"cond-expr","locations":[{"start":{"line":66,"column":47},"end":{"line":66,"column":101}},{"start":{"line":66,"column":101},"end":{"line":66,"column":null}}]},"4":{"loc":{"start":{"line":80,"column":40},"end":{"line":80,"column":null}},"type":"cond-expr","locations":[{"start":{"line":80,"column":71},"end":{"line":80,"column":87}},{"start":{"line":80,"column":87},"end":{"line":80,"column":null}}]},"5":{"loc":{"start":{"line":80,"column":87},"end":{"line":80,"column":null}},"type":"cond-expr","locations":[{"start":{"line":80,"column":118},"end":{"line":80,"column":130}},{"start":{"line":80,"column":130},"end":{"line":80,"column":null}}]},"6":{"loc":{"start":{"line":109,"column":48},"end":{"line":109,"column":null}},"type":"binary-expr","locations":[{"start":{"line":109,"column":48},"end":{"line":109,"column":70}},{"start":{"line":109,"column":70},"end":{"line":109,"column":null}}]},"7":{"loc":{"start":{"line":127,"column":28},"end":{"line":135,"column":29}},"type":"cond-expr","locations":[{"start":{"line":127,"column":28},"end":{"line":135,"column":29}}]},"8":{"loc":{"start":{"line":129,"column":33},"end":{"line":129,"column":60}},"type":"binary-expr","locations":[{"start":{"line":129,"column":33},"end":{"line":129,"column":60}}]},"9":{"loc":{"start":{"line":144,"column":25},"end":{"line":153,"column":122}},"type":"cond-expr","locations":[{"start":{"line":145,"column":29},"end":{"line":153,"column":29}},{"start":{"line":153,"column":28},"end":{"line":153,"column":122}}]},"10":{"loc":{"start":{"line":147,"column":33},"end":{"line":147,"column":59}},"type":"binary-expr","locations":[{"start":{"line":147,"column":33},"end":{"line":147,"column":59}}]}},"s":{"0":0,"1":0,"2":0,"3":0,"4":0,"5":0,"6":0,"7":0,"8":0,"9":0,"10":0,"11":0,"12":0,"13":0,"14":0,"15":0,"16":0,"17":0,"18":0,"19":0,"20":0,"21":0,"22":0,"23":0,"24":0,"25":0,"26":0,"27":0},"f":{"0":0,"1":0,"2":0},"b":{"0":[0],"1":[0],"2":[0],"3":[0,0],"4":[0,0],"5":[0,0],"6":[0,0],"7":[0],"8":[0],"9":[0,0],"10":[0]}}
,"/Users/sebastian/Desktop/cigar-accessories-v5/app/(routes)/account/profile/page.tsx": {"path":"/Users/sebastian/Desktop/cigar-accessories-v5/app/(routes)/account/profile/page.tsx","statementMap":{"0":{"start":{"line":44,"column":24},"end":{"line":44,"column":null}},"1":{"start":{"line":3,"column":36},"end":{"line":3,"column":null}},"2":{"start":{"line":4,"column":27},"end":{"line":4,"column":null}},"3":{"start":{"line":5,"column":24},"end":{"line":5,"column":null}},"4":{"start":{"line":6,"column":28},"end":{"line":6,"column":null}},"5":{"start":{"line":7,"column":19},"end":{"line":7,"column":null}},"6":{"start":{"line":8,"column":18},"end":{"line":8,"column":null}},"7":{"start":{"line":9,"column":23},"end":{"line":9,"column":null}},"8":{"start":{"line":16,"column":7},"end":{"line":16,"column":null}},"9":{"start":{"line":17,"column":22},"end":{"line":17,"column":null}},"10":{"start":{"line":18,"column":22},"end":{"line":18,"column":null}},"11":{"start":{"line":19,"column":25},"end":{"line":19,"column":null}},"12":{"start":{"line":27,"column":7},"end":{"line":27,"column":null}},"13":{"start":{"line":28,"column":25},"end":{"line":28,"column":null}},"14":{"start":{"line":31,"column":22},"end":{"line":33,"column":null}},"15":{"start":{"line":45,"column":44},"end":{"line":45,"column":null}},"16":{"start":{"line":46,"column":20},"end":{"line":46,"column":null}},"17":{"start":{"line":47,"column":34},"end":{"line":47,"column":null}},"18":{"start":{"line":48,"column":36},"end":{"line":48,"column":null}},"19":{"start":{"line":49,"column":42},"end":{"line":49,"column":null}},"20":{"start":{"line":51,"column":15},"end":{"line":56,"column":null}},"21":{"start":{"line":59,"column":2},"end":{"line":86,"column":null}},"22":{"start":{"line":60,"column":26},"end":{"line":83,"column":null}},"23":{"start":{"line":61,"column":6},"end":{"line":81,"column":null}},"24":{"start":{"line":62,"column":8},"end":{"line":62,"column":null}},"25":{"start":{"line":63,"column":8},"end":{"line":76,"column":null}},"26":{"start":{"line":64,"column":27},"end":{"line":64,"column":null}},"27":{"start":{"line":65,"column":10},"end":{"line":65,"column":null}},"28":{"start":{"line":66,"column":10},"end":{"line":66,"column":58}},"29":{"start":{"line":68,"column":10},"end":{"line":68,"column":null}},"30":{"start":{"line":69,"column":10},"end":{"line":73,"column":null}},"31":{"start":{"line":75,"column":10},"end":{"line":75,"column":null}},"32":{"start":{"line":77,"column":13},"end":{"line":81,"column":null}},"33":{"start":{"line":80,"column":8},"end":{"line":80,"column":null}},"34":{"start":{"line":85,"column":4},"end":{"line":85,"column":null}},"35":{"start":{"line":89,"column":19},"end":{"line":113,"column":null}},"36":{"start":{"line":90,"column":4},"end":{"line":90,"column":null}},"37":{"start":{"line":91,"column":4},"end":{"line":112,"column":null}},"38":{"start":{"line":92,"column":23},"end":{"line":92,"column":null}},"39":{"start":{"line":93,"column":6},"end":{"line":93,"column":34}},"40":{"start":{"line":94,"column":6},"end":{"line":94,"column":54}},"41":{"start":{"line":97,"column":6},"end":{"line":97,"column":null}},"42":{"start":{"line":99,"column":6},"end":{"line":102,"column":null}},"43":{"start":{"line":104,"column":6},"end":{"line":104,"column":null}},"44":{"start":{"line":105,"column":6},"end":{"line":109,"column":null}},"45":{"start":{"line":111,"column":6},"end":{"line":111,"column":null}},"46":{"start":{"line":115,"column":2},"end":{"line":135,"column":null}},"47":{"start":{"line":137,"column":2},"end":{"line":140,"column":null}}},"fnMap":{"0":{"name":"ProfilePage","decl":{"start":{"line":44,"column":24},"end":{"line":44,"column":null}},"loc":{"start":{"line":44,"column":24},"end":{"line":180,"column":null}}},"1":{"name":"(anonymous_6)","decl":{"start":{"line":59,"column":12},"end":{"line":59,"column":null}},"loc":{"start":{"line":59,"column":12},"end":{"line":86,"column":5}}},"2":{"name":"(anonymous_7)","decl":{"start":{"line":60,"column":26},"end":{"line":60,"column":null}},"loc":{"start":{"line":60,"column":26},"end":{"line":83,"column":null}}},"3":{"name":"(anonymous_8)","decl":{"start":{"line":89,"column":19},"end":{"line":89,"column":26}},"loc":{"start":{"line":89,"column":26},"end":{"line":113,"column":null}}}},"branchMap":{"0":{"loc":{"start":{"line":61,"column":6},"end":{"line":81,"column":null}},"type":"if","locations":[{"start":{"line":61,"column":6},"end":{"line":81,"column":null}},{"start":{"line":77,"column":13},"end":{"line":81,"column":null}}]},"1":{"loc":{"start":{"line":66,"column":29},"end":{"line":66,"column":54}},"type":"binary-expr","locations":[{"start":{"line":66,"column":29},"end":{"line":66,"column":47}},{"start":{"line":66,"column":51},"end":{"line":66,"column":54}}]},"2":{"loc":{"start":{"line":77,"column":13},"end":{"line":81,"column":null}},"type":"if","locations":[{"start":{"line":77,"column":13},"end":{"line":81,"column":null}}]},"3":{"loc":{"start":{"line":94,"column":25},"end":{"line":94,"column":50}},"type":"binary-expr","locations":[{"start":{"line":94,"column":25},"end":{"line":94,"column":43}},{"start":{"line":94,"column":47},"end":{"line":94,"column":50}}]},"4":{"loc":{"start":{"line":115,"column":2},"end":{"line":135,"column":null}},"type":"if","locations":[{"start":{"line":115,"column":2},"end":{"line":135,"column":null}}]},"5":{"loc":{"start":{"line":115,"column":6},"end":{"line":115,"column":41}},"type":"binary-expr","locations":[{"start":{"line":115,"column":6},"end":{"line":115,"column":30}},{"start":{"line":115,"column":30},"end":{"line":115,"column":41}}]},"6":{"loc":{"start":{"line":137,"column":2},"end":{"line":140,"column":null}},"type":"if","locations":[{"start":{"line":137,"column":2},"end":{"line":140,"column":null}}]},"7":{"loc":{"start":{"line":137,"column":6},"end":{"line":137,"column":29}},"type":"binary-expr","locations":[{"start":{"line":137,"column":6},"end":{"line":137,"column":18}},{"start":{"line":137,"column":18},"end":{"line":137,"column":29}}]},"8":{"loc":{"start":{"line":154,"column":39},"end":{"line":154,"column":64}},"type":"binary-expr","locations":[{"start":{"line":154,"column":39},"end":{"line":154,"column":53}},{"start":{"line":154,"column":57},"end":{"line":154,"column":64}}]},"9":{"loc":{"start":{"line":172,"column":44},"end":{"line":172,"column":83}},"type":"binary-expr","locations":[{"start":{"line":172,"column":44},"end":{"line":172,"column":60}},{"start":{"line":172,"column":60},"end":{"line":172,"column":83}}]},"10":{"loc":{"start":{"line":173,"column":15},"end":{"line":173,"column":null}},"type":"cond-expr","locations":[{"start":{"line":173,"column":30},"end":{"line":173,"column":44}},{"start":{"line":173,"column":44},"end":{"line":173,"column":null}}]}},"s":{"0":0,"1":0,"2":0,"3":0,"4":0,"5":0,"6":0,"7":0,"8":0,"9":0,"10":0,"11":0,"12":0,"13":0,"14":0,"15":0,"16":0,"17":0,"18":0,"19":0,"20":0,"21":0,"22":0,"23":0,"24":0,"25":0,"26":0,"27":0,"28":0,"29":0,"30":0,"31":0,"32":0,"33":0,"34":0,"35":0,"36":0,"37":0,"38":0,"39":0,"40":0,"41":0,"42":0,"43":0,"44":0,"45":0,"46":0,"47":0},"f":{"0":0,"1":0,"2":0,"3":0},"b":{"0":[0,0],"1":[0,0],"2":[0],"3":[0,0],"4":[0],"5":[0,0],"6":[0],"7":[0,0],"8":[0,0],"9":[0,0],"10":[0,0]}}
,"/Users/sebastian/Desktop/cigar-accessories-v5/app/(routes)/account/reviews/page.tsx": {"path":"/Users/sebastian/Desktop/cigar-accessories-v5/app/(routes)/account/reviews/page.tsx","statementMap":{"0":{"start":{"line":47,"column":24},"end":{"line":47,"column":null}},"1":{"start":{"line":3,"column":25},"end":{"line":3,"column":null}},"2":{"start":{"line":4,"column":54},"end":{"line":4,"column":null}},"3":{"start":{"line":5,"column":27},"end":{"line":5,"column":null}},"4":{"start":{"line":6,"column":34},"end":{"line":6,"column":null}},"5":{"start":{"line":7,"column":17},"end":{"line":7,"column":null}},"6":{"start":{"line":8,"column":23},"end":{"line":8,"column":null}},"7":{"start":{"line":9,"column":47},"end":{"line":9,"column":null}},"8":{"start":{"line":11,"column":23},"end":{"line":11,"column":null}},"9":{"start":{"line":12,"column":74},"end":{"line":12,"column":null}},"10":{"start":{"line":13,"column":27},"end":{"line":13,"column":null}},"11":{"start":{"line":14,"column":25},"end":{"line":14,"column":null}},"12":{"start":{"line":35,"column":25},"end":{"line":40,"column":null}},"13":{"start":{"line":38,"column":19},"end":{"line":38,"column":null}},"14":{"start":{"line":39,"column":2},"end":{"line":39,"column":null}},"15":{"start":{"line":43,"column":21},"end":{"line":45,"column":null}},"16":{"start":{"line":44,"column":4},"end":{"line":44,"column":null}},"17":{"start":{"line":48,"column":36},"end":{"line":48,"column":null}},"18":{"start":{"line":49,"column":22},"end":{"line":49,"column":null}},"19":{"start":{"line":50,"column":20},"end":{"line":50,"column":null}},"20":{"start":{"line":53,"column":48},"end":{"line":53,"column":null}},"21":{"start":{"line":54,"column":52},"end":{"line":54,"column":null}},"22":{"start":{"line":55,"column":46},"end":{"line":55,"column":null}},"23":{"start":{"line":57,"column":55},"end":{"line":62,"column":null}},"24":{"start":{"line":66,"column":25},"end":{"line":80,"column":null}},"25":{"start":{"line":68,"column":10},"end":{"line":68,"column":null}},"26":{"start":{"line":69,"column":10},"end":{"line":69,"column":null}},"27":{"start":{"line":70,"column":10},"end":{"line":70,"column":null}},"28":{"start":{"line":71,"column":10},"end":{"line":71,"column":null}},"29":{"start":{"line":74,"column":10},"end":{"line":78,"column":null}},"30":{"start":{"line":84,"column":26},"end":{"line":89,"column":null}},"31":{"start":{"line":88,"column":4},"end":{"line":88,"column":null}},"32":{"start":{"line":91,"column":27},"end":{"line":95,"column":null}},"33":{"start":{"line":94,"column":5},"end":{"line":94,"column":null}},"34":{"start":{"line":97,"column":29},"end":{"line":102,"column":null}},"35":{"start":{"line":98,"column":5},"end":{"line":98,"column":null}},"36":{"start":{"line":99,"column":5},"end":{"line":99,"column":33}},"37":{"start":{"line":104,"column":24},"end":{"line":108,"column":null}},"38":{"start":{"line":105,"column":6},"end":{"line":107,"column":null}},"39":{"start":{"line":106,"column":10},"end":{"line":106,"column":null}},"40":{"start":{"line":111,"column":21},"end":{"line":117,"column":null}},"41":{"start":{"line":112,"column":6},"end":{"line":116,"column":null}},"42":{"start":{"line":113,"column":10},"end":{"line":113,"column":54}},"43":{"start":{"line":115,"column":10},"end":{"line":115,"column":null}},"44":{"start":{"line":119,"column":2},"end":{"line":121,"column":null}},"45":{"start":{"line":123,"column":2},"end":{"line":125,"column":null}},"46":{"start":{"line":144,"column":16},"end":{"line":144,"column":38}},"47":{"start":{"line":163,"column":32},"end":{"line":163,"column":46}},"48":{"start":{"line":172,"column":73},"end":{"line":172,"column":null}},"49":{"start":{"line":176,"column":77},"end":{"line":176,"column":null}}},"fnMap":{"0":{"name":"(anonymous_2)","decl":{"start":{"line":35,"column":25},"end":{"line":35,"column":null}},"loc":{"start":{"line":35,"column":25},"end":{"line":40,"column":null}}},"1":{"name":"(anonymous_3)","decl":{"start":{"line":43,"column":21},"end":{"line":43,"column":28}},"loc":{"start":{"line":43,"column":28},"end":{"line":45,"column":null}}},"2":{"name":"ReviewsPage","decl":{"start":{"line":47,"column":24},"end":{"line":47,"column":null}},"loc":{"start":{"line":47,"column":24},"end":{"line":206,"column":null}}},"3":{"name":"(anonymous_5)","decl":{"start":{"line":67,"column":17},"end":{"line":67,"column":null}},"loc":{"start":{"line":67,"column":17},"end":{"line":72,"column":null}}},"4":{"name":"(anonymous_6)","decl":{"start":{"line":73,"column":15},"end":{"line":73,"column":16}},"loc":{"start":{"line":73,"column":16},"end":{"line":79,"column":null}}},"5":{"name":"(anonymous_7)","decl":{"start":{"line":84,"column":26},"end":{"line":84,"column":null}},"loc":{"start":{"line":84,"column":26},"end":{"line":89,"column":null}}},"6":{"name":"(anonymous_8)","decl":{"start":{"line":91,"column":27},"end":{"line":91,"column":28}},"loc":{"start":{"line":91,"column":28},"end":{"line":95,"column":null}}},"7":{"name":"(anonymous_9)","decl":{"start":{"line":97,"column":29},"end":{"line":97,"column":30}},"loc":{"start":{"line":97,"column":30},"end":{"line":102,"column":null}}},"8":{"name":"(anonymous_10)","decl":{"start":{"line":104,"column":24},"end":{"line":104,"column":null}},"loc":{"start":{"line":104,"column":24},"end":{"line":108,"column":null}}},"9":{"name":"(anonymous_11)","decl":{"start":{"line":111,"column":21},"end":{"line":111,"column":22}},"loc":{"start":{"line":111,"column":22},"end":{"line":117,"column":null}}},"10":{"name":"(anonymous_12)","decl":{"start":{"line":143,"column":27},"end":{"line":143,"column":28}},"loc":{"start":{"line":144,"column":16},"end":{"line":144,"column":38}}},"11":{"name":"(anonymous_13)","decl":{"start":{"line":162,"column":47},"end":{"line":162,"column":48}},"loc":{"start":{"line":163,"column":32},"end":{"line":163,"column":46}}},"12":{"name":"(anonymous_14)","decl":{"start":{"line":172,"column":67},"end":{"line":172,"column":73}},"loc":{"start":{"line":172,"column":73},"end":{"line":172,"column":null}}},"13":{"name":"(anonymous_15)","decl":{"start":{"line":176,"column":71},"end":{"line":176,"column":77}},"loc":{"start":{"line":176,"column":77},"end":{"line":176,"column":null}}}},"branchMap":{"0":{"loc":{"start":{"line":76,"column":27},"end":{"line":76,"column":null}},"type":"cond-expr","locations":[{"start":{"line":76,"column":158},"end":{"line":76,"column":196}},{"start":{"line":76,"column":196},"end":{"line":76,"column":null}}]},"1":{"loc":{"start":{"line":76,"column":27},"end":{"line":76,"column":155}},"type":"binary-expr","locations":[{"start":{"line":76,"column":27},"end":{"line":76,"column":56}},{"start":{"line":76,"column":56},"end":{"line":76,"column":100}},{"start":{"line":76,"column":100},"end":{"line":76,"column":119}},{"start":{"line":76,"column":123},"end":{"line":76,"column":155}}]},"2":{"loc":{"start":{"line":76,"column":196},"end":{"line":76,"column":null}},"type":"binary-expr","locations":[{"start":{"line":76,"column":196},"end":{"line":76,"column":214}},{"start":{"line":76,"column":214},"end":{"line":76,"column":null}}]},"3":{"loc":{"start":{"line":105,"column":6},"end":{"line":107,"column":null}},"type":"if","locations":[{"start":{"line":105,"column":6},"end":{"line":107,"column":null}}]},"4":{"loc":{"start":{"line":119,"column":2},"end":{"line":121,"column":null}},"type":"if","locations":[{"start":{"line":119,"column":2},"end":{"line":121,"column":null}}]},"5":{"loc":{"start":{"line":119,"column":6},"end":{"line":119,"column":73}},"type":"binary-expr","locations":[{"start":{"line":119,"column":6},"end":{"line":119,"column":31}},{"start":{"line":119,"column":31},"end":{"line":119,"column":61}},{"start":{"line":119,"column":61},"end":{"line":119,"column":73}}]},"6":{"loc":{"start":{"line":123,"column":2},"end":{"line":125,"column":null}},"type":"if","locations":[{"start":{"line":123,"column":2},"end":{"line":125,"column":null}}]},"7":{"loc":{"start":{"line":124,"column":63},"end":{"line":124,"column":null}},"type":"cond-expr","locations":[{"start":{"line":124,"column":194},"end":{"line":124,"column":232}},{"start":{"line":124,"column":232},"end":{"line":124,"column":null}}]},"8":{"loc":{"start":{"line":124,"column":63},"end":{"line":124,"column":191}},"type":"binary-expr","locations":[{"start":{"line":124,"column":63},"end":{"line":124,"column":92}},{"start":{"line":124,"column":92},"end":{"line":124,"column":136}},{"start":{"line":124,"column":136},"end":{"line":124,"column":155}},{"start":{"line":124,"column":159},"end":{"line":124,"column":191}}]},"9":{"loc":{"start":{"line":142,"column":12},"end":{"line":185,"column":13}},"type":"cond-expr","locations":[{"start":{"line":142,"column":12},"end":{"line":185,"column":13}}]},"10":{"loc":{"start":{"line":141,"column":11},"end":{"line":141,"column":null}},"type":"binary-expr","locations":[{"start":{"line":141,"column":11},"end":{"line":141,"column":22}},{"start":{"line":141,"column":22},"end":{"line":141,"column":null}}]},"11":{"loc":{"start":{"line":149,"column":33},"end":{"line":149,"column":null}},"type":"binary-expr","locations":[{"start":{"line":149,"column":33},"end":{"line":149,"column":53}},{"start":{"line":149,"column":57},"end":{"line":149,"column":null}}]},"12":{"loc":{"start":{"line":163,"column":68},"end":{"line":163,"column":140}},"type":"cond-expr","locations":[{"start":{"line":163,"column":88},"end":{"line":163,"column":124}},{"start":{"line":163,"column":124},"end":{"line":163,"column":140}}]},"13":{"loc":{"start":{"line":166,"column":75},"end":{"line":166,"column":null}},"type":"binary-expr","locations":[{"start":{"line":166,"column":75},"end":{"line":166,"column":89}},{"start":{"line":166,"column":93},"end":{"line":166,"column":null}}]}},"s":{"0":0,"1":0,"2":0,"3":0,"4":0,"5":0,"6":0,"7":0,"8":0,"9":0,"10":0,"11":0,"12":0,"13":0,"14":0,"15":0,"16":0,"17":0,"18":0,"19":0,"20":0,"21":0,"22":0,"23":0,"24":0,"25":0,"26":0,"27":0,"28":0,"29":0,"30":0,"31":0,"32":0,"33":0,"34":0,"35":0,"36":0,"37":0,"38":0,"39":0,"40":0,"41":0,"42":0,"43":0,"44":0,"45":0,"46":0,"47":0,"48":0,"49":0},"f":{"0":0,"1":0,"2":0,"3":0,"4":0,"5":0,"6":0,"7":0,"8":0,"9":0,"10":0,"11":0,"12":0,"13":0},"b":{"0":[0,0],"1":[0,0,0,0],"2":[0,0],"3":[0],"4":[0],"5":[0,0,0],"6":[0],"7":[0,0],"8":[0,0,0,0],"9":[0],"10":[0,0],"11":[0,0],"12":[0,0],"13":[0,0]}}
,"/Users/sebastian/Desktop/cigar-accessories-v5/app/(routes)/admin/page.tsx": {"path":"/Users/sebastian/Desktop/cigar-accessories-v5/app/(routes)/admin/page.tsx","statementMap":{"0":{"start":{"line":26,"column":24},"end":{"line":26,"column":null}},"1":{"start":{"line":3,"column":20},"end":{"line":3,"column":null}},"2":{"start":{"line":4,"column":25},"end":{"line":4,"column":null}},"3":{"start":{"line":7,"column":31},"end":{"line":7,"column":null}},"4":{"start":{"line":7,"column":31},"end":{"line":7,"column":73}},"5":{"start":{"line":7,"column":85},"end":{"line":7,"column":97}},"6":{"start":{"line":12,"column":35},"end":{"line":12,"column":null}},"7":{"start":{"line":12,"column":35},"end":{"line":12,"column":81}},"8":{"start":{"line":12,"column":93},"end":{"line":12,"column":109}},"9":{"start":{"line":17,"column":39},"end":{"line":17,"column":null}},"10":{"start":{"line":17,"column":39},"end":{"line":17,"column":89}},"11":{"start":{"line":17,"column":101},"end":{"line":17,"column":121}},"12":{"start":{"line":22,"column":40},"end":{"line":22,"column":null}},"13":{"start":{"line":22,"column":40},"end":{"line":22,"column":91}},"14":{"start":{"line":22,"column":103},"end":{"line":22,"column":124}}},"fnMap":{"0":{"name":"(anonymous_5)","decl":{"start":{"line":7,"column":25},"end":{"line":7,"column":31}},"loc":{"start":{"line":7,"column":31},"end":{"line":7,"column":null}}},"1":{"name":"(anonymous_6)","decl":{"start":{"line":7,"column":31},"end":{"line":7,"column":38}},"loc":{"start":{"line":7,"column":31},"end":{"line":7,"column":73}}},"2":{"name":"(anonymous_7)","decl":{"start":{"line":7,"column":78},"end":{"line":7,"column":85}},"loc":{"start":{"line":7,"column":85},"end":{"line":7,"column":97}}},"3":{"name":"(anonymous_10)","decl":{"start":{"line":12,"column":29},"end":{"line":12,"column":35}},"loc":{"start":{"line":12,"column":35},"end":{"line":12,"column":null}}},"4":{"name":"(anonymous_11)","decl":{"start":{"line":12,"column":35},"end":{"line":12,"column":42}},"loc":{"start":{"line":12,"column":35},"end":{"line":12,"column":81}}},"5":{"name":"(anonymous_12)","decl":{"start":{"line":12,"column":86},"end":{"line":12,"column":93}},"loc":{"start":{"line":12,"column":93},"end":{"line":12,"column":109}}},"6":{"name":"(anonymous_15)","decl":{"start":{"line":17,"column":33},"end":{"line":17,"column":39}},"loc":{"start":{"line":17,"column":39},"end":{"line":17,"column":null}}},"7":{"name":"(anonymous_16)","decl":{"start":{"line":17,"column":39},"end":{"line":17,"column":46}},"loc":{"start":{"line":17,"column":39},"end":{"line":17,"column":89}}},"8":{"name":"(anonymous_17)","decl":{"start":{"line":17,"column":94},"end":{"line":17,"column":101}},"loc":{"start":{"line":17,"column":101},"end":{"line":17,"column":121}}},"9":{"name":"(anonymous_20)","decl":{"start":{"line":22,"column":34},"end":{"line":22,"column":40}},"loc":{"start":{"line":22,"column":40},"end":{"line":22,"column":null}}},"10":{"name":"(anonymous_21)","decl":{"start":{"line":22,"column":40},"end":{"line":22,"column":47}},"loc":{"start":{"line":22,"column":40},"end":{"line":22,"column":91}}},"11":{"name":"(anonymous_22)","decl":{"start":{"line":22,"column":96},"end":{"line":22,"column":103}},"loc":{"start":{"line":22,"column":103},"end":{"line":22,"column":124}}},"12":{"name":"AdminDashboardPage","decl":{"start":{"line":26,"column":24},"end":{"line":26,"column":null}},"loc":{"start":{"line":26,"column":24},"end":{"line":44,"column":null}}}},"branchMap":{},"s":{"0":0,"1":0,"2":0,"3":0,"4":0,"5":0,"6":0,"7":0,"8":0,"9":0,"10":0,"11":0,"12":0,"13":0,"14":0},"f":{"0":0,"1":0,"2":0,"3":0,"4":0,"5":0,"6":0,"7":0,"8":0,"9":0,"10":0,"11":0,"12":0},"b":{}}
,"/Users/sebastian/Desktop/cigar-accessories-v5/app/(routes)/admin/analytics/AnalyticsDashboard.tsx": {"path":"/Users/sebastian/Desktop/cigar-accessories-v5/app/(routes)/admin/analytics/AnalyticsDashboard.tsx","statementMap":{"0":{"start":{"line":32,"column":24},"end":{"line":32,"column":null}},"1":{"start":{"line":3,"column":32},"end":{"line":3,"column":null}},"2":{"start":{"line":4,"column":19},"end":{"line":4,"column":null}},"3":{"start":{"line":5,"column":21},"end":{"line":5,"column":null}},"4":{"start":{"line":6,"column":23},"end":{"line":6,"column":null}},"5":{"start":{"line":9,"column":24},"end":{"line":9,"column":null}},"6":{"start":{"line":10,"column":20},"end":{"line":10,"column":null}},"7":{"start":{"line":11,"column":27},"end":{"line":11,"column":null}},"8":{"start":{"line":22,"column":7},"end":{"line":22,"column":null}},"9":{"start":{"line":26,"column":23},"end":{"line":30,"column":null}},"10":{"start":{"line":33,"column":32},"end":{"line":33,"column":null}},"11":{"start":{"line":36,"column":67},"end":{"line":37,"column":null}},"12":{"start":{"line":40,"column":74},"end":{"line":41,"column":null}},"13":{"start":{"line":44,"column":82},"end":{"line":45,"column":null}},"14":{"start":{"line":49,"column":20},"end":{"line":49,"column":null}},"15":{"start":{"line":50,"column":18},"end":{"line":50,"column":null}},"16":{"start":{"line":51,"column":18},"end":{"line":51,"column":null}},"17":{"start":{"line":54,"column":18},"end":{"line":57,"column":null}}},"fnMap":{"0":{"name":"AnalyticsDashboard","decl":{"start":{"line":32,"column":24},"end":{"line":32,"column":null}},"loc":{"start":{"line":32,"column":24},"end":{"line":134,"column":null}}}},"branchMap":{"0":{"loc":{"start":{"line":49,"column":20},"end":{"line":49,"column":null}},"type":"binary-expr","locations":[{"start":{"line":49,"column":20},"end":{"line":49,"column":35}},{"start":{"line":49,"column":35},"end":{"line":49,"column":51}},{"start":{"line":49,"column":51},"end":{"line":49,"column":null}}]},"1":{"loc":{"start":{"line":50,"column":18},"end":{"line":50,"column":null}},"type":"binary-expr","locations":[{"start":{"line":50,"column":18},"end":{"line":50,"column":31}},{"start":{"line":50,"column":31},"end":{"line":50,"column":45}},{"start":{"line":50,"column":45},"end":{"line":50,"column":null}}]},"2":{"loc":{"start":{"line":51,"column":18},"end":{"line":51,"column":null}},"type":"binary-expr","locations":[{"start":{"line":51,"column":18},"end":{"line":51,"column":27}},{"start":{"line":51,"column":27},"end":{"line":51,"column":41}},{"start":{"line":51,"column":41},"end":{"line":51,"column":57}},{"start":{"line":51,"column":57},"end":{"line":51,"column":71}},{"start":{"line":51,"column":71},"end":{"line":51,"column":null}}]},"3":{"loc":{"start":{"line":55,"column":8},"end":{"line":55,"column":29}},"type":"binary-expr","locations":[{"start":{"line":55,"column":8},"end":{"line":55,"column":27}},{"start":{"line":55,"column":27},"end":{"line":55,"column":29}}]},"4":{"loc":{"start":{"line":56,"column":8},"end":{"line":56,"column":31}},"type":"binary-expr","locations":[{"start":{"line":56,"column":8},"end":{"line":56,"column":29}},{"start":{"line":56,"column":29},"end":{"line":56,"column":31}}]},"5":{"loc":{"start":{"line":63,"column":8},"end":{"line":64,"column":null}},"type":"cond-expr","locations":[{"start":{"line":63,"column":8},"end":{"line":64,"column":null}}]},"6":{"loc":{"start":{"line":65,"column":8},"end":{"line":66,"column":null}},"type":"cond-expr","locations":[{"start":{"line":65,"column":8},"end":{"line":66,"column":null}}]},"7":{"loc":{"start":{"line":67,"column":8},"end":{"line":69,"column":null}},"type":"cond-expr","locations":[{"start":{"line":67,"column":8},"end":{"line":69,"column":null}}]},"8":{"loc":{"start":{"line":74,"column":50},"end":{"line":74,"column":null}},"type":"binary-expr","locations":[{"start":{"line":74,"column":50},"end":{"line":74,"column":65}},{"start":{"line":74,"column":65},"end":{"line":74,"column":null}}]},"9":{"loc":{"start":{"line":78,"column":50},"end":{"line":78,"column":null}},"type":"binary-expr","locations":[{"start":{"line":78,"column":50},"end":{"line":78,"column":67}},{"start":{"line":78,"column":67},"end":{"line":78,"column":null}}]},"10":{"loc":{"start":{"line":82,"column":50},"end":{"line":82,"column":null}},"type":"binary-expr","locations":[{"start":{"line":82,"column":50},"end":{"line":82,"column":66}},{"start":{"line":82,"column":66},"end":{"line":82,"column":null}}]},"11":{"loc":{"start":{"line":86,"column":50},"end":{"line":86,"column":null}},"type":"binary-expr","locations":[{"start":{"line":86,"column":50},"end":{"line":86,"column":69}},{"start":{"line":86,"column":69},"end":{"line":86,"column":null}}]},"12":{"loc":{"start":{"line":94,"column":16},"end":{"line":102,"column":17}},"type":"cond-expr","locations":[{"start":{"line":94,"column":16},"end":{"line":102,"column":17}}]},"13":{"loc":{"start":{"line":108,"column":16},"end":{"line":116,"column":17}},"type":"cond-expr","locations":[{"start":{"line":108,"column":16},"end":{"line":116,"column":17}}]}},"s":{"0":0,"1":0,"2":0,"3":0,"4":0,"5":0,"6":0,"7":0,"8":0,"9":0,"10":0,"11":0,"12":0,"13":0,"14":0,"15":0,"16":0,"17":0},"f":{"0":0},"b":{"0":[0,0,0],"1":[0,0,0],"2":[0,0,0,0,0],"3":[0,0],"4":[0,0],"5":[0],"6":[0],"7":[0],"8":[0,0],"9":[0,0],"10":[0,0],"11":[0,0],"12":[0],"13":[0]}}
,"/Users/sebastian/Desktop/cigar-accessories-v5/app/(routes)/admin/analytics/Filters.tsx": {"path":"/Users/sebastian/Desktop/cigar-accessories-v5/app/(routes)/admin/analytics/Filters.tsx","statementMap":{"0":{"start":{"line":18,"column":24},"end":{"line":18,"column":32}},"1":{"start":{"line":3,"column":18},"end":{"line":3,"column":null}},"2":{"start":{"line":4,"column":22},"end":{"line":4,"column":null}},"3":{"start":{"line":5,"column":23},"end":{"line":5,"column":null}},"4":{"start":{"line":28,"column":12},"end":{"line":28,"column":null}},"5":{"start":{"line":43,"column":25},"end":{"line":43,"column":null}},"6":{"start":{"line":53,"column":25},"end":{"line":53,"column":null}},"7":{"start":{"line":60,"column":10},"end":{"line":60,"column":null}}},"fnMap":{"0":{"name":"Filters","decl":{"start":{"line":18,"column":24},"end":{"line":18,"column":32}},"loc":{"start":{"line":18,"column":69},"end":{"line":67,"column":null}}},"1":{"name":"(anonymous_3)","decl":{"start":{"line":27,"column":20},"end":{"line":27,"column":null}},"loc":{"start":{"line":28,"column":12},"end":{"line":28,"column":null}}},"2":{"name":"(anonymous_4)","decl":{"start":{"line":43,"column":20},"end":{"line":43,"column":25}},"loc":{"start":{"line":43,"column":25},"end":{"line":43,"column":null}}},"3":{"name":"(anonymous_5)","decl":{"start":{"line":53,"column":20},"end":{"line":53,"column":25}},"loc":{"start":{"line":53,"column":25},"end":{"line":53,"column":null}}},"4":{"name":"(anonymous_6)","decl":{"start":{"line":59,"column":17},"end":{"line":59,"column":null}},"loc":{"start":{"line":60,"column":10},"end":{"line":60,"column":null}}}},"branchMap":{},"s":{"0":0,"1":0,"2":0,"3":0,"4":0,"5":0,"6":0,"7":0},"f":{"0":0,"1":0,"2":0,"3":0,"4":0},"b":{}}
,"/Users/sebastian/Desktop/cigar-accessories-v5/app/(routes)/admin/analytics/page.tsx": {"path":"/Users/sebastian/Desktop/cigar-accessories-v5/app/(routes)/admin/analytics/page.tsx","statementMap":{"0":{"start":{"line":9,"column":30},"end":{"line":9,"column":null}},"1":{"start":{"line":1,"column":18},"end":{"line":1,"column":null}},"2":{"start":{"line":3,"column":33},"end":{"line":3,"column":null}},"3":{"start":{"line":4,"column":25},"end":{"line":4,"column":null}},"4":{"start":{"line":5,"column":28},"end":{"line":5,"column":null}},"5":{"start":{"line":6,"column":31},"end":{"line":6,"column":null}},"6":{"start":{"line":10,"column":18},"end":{"line":10,"column":null}},"7":{"start":{"line":13,"column":2},"end":{"line":15,"column":null}},"8":{"start":{"line":14,"column":4},"end":{"line":14,"column":24}}},"fnMap":{"0":{"name":"AnalyticsPage","decl":{"start":{"line":9,"column":30},"end":{"line":9,"column":null}},"loc":{"start":{"line":9,"column":30},"end":{"line":24,"column":null}}}},"branchMap":{"0":{"loc":{"start":{"line":13,"column":2},"end":{"line":15,"column":null}},"type":"if","locations":[{"start":{"line":13,"column":2},"end":{"line":15,"column":null}}]},"1":{"loc":{"start":{"line":13,"column":6},"end":{"line":13,"column":49}},"type":"binary-expr","locations":[{"start":{"line":13,"column":6},"end":{"line":13,"column":18}},{"start":{"line":13,"column":18},"end":{"line":13,"column":49}}]}},"s":{"0":0,"1":0,"2":0,"3":0,"4":0,"5":0,"6":0,"7":0,"8":0},"f":{"0":0},"b":{"0":[0],"1":[0,0]}}
,"/Users/sebastian/Desktop/cigar-accessories-v5/app/(routes)/admin/customers/page.tsx": {"path":"/Users/sebastian/Desktop/cigar-accessories-v5/app/(routes)/admin/customers/page.tsx","statementMap":{"0":{"start":{"line":74,"column":30},"end":{"line":74,"column":49}},"1":{"start":{"line":1,"column":25},"end":{"line":1,"column":null}},"2":{"start":{"line":2,"column":24},"end":{"line":2,"column":null}},"3":{"start":{"line":3,"column":29},"end":{"line":3,"column":null}},"4":{"start":{"line":4,"column":57},"end":{"line":4,"column":null}},"5":{"start":{"line":5,"column":25},"end":{"line":5,"column":null}},"6":{"start":{"line":32,"column":15},"end":{"line":32,"column":null}},"7":{"start":{"line":33,"column":16},"end":{"line":33,"column":null}},"8":{"start":{"line":34,"column":17},"end":{"line":34,"column":null}},"9":{"start":{"line":37,"column":14},"end":{"line":37,"column":77}},"10":{"start":{"line":38,"column":2},"end":{"line":38,"column":null}},"11":{"start":{"line":39,"column":2},"end":{"line":39,"column":null}},"12":{"start":{"line":40,"column":2},"end":{"line":42,"column":null}},"13":{"start":{"line":41,"column":4},"end":{"line":41,"column":null}},"14":{"start":{"line":44,"column":2},"end":{"line":70,"column":null}},"15":{"start":{"line":46,"column":21},"end":{"line":51,"column":null}},"16":{"start":{"line":53,"column":4},"end":{"line":63,"column":null}},"17":{"start":{"line":55,"column":6},"end":{"line":55,"column":null}},"18":{"start":{"line":56,"column":6},"end":{"line":61,"column":null}},"19":{"start":{"line":57,"column":26},"end":{"line":57,"column":null}},"20":{"start":{"line":58,"column":8},"end":{"line":58,"column":null}},"21":{"start":{"line":62,"column":6},"end":{"line":62,"column":19}},"22":{"start":{"line":65,"column":35},"end":{"line":65,"column":null}},"23":{"start":{"line":66,"column":4},"end":{"line":66,"column":null}},"24":{"start":{"line":68,"column":4},"end":{"line":68,"column":null}},"25":{"start":{"line":69,"column":4},"end":{"line":69,"column":17}},"26":{"start":{"line":79,"column":19},"end":{"line":79,"column":null}}},"fnMap":{"0":{"name":"getUsers","decl":{"start":{"line":31,"column":15},"end":{"line":31,"column":24}},"loc":{"start":{"line":31,"column":86},"end":{"line":71,"column":null}}},"1":{"name":"AdminCustomersPage","decl":{"start":{"line":74,"column":30},"end":{"line":74,"column":49}},"loc":{"start":{"line":78,"column":1},"end":{"line":102,"column":null}}},"2":{"name":"CustomerListSkeleton","decl":{"start":{"line":105,"column":9},"end":{"line":105,"column":null}},"loc":{"start":{"line":105,"column":9},"end":{"line":117,"column":null}}}},"branchMap":{"0":{"loc":{"start":{"line":32,"column":15},"end":{"line":32,"column":null}},"type":"binary-expr","locations":[{"start":{"line":32,"column":15},"end":{"line":32,"column":37}},{"start":{"line":32,"column":37},"end":{"line":32,"column":null}}]},"1":{"loc":{"start":{"line":33,"column":16},"end":{"line":33,"column":null}},"type":"binary-expr","locations":[{"start":{"line":33,"column":16},"end":{"line":33,"column":39}},{"start":{"line":33,"column":39},"end":{"line":33,"column":null}}]},"2":{"loc":{"start":{"line":34,"column":17},"end":{"line":34,"column":null}},"type":"binary-expr","locations":[{"start":{"line":34,"column":17},"end":{"line":34,"column":41}},{"start":{"line":34,"column":41},"end":{"line":34,"column":null}}]},"3":{"loc":{"start":{"line":38,"column":34},"end":{"line":38,"column":null}},"type":"cond-expr","locations":[{"start":{"line":38,"column":56},"end":{"line":38,"column":63}},{"start":{"line":38,"column":66},"end":{"line":38,"column":null}}]},"4":{"loc":{"start":{"line":39,"column":35},"end":{"line":39,"column":null}},"type":"cond-expr","locations":[{"start":{"line":39,"column":58},"end":{"line":39,"column":66}},{"start":{"line":39,"column":69},"end":{"line":39,"column":null}}]},"5":{"loc":{"start":{"line":40,"column":2},"end":{"line":42,"column":null}},"type":"if","locations":[{"start":{"line":40,"column":2},"end":{"line":42,"column":null}}]},"6":{"loc":{"start":{"line":41,"column":38},"end":{"line":41,"column":null}},"type":"cond-expr","locations":[{"start":{"line":41,"column":62},"end":{"line":41,"column":71}},{"start":{"line":41,"column":74},"end":{"line":41,"column":null}}]},"7":{"loc":{"start":{"line":53,"column":4},"end":{"line":63,"column":null}},"type":"if","locations":[{"start":{"line":53,"column":4},"end":{"line":63,"column":null}}]},"8":{"loc":{"start":{"line":79,"column":34},"end":{"line":79,"column":null}},"type":"binary-expr","locations":[{"start":{"line":79,"column":34},"end":{"line":79,"column":50}},{"start":{"line":79,"column":50},"end":{"line":79,"column":null}}]},"9":{"loc":{"start":{"line":90,"column":14},"end":{"line":95,"column":15}},"type":"cond-expr","locations":[{"start":{"line":90,"column":14},"end":{"line":95,"column":15}}]}},"s":{"0":0,"1":0,"2":0,"3":0,"4":0,"5":0,"6":0,"7":0,"8":0,"9":0,"10":0,"11":0,"12":0,"13":0,"14":0,"15":0,"16":0,"17":0,"18":0,"19":0,"20":0,"21":0,"22":0,"23":0,"24":0,"25":0,"26":0},"f":{"0":0,"1":0,"2":0},"b":{"0":[0,0],"1":[0,0],"2":[0,0],"3":[0,0],"4":[0,0],"5":[0],"6":[0,0],"7":[0],"8":[0,0],"9":[0]}}
,"/Users/sebastian/Desktop/cigar-accessories-v5/app/(routes)/admin/customers/[userId]/page.tsx": {"path":"/Users/sebastian/Desktop/cigar-accessories-v5/app/(routes)/admin/customers/[userId]/page.tsx","statementMap":{"0":{"start":{"line":75,"column":30},"end":{"line":75,"column":54}},"1":{"start":{"line":1,"column":24},"end":{"line":1,"column":null}},"2":{"start":{"line":2,"column":17},"end":{"line":2,"column":null}},"3":{"start":{"line":3,"column":25},"end":{"line":3,"column":null}},"4":{"start":{"line":4,"column":23},"end":{"line":4,"column":null}},"5":{"start":{"line":5,"column":74},"end":{"line":5,"column":null}},"6":{"start":{"line":6,"column":78},"end":{"line":6,"column":null}},"7":{"start":{"line":7,"column":22},"end":{"line":7,"column":null}},"8":{"start":{"line":9,"column":23},"end":{"line":9,"column":null}},"9":{"start":{"line":10,"column":26},"end":{"line":10,"column":null}},"10":{"start":{"line":46,"column":14},"end":{"line":46,"column":76}},"11":{"start":{"line":48,"column":2},"end":{"line":71,"column":null}},"12":{"start":{"line":49,"column":21},"end":{"line":54,"column":null}},"13":{"start":{"line":56,"column":4},"end":{"line":58,"column":null}},"14":{"start":{"line":57,"column":6},"end":{"line":57,"column":19}},"15":{"start":{"line":60,"column":4},"end":{"line":64,"column":null}},"16":{"start":{"line":61,"column":6},"end":{"line":61,"column":null}},"17":{"start":{"line":63,"column":6},"end":{"line":63,"column":null}},"18":{"start":{"line":66,"column":33},"end":{"line":66,"column":null}},"19":{"start":{"line":67,"column":4},"end":{"line":67,"column":null}},"20":{"start":{"line":69,"column":4},"end":{"line":69,"column":null}},"21":{"start":{"line":70,"column":4},"end":{"line":70,"column":null}},"22":{"start":{"line":76,"column":15},"end":{"line":76,"column":null}},"23":{"start":{"line":78,"column":2},"end":{"line":80,"column":null}},"24":{"start":{"line":79,"column":4},"end":{"line":79,"column":16}},"25":{"start":{"line":82,"column":24},"end":{"line":84,"column":null}},"26":{"start":{"line":83,"column":4},"end":{"line":83,"column":null}},"27":{"start":{"line":128,"column":16},"end":{"line":128,"column":34}},"28":{"start":{"line":159,"column":18},"end":{"line":159,"column":null}}},"fnMap":{"0":{"name":"getUserDetails","decl":{"start":{"line":45,"column":15},"end":{"line":45,"column":30}},"loc":{"start":{"line":45,"column":44},"end":{"line":72,"column":null}}},"1":{"name":"AdminCustomerDetailPage","decl":{"start":{"line":75,"column":30},"end":{"line":75,"column":54}},"loc":{"start":{"line":75,"column":96},"end":{"line":188,"column":null}}},"2":{"name":"(anonymous_4)","decl":{"start":{"line":82,"column":24},"end":{"line":82,"column":25}},"loc":{"start":{"line":82,"column":25},"end":{"line":84,"column":null}}},"3":{"name":"(anonymous_5)","decl":{"start":{"line":127,"column":34},"end":{"line":127,"column":35}},"loc":{"start":{"line":128,"column":16},"end":{"line":128,"column":34}}},"4":{"name":"(anonymous_6)","decl":{"start":{"line":158,"column":33},"end":{"line":158,"column":34}},"loc":{"start":{"line":159,"column":18},"end":{"line":159,"column":null}}}},"branchMap":{"0":{"loc":{"start":{"line":56,"column":4},"end":{"line":58,"column":null}},"type":"if","locations":[{"start":{"line":56,"column":4},"end":{"line":58,"column":null}}]},"1":{"loc":{"start":{"line":60,"column":4},"end":{"line":64,"column":null}},"type":"if","locations":[{"start":{"line":60,"column":4},"end":{"line":64,"column":null}}]},"2":{"loc":{"start":{"line":78,"column":2},"end":{"line":80,"column":null}},"type":"if","locations":[{"start":{"line":78,"column":2},"end":{"line":80,"column":null}}]},"3":{"loc":{"start":{"line":83,"column":27},"end":{"line":83,"column":63}},"type":"cond-expr","locations":[{"start":{"line":83,"column":40},"end":{"line":83,"column":57}},{"start":{"line":83,"column":60},"end":{"line":83,"column":63}}]},"4":{"loc":{"start":{"line":100,"column":13},"end":{"line":100,"column":23}},"type":"binary-expr","locations":[{"start":{"line":100,"column":13},"end":{"line":100,"column":23}}]},"5":{"loc":{"start":{"line":101,"column":41},"end":{"line":101,"column":69}},"type":"binary-expr","locations":[{"start":{"line":101,"column":41},"end":{"line":101,"column":50}},{"start":{"line":101,"column":54},"end":{"line":101,"column":69}}]},"6":{"loc":{"start":{"line":104,"column":26},"end":{"line":104,"column":null}},"type":"binary-expr","locations":[{"start":{"line":104,"column":26},"end":{"line":104,"column":35}},{"start":{"line":104,"column":39},"end":{"line":104,"column":null}}]},"7":{"loc":{"start":{"line":105,"column":32},"end":{"line":105,"column":null}},"type":"binary-expr","locations":[{"start":{"line":105,"column":32},"end":{"line":105,"column":42}},{"start":{"line":105,"column":46},"end":{"line":105,"column":null}}]},"8":{"loc":{"start":{"line":106,"column":30},"end":{"line":106,"column":83}},"type":"cond-expr","locations":[{"start":{"line":106,"column":54},"end":{"line":106,"column":70}},{"start":{"line":106,"column":70},"end":{"line":106,"column":83}}]},"9":{"loc":{"start":{"line":126,"column":12},"end":{"line":135,"column":13}},"type":"cond-expr","locations":[{"start":{"line":126,"column":12},"end":{"line":135,"column":13}}]},"10":{"loc":{"start":{"line":147,"column":12},"end":{"line":182,"column":13}},"type":"cond-expr","locations":[{"start":{"line":147,"column":12},"end":{"line":182,"column":13}}]},"11":{"loc":{"start":{"line":170,"column":23},"end":{"line":170,"column":null}},"type":"cond-expr","locations":[{"start":{"line":170,"column":55},"end":{"line":170,"column":92}},{"start":{"line":170,"column":95},"end":{"line":170,"column":null}}]}},"s":{"0":0,"1":0,"2":0,"3":0,"4":0,"5":0,"6":0,"7":0,"8":0,"9":0,"10":0,"11":0,"12":0,"13":0,"14":0,"15":0,"16":0,"17":0,"18":0,"19":0,"20":0,"21":0,"22":0,"23":0,"24":0,"25":0,"26":0,"27":0,"28":0},"f":{"0":0,"1":0,"2":0,"3":0,"4":0},"b":{"0":[0],"1":[0],"2":[0],"3":[0,0],"4":[0],"5":[0,0],"6":[0,0],"7":[0,0],"8":[0,0],"9":[0],"10":[0],"11":[0,0]}}
[...]
":{"line":55,"column":49}},"loc":{"start":{"line":55,"column":49},"end":{"line":184,"column":null}}},"1":{"name":"(anonymous_8)","decl":{"start":{"line":77,"column":24},"end":{"line":77,"column":25}},"loc":{"start":{"line":77,"column":25},"end":{"line":84,"column":null}}},"2":{"name":"(anonymous_9)","decl":{"start":{"line":88,"column":45},"end":{"line":88,"column":46}},"loc":{"start":{"line":88,"column":59},"end":{"line":93,"column":5}}},"3":{"name":"(anonymous_10)","decl":{"start":{"line":134,"column":30},"end":{"line":134,"column":31}},"loc":{"start":{"line":134,"column":31},"end":{"line":146,"column":15}}},"4":{"name":"(anonymous_11)","decl":{"start":{"line":194,"column":32},"end":{"line":194,"column":39}},"loc":{"start":{"line":194,"column":51},"end":{"line":235,"column":null}}},"5":{"name":"(anonymous_12)","decl":{"start":{"line":242,"column":45},"end":{"line":242,"column":52}},"loc":{"start":{"line":242,"column":64},"end":{"line":288,"column":null}}},"6":{"name":"(anonymous_13)","decl":{"start":{"line":294,"column":50},"end":{"line":294,"column":57}},"loc":{"start":{"line":294,"column":57},"end":{"line":334,"column":null}}},"7":{"name":"(anonymous_14)","decl":{"start":{"line":343,"column":39},"end":{"line":343,"column":46}},"loc":{"start":{"line":343,"column":72},"end":{"line":398,"column":null}}},"8":{"name":"(anonymous_15)","decl":{"start":{"line":405,"column":42},"end":{"line":405,"column":49}},"loc":{"start":{"line":405,"column":49},"end":{"line":473,"column":null}}}},"branchMap":{"0":{"loc":{"start":{"line":59,"column":2},"end":{"line":62,"column":null}},"type":"if","locations":[{"start":{"line":59,"column":2},"end":{"line":62,"column":null}}]},"1":{"loc":{"start":{"line":63,"column":2},"end":{"line":66,"column":null}},"type":"if","locations":[{"start":{"line":63,"column":2},"end":{"line":66,"column":null}}]},"2":{"loc":{"start":{"line":67,"column":3},"end":{"line":71,"column":null}},"type":"if","locations":[{"start":{"line":67,"column":3},"end":{"line":71,"column":null}}]},"3":{"loc":{"start":{"line":67,"column":7},"end":{"line":67,"column":61}},"type":"binary-expr","locations":[{"start":{"line":67,"column":7},"end":{"line":67,"column":22}},{"start":{"line":67,"column":22},"end":{"line":67,"column":61}}]},"4":{"loc":{"start":{"line":78,"column":4},"end":{"line":78,"column":null}},"type":"if","locations":[{"start":{"line":78,"column":4},"end":{"line":78,"column":null}}]},"5":{"loc":{"start":{"line":80,"column":4},"end":{"line":80,"column":null}},"type":"if","locations":[{"start":{"line":80,"column":4},"end":{"line":80,"column":null}}]},"6":{"loc":{"start":{"line":91,"column":22},"end":{"line":91,"column":null}},"type":"cond-expr","locations":[{"start":{"line":91,"column":58},"end":{"line":91,"column":71}},{"start":{"line":91,"column":74},"end":{"line":91,"column":null}}]},"7":{"loc":{"start":{"line":96,"column":23},"end":{"line":98,"column":null}},"type":"cond-expr","locations":[{"start":{"line":97,"column":6},"end":{"line":97,"column":51}},{"start":{"line":98,"column":6},"end":{"line":98,"column":null}}]},"8":{"loc":{"start":{"line":118,"column":19},"end":{"line":118,"column":43}},"type":"binary-expr","locations":[{"start":{"line":118,"column":19},"end":{"line":118,"column":28}},{"start":{"line":118,"column":32},"end":{"line":118,"column":43}}]},"9":{"loc":{"start":{"line":136,"column":31},"end":{"line":136,"column":null}},"type":"cond-expr","locations":[{"start":{"line":136,"column":67},"end":{"line":136,"column":80}},{"start":{"line":136,"column":83},"end":{"line":136,"column":null}}]},"10":{"loc":{"start":{"line":140,"column":24},"end":{"line":140,"column":51}},"type":"binary-expr","locations":[{"start":{"line":140,"column":24},"end":{"line":140,"column":41}},{"start":{"line":140,"column":45},"end":{"line":140,"column":51}}]},"11":{"loc":{"start":{"line":172,"column":4},"end":{"line":175,"column":null}},"type":"if","locations":[{"start":{"line":172,"column":4},"end":{"line":175,"column":null}}]},"12":{"loc":{"start":{"line":195,"column":3},"end":{"line":198,"column":null}},"type":"if","locations":[{"start":{"line":195,"column":3},"end":{"line":198,"column":null}}]},"13":{"loc":{"start":{"line":199,"column":3},"end":{"line":202,"column":null}},"type":"if","locations":[{"start":{"line":199,"column":3},"end":{"line":202,"column":null}}]},"14":{"loc":{"start":{"line":203,"column":3},"end":{"line":206,"column":null}},"type":"if","locations":[{"start":{"line":203,"column":3},"end":{"line":206,"column":null}}]},"15":{"loc":{"start":{"line":203,"column":7},"end":{"line":203,"column":61}},"type":"binary-expr","locations":[{"start":{"line":203,"column":7},"end":{"line":203,"column":22}},{"start":{"line":203,"column":22},"end":{"line":203,"column":61}}]},"16":{"loc":{"start":{"line":210,"column":19},"end":{"line":210,"column":39}},"type":"binary-expr","locations":[{"start":{"line":210,"column":19},"end":{"line":210,"column":28}},{"start":{"line":210,"column":32},"end":{"line":210,"column":39}}]},"17":{"loc":{"start":{"line":213,"column":18},"end":{"line":213,"column":50}},"type":"binary-expr","locations":[{"start":{"line":213,"column":18},"end":{"line":213,"column":42}},{"start":{"line":213,"column":46},"end":{"line":213,"column":50}}]},"18":{"loc":{"start":{"line":224,"column":4},"end":{"line":227,"column":null}},"type":"if","locations":[{"start":{"line":224,"column":4},"end":{"line":227,"column":null}}]},"19":{"loc":{"start":{"line":243,"column":3},"end":{"line":246,"column":null}},"type":"if","locations":[{"start":{"line":243,"column":3},"end":{"line":246,"column":null}}]},"20":{"loc":{"start":{"line":247,"column":3},"end":{"line":250,"column":null}},"type":"if","locations":[{"start":{"line":247,"column":3},"end":{"line":250,"column":null}}]},"21":{"loc":{"start":{"line":251,"column":3},"end":{"line":254,"column":null}},"type":"if","locations":[{"start":{"line":251,"column":3},"end":{"line":254,"column":null}}]},"22":{"loc":{"start":{"line":255,"column":3},"end":{"line":258,"column":null}},"type":"if","locations":[{"start":{"line":255,"column":3},"end":{"line":258,"column":null}}]},"23":{"loc":{"start":{"line":255,"column":7},"end":{"line":255,"column":61}},"type":"binary-expr","locations":[{"start":{"line":255,"column":7},"end":{"line":255,"column":22}},{"start":{"line":255,"column":22},"end":{"line":255,"column":61}}]},"24":{"loc":{"start":{"line":277,"column":4},"end":{"line":280,"column":null}},"type":"if","locations":[{"start":{"line":277,"column":4},"end":{"line":280,"column":null}}]},"25":{"loc":{"start":{"line":295,"column":3},"end":{"line":298,"column":null}},"type":"if","locations":[{"start":{"line":295,"column":3},"end":{"line":298,"column":null}}]},"26":{"loc":{"start":{"line":299,"column":3},"end":{"line":302,"column":null}},"type":"if","locations":[{"start":{"line":299,"column":3},"end":{"line":302,"column":null}}]},"27":{"loc":{"start":{"line":303,"column":3},"end":{"line":306,"column":null}},"type":"if","locations":[{"start":{"line":303,"column":3},"end":{"line":306,"column":null}}]},"28":{"loc":{"start":{"line":303,"column":7},"end":{"line":303,"column":61}},"type":"binary-expr","locations":[{"start":{"line":303,"column":7},"end":{"line":303,"column":22}},{"start":{"line":303,"column":22},"end":{"line":303,"column":61}}]},"29":{"loc":{"start":{"line":323,"column":4},"end":{"line":326,"column":null}},"type":"if","locations":[{"start":{"line":323,"column":4},"end":{"line":326,"column":null}}]},"30":{"loc":{"start":{"line":344,"column":3},"end":{"line":347,"column":null}},"type":"if","locations":[{"start":{"line":344,"column":3},"end":{"line":347,"column":null}}]},"31":{"loc":{"start":{"line":348,"column":3},"end":{"line":351,"column":null}},"type":"if","locations":[{"start":{"line":348,"column":3},"end":{"line":351,"column":null}}]},"32":{"loc":{"start":{"line":352,"column":3},"end":{"line":355,"column":null}},"type":"if","locations":[{"start":{"line":352,"column":3},"end":{"line":355,"column":null}}]},"33":{"loc":{"start":{"line":352,"column":7},"end":{"line":352,"column":61}},"type":"binary-expr","locations":[{"start":{"line":352,"column":7},"end":{"line":352,"column":22}},{"start":{"line":352,"column":22},"end":{"line":352,"column":61}}]},"34":{"loc":{"start":{"line":363,"column":2},"end":{"line":365,"column":null}},"type":"if","locations":[{"start":{"line":363,"column":2},"end":{"line":365,"column":null}}]},"35":{"loc":{"start":{"line":366,"column":2},"end":{"line":368,"column":null}},"type":"if","locations":[{"start":{"line":366,"column":2},"end":{"line":368,"column":null}}]},"36":{"loc":{"start":{"line":369,"column":2},"end":{"line":374,"column":null}},"type":"if","locations":[{"start":{"line":369,"column":2},"end":{"line":374,"column":null}},{"start":{"line":371,"column":9},"end":{"line":374,"column":null}}]},"37":{"loc":{"start":{"line":371,"column":9},"end":{"line":374,"column":null}},"type":"if","locations":[{"start":{"line":371,"column":9},"end":{"line":374,"column":null}}]},"38":{"loc":{"start":{"line":387,"column":4},"end":{"line":390,"column":null}},"type":"if","locations":[{"start":{"line":387,"column":4},"end":{"line":390,"column":null}}]},"39":{"loc":{"start":{"line":407,"column":18},"end":{"line":407,"column":71}},"type":"binary-expr","locations":[{"start":{"line":407,"column":18},"end":{"line":407,"column":42}},{"start":{"line":407,"column":46},"end":{"line":407,"column":71}}]},"40":{"loc":{"start":{"line":410,"column":2},"end":{"line":413,"column":null}},"type":"if","locations":[{"start":{"line":410,"column":2},"end":{"line":413,"column":null}}]},"41":{"loc":{"start":{"line":414,"column":2},"end":{"line":417,"column":null}},"type":"if","locations":[{"start":{"line":414,"column":2},"end":{"line":417,"column":null}}]},"42":{"loc":{"start":{"line":418,"column":2},"end":{"line":421,"column":null}},"type":"if","locations":[{"start":{"line":418,"column":2},"end":{"line":421,"column":null}}]},"43":{"loc":{"start":{"line":418,"column":6},"end":{"line":418,"column":60}},"type":"binary-expr","locations":[{"start":{"line":418,"column":6},"end":{"line":418,"column":21}},{"start":{"line":418,"column":21},"end":{"line":418,"column":60}}]},"44":{"loc":{"start":{"line":439,"column":19},"end":{"line":439,"column":46}},"type":"binary-expr","locations":[{"start":{"line":439,"column":19},"end":{"line":439,"column":35}},{"start":{"line":439,"column":35},"end":{"line":439,"column":46}}]},"45":{"loc":{"start":{"line":462,"column":4},"end":{"line":465,"column":null}},"type":"if","locations":[{"start":{"line":462,"column":4},"end":{"line":465,"column":null}}]}},"s":{"0":0,"1":0,"2":0,"3":0,"4":0,"5":0,"6":0,"7":0,"8":0,"9":0,"10":0,"11":0,"12":0,"13":0,"14":0,"15":0,"16":0,"17":0,"18":0,"19":0,"20":0,"21":0,"22":0,"23":0,"24":0,"25":0,"26":0,"27":0,"28":0,"29":0,"30":0,"31":0,"32":0,"33":0,"34":0,"35":0,"36":0,"37":0,"38":0,"39":0,"40":0,"41":0,"42":0,"43":0,"44":0,"45":0,"46":0,"47":0,"48":0,"49":0,"50":0,"51":0,"52":0,"53":0,"54":0,"55":0,"56":0,"57":0,"58":0,"59":0,"60":0,"61":0,"62":0,"63":0,"64":0,"65":0,"66":0,"67":0,"68":0,"69":0,"70":0,"71":0,"72":0,"73":0,"74":0,"75":0,"76":0,"77":0,"78":0,"79":0,"80":0,"81":0,"82":0,"83":0,"84":0,"85":0,"86":0,"87":0,"88":0,"89":0,"90":0,"91":0,"92":0,"93":0,"94":0,"95":0,"96":0,"97":0,"98":0,"99":0,"100":0,"101":0,"102":0,"103":0,"104":0,"105":0,"106":0,"107":0,"108":0,"109":0,"110":0,"111":0,"112":0,"113":0,"114":0,"115":0,"116":0,"117":0,"118":0,"119":0,"120":0,"121":0,"122":0,"123":0,"124":0,"125":0,"126":0,"127":0,"128":0,"129":0,"130":0,"131":0,"132":0,"133":0,"134":0,"135":0,"136":0,"137":0,"138":0,"139":0,"140":0,"141":0,"142":0,"143":0,"144":0,"145":0,"146":0,"147":0,"148":0,"149":0,"150":0,"151":0,"152":0,"153":0,"154":0,"155":0,"156":0,"157":0,"158":0,"159":0,"160":0,"161":0,"162":0,"163":0,"164":0,"165":0,"166":0,"167":0,"168":0,"169":0,"170":0,"171":0,"172":0,"173":0},"f":{"0":0,"1":0,"2":0,"3":0,"4":0,"5":0,"6":0,"7":0,"8":0},"b":{"0":[0],"1":[0],"2":[0],"3":[0,0],"4":[0],"5":[0],"6":[0,0],"7":[0,0],"8":[0,0],"9":[0,0],"10":[0,0],"11":[0],"12":[0],"13":[0],"14":[0],"15":[0,0],"16":[0,0],"17":[0,0],"18":[0],"19":[0],"20":[0],"21":[0],"22":[0],"23":[0,0],"24":[0],"25":[0],"26":[0],"27":[0],"28":[0,0],"29":[0],"30":[0],"31":[0],"32":[0],"33":[0,0],"34":[0],"35":[0],"36":[0,0],"37":[0],"38":[0],"39":[0,0],"40":[0],"41":[0],"42":[0],"43":[0,0],"44":[0,0],"45":[0]}}
,"/Users/sebastian/Desktop/cigar-accessories-v5/lib/prisma.ts": {"path":"/Users/sebastian/Desktop/cigar-accessories-v5/lib/prisma.ts","statementMap":{"0":{"start":{"line":5,"column":13},"end":{"line":5,"column":null}},"1":{"start":{"line":1,"column":29},"end":{"line":1,"column":null}},"2":{"start":{"line":3,"column":24},"end":{"line":3,"column":null}},"3":{"start":{"line":6,"column":2},"end":{"line":9,"column":null}},"4":{"start":{"line":11,"column":0},"end":{"line":11,"column":null}},"5":{"start":{"line":11,"column":43},"end":{"line":11,"column":null}}},"fnMap":{},"branchMap":{"0":{"loc":{"start":{"line":6,"column":2},"end":{"line":9,"column":null}},"type":"binary-expr","locations":[{"start":{"line":6,"column":2},"end":{"line":6,"column":24}},{"start":{"line":7,"column":2},"end":{"line":9,"column":null}}]},"1":{"loc":{"start":{"line":11,"column":0},"end":{"line":11,"column":null}},"type":"if","locations":[{"start":{"line":11,"column":0},"end":{"line":11,"column":null}}]}},"s":{"0":0,"1":0,"2":0,"3":0,"4":0,"5":0},"f":{},"b":{"0":[0,0],"1":[0]}}
,"/Users/sebastian/Desktop/cigar-accessories-v5/lib/utils.ts": {"path":"/Users/sebastian/Desktop/cigar-accessories-v5/lib/utils.ts","statementMap":{"0":{"start":{"line":4,"column":16},"end":{"line":4,"column":18}},"1":{"start":{"line":11,"column":16},"end":{"line":11,"column":27}},"2":{"start":{"line":27,"column":13},"end":{"line":27,"column":31}},"3":{"start":{"line":1,"column":38},"end":{"line":1,"column":null}},"4":{"start":{"line":2,"column":24},"end":{"line":2,"column":null}},"5":{"start":{"line":5,"column":2},"end":{"line":5,"column":null}},"6":{"start":{"line":12,"column":23},"end":{"line":16,"column":null}},"7":{"start":{"line":17,"column":2},"end":{"line":23,"column":null}},"8":{"start":{"line":27,"column":34},"end":{"line":43,"column":null}},"9":{"start":{"line":28,"column":2},"end":{"line":28,"column":null}},"10":{"start":{"line":28,"column":12},"end":{"line":28,"column":null}},"11":{"start":{"line":29,"column":2},"end":{"line":42,"column":null}},"12":{"start":{"line":30,"column":18},"end":{"line":30,"column":null}},"13":{"start":{"line":31,"column":4},"end":{"line":31,"column":37}},"14":{"start":{"line":31,"column":26},"end":{"line":31,"column":37}},"15":{"start":{"line":32,"column":23},"end":{"line":32,"column":31}},"16":{"start":{"line":34,"column":4},"end":{"line":34,"column":null}},"17":{"start":{"line":36,"column":25},"end":{"line":36,"column":null}},"18":{"start":{"line":37,"column":21},"end":{"line":37,"column":null}},"19":{"start":{"line":38,"column":4},"end":{"line":38,"column":null}},"20":{"start":{"line":40,"column":4},"end":{"line":40,"column":null}},"21":{"start":{"line":41,"column":4},"end":{"line":41,"column":15}}},"fnMap":{"0":{"name":"cn","decl":{"start":{"line":4,"column":16},"end":{"line":4,"column":18}},"loc":{"start":{"line":4,"column":42},"end":{"line":6,"column":null}}},"1":{"name":"formatPrice","decl":{"start":{"line":11,"column":16},"end":{"line":11,"column":27}},"loc":{"start":{"line":11,"column":119},"end":{"line":24,"column":null}}},"2":{"name":"(anonymous_6)","decl":{"start":{"line":27,"column":34},"end":{"line":27,"column":35}},"loc":{"start":{"line":27,"column":35},"end":{"line":43,"column":null}}}},"branchMap":{"0":{"loc":{"start":{"line":11,"column":81},"end":{"line":11,"column":119}},"type":"default-arg","locations":[{"start":{"line":11,"column":117},"end":{"line":11,"column":119}}]},"1":{"loc":{"start":{"line":12,"column":23},"end":{"line":16,"column":null}},"type":"cond-expr","locations":[{"start":{"line":13,"column":6},"end":{"line":13,"column":23}},{"start":{"line":14,"column":6},"end":{"line":16,"column":null}}]},"2":{"loc":{"start":{"line":12,"column":23},"end":{"line":12,"column":null}},"type":"binary-expr","locations":[{"start":{"line":12,"column":23},"end":{"line":12,"column":52}},{"start":{"line":12,"column":52},"end":{"line":12,"column":70}},{"start":{"line":12,"column":70},"end":{"line":12,"column":null}}]},"3":{"loc":{"start":{"line":14,"column":6},"end":{"line":16,"column":null}},"type":"cond-expr","locations":[{"start":{"line":15,"column":6},"end":{"line":15,"column":null}},{"start":{"line":16,"column":6},"end":{"line":16,"column":null}}]},"4":{"loc":{"start":{"line":16,"column":6},"end":{"line":16,"column":null}},"type":"binary-expr","locations":[{"start":{"line":16,"column":6},"end":{"line":16,"column":15}},{"start":{"line":16,"column":15},"end":{"line":16,"column":null}}]},"5":{"loc":{"start":{"line":19,"column":14},"end":{"line":19,"column":null}},"type":"binary-expr","locations":[{"start":{"line":19,"column":14},"end":{"line":19,"column":30}},{"start":{"line":19,"column":34},"end":{"line":19,"column":null}}]},"6":{"loc":{"start":{"line":20,"column":27},"end":{"line":20,"column":null}},"type":"binary-expr","locations":[{"start":{"line":20,"column":27},"end":{"line":20,"column":56}},{"start":{"line":20,"column":60},"end":{"line":20,"column":null}}]},"7":{"loc":{"start":{"line":21,"column":27},"end":{"line":21,"column":null}},"type":"binary-expr","locations":[{"start":{"line":21,"column":27},"end":{"line":21,"column":56}},{"start":{"line":21,"column":60},"end":{"line":21,"column":null}}]},"8":{"loc":{"start":{"line":28,"column":2},"end":{"line":28,"column":null}},"type":"if","locations":[{"start":{"line":28,"column":2},"end":{"line":28,"column":null}}]},"9":{"loc":{"start":{"line":31,"column":4},"end":{"line":31,"column":37}},"type":"if","locations":[{"start":{"line":31,"column":4},"end":{"line":31,"column":37}}]},"10":{"loc":{"start":{"line":37,"column":21},"end":{"line":37,"column":null}},"type":"cond-expr","locations":[{"start":{"line":37,"column":41},"end":{"line":37,"column":83}},{"start":{"line":37,"column":83},"end":{"line":37,"column":null}}]}},"s":{"0":2,"1":11,"2":2,"3":2,"4":2,"5":2,"6":11,"7":11,"8":2,"9":2,"10":0,"11":2,"12":2,"13":2,"14":0,"15":2,"16":2,"17":2,"18":2,"19":2,"20":0,"21":0},"f":{"0":2,"1":11,"2":2},"b":{"0":[9],"1":[1,10],"2":[11,2,1],"3":[2,8],"4":[8,2],"5":[11,10],"6":[11,10],"7":[11,10],"8":[0],"9":[0],"10":[2,0]}}
,"/Users/sebastian/Desktop/cigar-accessories-v5/lib/withError.ts": {"path":"/Users/sebastian/Desktop/cigar-accessories-v5/lib/withError.ts","statementMap":{"0":{"start":{"line":7,"column":16},"end":{"line":7,"column":26}},"1":{"start":{"line":1,"column":29},"end":{"line":1,"column":null}},"2":{"start":{"line":8,"column":2},"end":{"line":18,"column":null}},"3":{"start":{"line":9,"column":4},"end":{"line":17,"column":null}},"4":{"start":{"line":10,"column":6},"end":{"line":10,"column":null}},"5":{"start":{"line":12,"column":6},"end":{"line":12,"column":null}},"6":{"start":{"line":13,"column":6},"end":{"line":15,"column":null}}},"fnMap":{"0":{"name":"withError","decl":{"start":{"line":7,"column":16},"end":{"line":7,"column":26}},"loc":{"start":{"line":7,"column":43},"end":{"line":19,"column":null}}},"1":{"name":"(anonymous_2)","decl":{"start":{"line":8,"column":9},"end":{"line":8,"column":16}},"loc":{"start":{"line":8,"column":19},"end":{"line":18,"column":null}}}},"branchMap":{"0":{"loc":{"start":{"line":14,"column":17},"end":{"line":14,"column":58}},"type":"binary-expr","locations":[{"start":{"line":14,"column":17},"end":{"line":14,"column":30}},{"start":{"line":14,"column":34},"end":{"line":14,"column":58}}]},"1":{"loc":{"start":{"line":15,"column":18},"end":{"line":15,"column":38}},"type":"binary-expr","locations":[{"start":{"line":15,"column":18},"end":{"line":15,"column":30}},{"start":{"line":15,"column":34},"end":{"line":15,"column":38}}]}},"s":{"0":0,"1":0,"2":0,"3":0,"4":0,"5":0,"6":0},"f":{"0":0,"1":0},"b":{"0":[0,0],"1":[0,0]}}
}
