TN:
SF:app/(routes)/page.tsx
FN:16,getFeaturedProducts
FN:41,HomePage
FN:68,(anonymous_6)
FNF:3
FNH:0
FNDA:0,getFeaturedProducts
FNDA:0,HomePage
FNDA:0,(anonymous_6)
DA:1,0
DA:6,0
DA:17,0
DA:19,0
DA:24,0
DA:26,0
DA:29,0
DA:32,0
DA:34,0
DA:36,0
DA:37,0
DA:41,0
DA:42,0
DA:69,0
LF:14
LH:0
BRDA:24,0,0,0
BRDA:67,1,0,0
BRF:2
BRH:0
end_of_record
TN:
SF:app/(routes)/account/addresses/page.tsx
FN:41,(anonymous_2)
FN:46,(anonymous_3)
FN:51,(anonymous_4)
FN:56,(anonymous_5)
FN:62,AddressesPage
FN:83,(anonymous_7)
FN:88,(anonymous_8)
FN:94,(anonymous_9)
FN:100,(anonymous_10)
FN:106,(anonymous_11)
FN:112,(anonymous_12)
FN:119,(anonymous_13)
FN:124,(anonymous_14)
FN:129,(anonymous_15)
FN:139,(anonymous_16)
FN:149,(anonymous_17)
FN:172,(anonymous_18)
FN:210,(anonymous_19)
FN:222,(anonymous_20)
FN:226,(anonymous_21)
FNF:20
FNH:0
FNDA:0,(anonymous_2)
FNDA:0,(anonymous_3)
FNDA:0,(anonymous_4)
FNDA:0,(anonymous_5)
FNDA:0,AddressesPage
FNDA:0,(anonymous_7)
FNDA:0,(anonymous_8)
FNDA:0,(anonymous_9)
FNDA:0,(anonymous_10)
FNDA:0,(anonymous_11)
FNDA:0,(anonymous_12)
FNDA:0,(anonymous_13)
FNDA:0,(anonymous_14)
FNDA:0,(anonymous_15)
FNDA:0,(anonymous_16)
FNDA:0,(anonymous_17)
FNDA:0,(anonymous_18)
FNDA:0,(anonymous_19)
FNDA:0,(anonymous_20)
FNDA:0,(anonymous_21)
DA:3,0
DA:4,0
DA:5,0
DA:6,0
DA:7,0
DA:9,0
DA:10,0
DA:11,0
DA:12,0
DA:13,0
DA:14,0
DA:15,0
DA:24,0
DA:41,0
DA:42,0
DA:43,0
DA:46,0
DA:47,0
DA:48,0
DA:51,0
DA:52,0
DA:53,0
DA:56,0
DA:57,0
DA:62,0
DA:63,0
DA:64,0
DA:65,0
DA:68,0
DA:69,0
DA:70,0
DA:74,0
DA:82,0
DA:84,0
DA:85,0
DA:86,0
DA:89,0
DA:93,0
DA:95,0
DA:96,0
DA:97,0
DA:98,0
DA:101,0
DA:105,0
DA:107,0
DA:108,0
DA:109,0
DA:110,0
DA:113,0
DA:119,0
DA:120,0
DA:121,0
DA:124,0
DA:125,0
DA:126,0
DA:129,0
DA:135,0
DA:136,0
DA:139,0
DA:140,0
DA:142,0
DA:145,0
DA:149,0
DA:150,0
DA:151,0
DA:157,0
DA:161,0
DA:165,0
DA:172,0
DA:211,0
DA:222,0
DA:226,0
LF:72
LH:0
BRDA:89,0,0,0
BRDA:89,0,1,0
BRDA:101,1,0,0
BRDA:101,1,1,0
BRDA:113,2,0,0
BRDA:113,2,1,0
BRDA:140,3,0,0
BRDA:140,3,1,0
BRDA:150,4,0,0
BRDA:157,5,0,0
BRDA:157,6,0,0
BRDA:157,6,1,0
BRDA:157,6,2,0
BRDA:161,7,0,0
BRDA:162,8,0,0
BRDA:162,8,1,0
BRDA:162,9,0,0
BRDA:162,9,1,0
BRDA:162,9,2,0
BRDA:162,9,3,0
BRDA:165,10,0,0
BRDA:165,10,1,0
BRDA:165,10,2,0
BRDA:184,11,0,0
BRDA:184,11,1,0
BRDA:187,12,0,0
BRDA:187,12,1,0
BRDA:189,13,0,0
BRDA:189,13,1,0
BRDA:209,14,0,0
BRDA:208,15,0,0
BRDA:208,15,1,0
BRDA:216,16,0,0
BRDA:217,17,0,0
BRF:34
BRH:0
end_of_record
TN:
SF:app/(routes)/account/orders/page.tsx
FN:36,(anonymous_2)
FN:47,(anonymous_3)
FN:52,(anonymous_4)
FN:61,(anonymous_5)
FN:78,OrdersPage
FN:84,(anonymous_7)
FN:124,(anonymous_8)
FN:148,(anonymous_9)
FN:148,(anonymous_10)
FN:159,(anonymous_11)
FN:159,(anonymous_12)
FNF:11
FNH:0
FNDA:0,(anonymous_2)
FNDA:0,(anonymous_3)
FNDA:0,(anonymous_4)
FNDA:0,(anonymous_5)
FNDA:0,OrdersPage
FNDA:0,(anonymous_7)
FNDA:0,(anonymous_8)
FNDA:0,(anonymous_9)
FNDA:0,(anonymous_10)
FNDA:0,(anonymous_11)
FNDA:0,(anonymous_12)
DA:3,0
DA:4,0
DA:5,0
DA:6,0
DA:7,0
DA:8,0
DA:9,0
DA:11,0
DA:12,0
DA:13,0
DA:14,0
DA:15,0
DA:33,0
DA:36,0
DA:37,0
DA:43,0
DA:47,0
DA:48,0
DA:52,0
DA:53,0
DA:54,0
DA:56,0
DA:61,0
DA:62,0
DA:65,0
DA:67,0
DA:69,0
DA:71,0
DA:73,0
DA:78,0
DA:79,0
DA:80,0
DA:82,0
DA:84,0
DA:91,0
DA:92,0
DA:94,0
DA:99,0
DA:125,0
DA:148,0
DA:159,0
LF:41
LH:0
BRDA:62,0,0,0
BRDA:62,0,1,0
BRDA:62,0,2,0
BRDA:62,0,3,0
BRDA:62,0,4,0
BRDA:62,0,5,0
BRDA:91,1,0,0
BRDA:91,1,1,0
BRDA:92,2,0,0
BRDA:92,2,1,0
BRDA:94,3,0,0
BRDA:94,4,0,0
BRDA:94,4,1,0
BRDA:94,4,2,0
BRDA:94,4,3,0
BRDA:99,5,0,0
BRDA:100,6,0,0
BRDA:100,6,1,0
BRDA:100,7,0,0
BRDA:100,7,1,0
BRDA:100,7,2,0
BRDA:100,7,3,0
BRDA:112,8,0,0
BRDA:143,9,0,0
BRDA:149,10,0,0
BRDA:149,10,1,0
BRDA:160,11,0,0
BRDA:160,11,1,0
BRF:28
BRH:0
end_of_record
TN:
SF:app/(routes)/account/orders/[id]/page.tsx
FN:53,(anonymous_2)
FN:59,(anonymous_3)
FN:64,(anonymous_4)
FN:73,(anonymous_5)
FN:89,OrderDetailPage
FN:96,(anonymous_7)
FN:151,(anonymous_8)
FNF:7
FNH:0
FNDA:0,(anonymous_2)
FNDA:0,(anonymous_3)
FNDA:0,(anonymous_4)
FNDA:0,(anonymous_5)
FNDA:0,OrderDetailPage
FNDA:0,(anonymous_7)
FNDA:0,(anonymous_8)
DA:3,0
DA:4,0
DA:5,0
DA:6,0
DA:7,0
DA:8,0
DA:9,0
DA:11,0
DA:12,0
DA:13,0
DA:14,0
DA:15,0
DA:16,0
DA:53,0
DA:54,0
DA:55,0
DA:59,0
DA:60,0
DA:64,0
DA:65,0
DA:66,0
DA:68,0
DA:73,0
DA:74,0
DA:77,0
DA:79,0
DA:81,0
DA:83,0
DA:85,0
DA:89,0
DA:90,0
DA:91,0
DA:92,0
DA:94,0
DA:96,0
DA:103,0
DA:108,0
DA:109,0
DA:110,0
DA:116,0
DA:152,0
LF:41
LH:0
BRDA:74,0,0,0
BRDA:74,0,1,0
BRDA:74,0,2,0
BRDA:74,0,3,0
BRDA:74,0,4,0
BRDA:74,0,5,0
BRDA:98,1,0,0
BRDA:98,1,1,0
BRDA:103,2,0,0
BRDA:103,3,0,0
BRDA:103,3,1,0
BRDA:103,3,2,0
BRDA:108,4,0,0
BRDA:109,5,0,0
BRDA:109,6,0,0
BRDA:109,6,1,0
BRDA:113,7,0,0
BRDA:113,7,1,0
BRDA:113,8,0,0
BRDA:113,8,1,0
BRDA:113,8,2,0
BRDA:113,8,3,0
BRDA:116,9,0,0
BRDA:155,10,0,0
BRDA:155,10,1,0
BRDA:181,11,0,0
BRDA:194,12,0,0
BRDA:194,12,1,0
BRF:28
BRH:0
end_of_record
TN:
SF:app/(routes)/account/orders/[orderId]/page.tsx
FN:19,(anonymous_2)
FN:59,(anonymous_3)
FN:107,(anonymous_4)
FNF:3
FNH:0
FNDA:0,(anonymous_2)
FNDA:0,(anonymous_3)
FNDA:0,(anonymous_4)
DA:1,0
DA:2,0
DA:3,0
DA:4,0
DA:5,0
DA:6,0
DA:7,0
DA:8,0
DA:9,0
DA:10,0
DA:11,0
DA:19,0
DA:20,0
DA:22,0
DA:24,0
DA:27,0
DA:29,0
DA:30,0
DA:33,0
DA:52,0
DA:53,0
DA:59,0
DA:60,0
DA:61,0
DA:66,0
DA:108,0
DA:180,0
LF:27
LH:0
BRDA:22,0,0,0
BRDA:29,1,0,0
BRDA:52,2,0,0
BRDA:66,3,0,0
BRDA:66,3,1,0
BRDA:80,4,0,0
BRDA:80,4,1,0
BRDA:80,5,0,0
BRDA:80,5,1,0
BRDA:109,6,0,0
BRDA:109,6,1,0
BRDA:127,7,0,0
BRDA:129,8,0,0
BRDA:144,9,0,0
BRDA:144,9,1,0
BRDA:147,10,0,0
BRF:16
BRH:0
end_of_record
TN:
SF:app/(routes)/account/profile/page.tsx
FN:44,ProfilePage
FN:59,(anonymous_6)
FN:60,(anonymous_7)
FN:89,(anonymous_8)
FNF:4
FNH:0
FNDA:0,ProfilePage
FNDA:0,(anonymous_6)
FNDA:0,(anonymous_7)
FNDA:0,(anonymous_8)
DA:3,0
DA:4,0
DA:5,0
DA:6,0
DA:7,0
DA:8,0
DA:9,0
DA:16,0
DA:17,0
DA:18,0
DA:19,0
DA:27,0
DA:28,0
DA:31,0
DA:44,0
DA:45,0
DA:46,0
DA:47,0
DA:48,0
DA:49,0
DA:51,0
DA:59,0
DA:60,0
DA:61,0
DA:62,0
DA:63,0
DA:64,0
DA:65,0
DA:66,0
DA:68,0
DA:69,0
DA:75,0
DA:77,0
DA:80,0
DA:85,0
DA:89,0
DA:90,0
DA:91,0
DA:92,0
DA:93,0
DA:94,0
DA:97,0
DA:99,0
DA:104,0
DA:105,0
DA:111,0
DA:115,0
DA:137,0
LF:48
LH:0
BRDA:61,0,0,0
BRDA:61,0,1,0
BRDA:66,1,0,0
BRDA:66,1,1,0
BRDA:77,2,0,0
BRDA:94,3,0,0
BRDA:94,3,1,0
BRDA:115,4,0,0
BRDA:115,5,0,0
BRDA:115,5,1,0
BRDA:137,6,0,0
BRDA:137,7,0,0
BRDA:137,7,1,0
BRDA:154,8,0,0
BRDA:154,8,1,0
BRDA:172,9,0,0
BRDA:172,9,1,0
BRDA:173,10,0,0
BRDA:173,10,1,0
BRF:19
BRH:0
end_of_record
TN:
SF:app/(routes)/account/reviews/page.tsx
FN:35,(anonymous_2)
FN:43,(anonymous_3)
FN:47,ReviewsPage
FN:67,(anonymous_5)
FN:73,(anonymous_6)
FN:84,(anonymous_7)
FN:91,(anonymous_8)
FN:97,(anonymous_9)
FN:104,(anonymous_10)
FN:111,(anonymous_11)
FN:143,(anonymous_12)
FN:162,(anonymous_13)
FN:172,(anonymous_14)
FN:176,(anonymous_15)
FNF:14
FNH:0
FNDA:0,(anonymous_2)
FNDA:0,(anonymous_3)
FNDA:0,ReviewsPage
FNDA:0,(anonymous_5)
FNDA:0,(anonymous_6)
FNDA:0,(anonymous_7)
FNDA:0,(anonymous_8)
FNDA:0,(anonymous_9)
FNDA:0,(anonymous_10)
FNDA:0,(anonymous_11)
FNDA:0,(anonymous_12)
FNDA:0,(anonymous_13)
FNDA:0,(anonymous_14)
FNDA:0,(anonymous_15)
DA:3,0
DA:4,0
DA:5,0
DA:6,0
DA:7,0
DA:8,0
DA:9,0
DA:11,0
DA:12,0
DA:13,0
DA:14,0
DA:35,0
DA:38,0
DA:39,0
DA:43,0
DA:44,0
DA:47,0
DA:48,0
DA:49,0
DA:50,0
DA:53,0
DA:54,0
DA:55,0
DA:57,0
DA:66,0
DA:68,0
DA:69,0
DA:70,0
DA:71,0
DA:74,0
DA:84,0
DA:88,0
DA:91,0
DA:94,0
DA:97,0
DA:98,0
DA:99,0
DA:104,0
DA:105,0
DA:106,0
DA:111,0
DA:112,0
DA:113,0
DA:115,0
DA:119,0
DA:123,0
DA:144,0
DA:163,0
DA:172,0
DA:176,0
LF:50
LH:0
BRDA:76,0,0,0
BRDA:76,0,1,0
BRDA:76,1,0,0
BRDA:76,1,1,0
BRDA:76,1,2,0
BRDA:76,1,3,0
BRDA:76,2,0,0
BRDA:76,2,1,0
BRDA:105,3,0,0
BRDA:119,4,0,0
BRDA:119,5,0,0
BRDA:119,5,1,0
BRDA:119,5,2,0
BRDA:123,6,0,0
BRDA:124,7,0,0
BRDA:124,7,1,0
BRDA:124,8,0,0
BRDA:124,8,1,0
BRDA:124,8,2,0
BRDA:124,8,3,0
BRDA:142,9,0,0
BRDA:141,10,0,0
BRDA:141,10,1,0
BRDA:149,11,0,0
BRDA:149,11,1,0
BRDA:163,12,0,0
BRDA:163,12,1,0
BRDA:166,13,0,0
BRDA:166,13,1,0
BRF:29
BRH:0
end_of_record
TN:
SF:app/(routes)/admin/page.tsx
FN:7,(anonymous_5)
FN:7,(anonymous_6)
FN:7,(anonymous_7)
FN:12,(anonymous_10)
FN:12,(anonymous_11)
FN:12,(anonymous_12)
FN:17,(anonymous_15)
FN:17,(anonymous_16)
FN:17,(anonymous_17)
FN:22,(anonymous_20)
FN:22,(anonymous_21)
FN:22,(anonymous_22)
FN:26,AdminDashboardPage
FNF:13
FNH:0
FNDA:0,(anonymous_5)
FNDA:0,(anonymous_6)
FNDA:0,(anonymous_7)
FNDA:0,(anonymous_10)
FNDA:0,(anonymous_11)
FNDA:0,(anonymous_12)
FNDA:0,(anonymous_15)
FNDA:0,(anonymous_16)
FNDA:0,(anonymous_17)
FNDA:0,(anonymous_20)
FNDA:0,(anonymous_21)
FNDA:0,(anonymous_22)
FNDA:0,AdminDashboardPage
DA:3,0
DA:4,0
DA:7,0
DA:12,0
DA:17,0
DA:22,0
DA:26,0
LF:7
LH:0
BRF:0
BRH:0
end_of_record
TN:
SF:app/(routes)/admin/analytics/AnalyticsDashboard.tsx
FN:32,AnalyticsDashboard
FNF:1
FNH:0
FNDA:0,AnalyticsDashboard
DA:3,0
DA:4,0
DA:5,0
DA:6,0
DA:9,0
DA:10,0
DA:11,0
DA:22,0
DA:26,0
DA:32,0
DA:33,0
DA:36,0
DA:40,0
DA:44,0
DA:49,0
DA:50,0
DA:51,0
DA:54,0
LF:18
LH:0
BRDA:49,0,0,0
BRDA:49,0,1,0
BRDA:49,0,2,0
BRDA:50,1,0,0
BRDA:50,1,1,0
BRDA:50,1,2,0
BRDA:51,2,0,0
BRDA:51,2,1,0
BRDA:51,2,2,0
BRDA:51,2,3,0
BRDA:51,2,4,0
BRDA:55,3,0,0
BRDA:55,3,1,0
BRDA:56,4,0,0
BRDA:56,4,1,0
BRDA:63,5,0,0
BRDA:65,6,0,0
BRDA:67,7,0,0
BRDA:74,8,0,0
BRDA:74,8,1,0
BRDA:78,9,0,0
BRDA:78,9,1,0
BRDA:82,10,0,0
BRDA:82,10,1,0
BRDA:86,11,0,0
BRDA:86,11,1,0
BRDA:94,12,0,0
BRDA:108,13,0,0
BRF:28
BRH:0
end_of_record
TN:
SF:app/(routes)/admin/analytics/Filters.tsx
FN:18,Filters
FN:27,(anonymous_3)
FN:43,(anonymous_4)
FN:53,(anonymous_5)
FN:59,(anonymous_6)
FNF:5
FNH:0
FNDA:0,Filters
FNDA:0,(anonymous_3)
FNDA:0,(anonymous_4)
FNDA:0,(anonymous_5)
FNDA:0,(anonymous_6)
DA:3,0
DA:4,0
DA:5,0
DA:18,0
DA:28,0
DA:43,0
DA:53,0
DA:60,0
LF:8
LH:0
BRF:0
BRH:0
end_of_record
TN:
SF:app/(routes)/admin/analytics/page.tsx
FN:9,AnalyticsPage
FNF:1
FNH:0
FNDA:0,AnalyticsPage
DA:1,0
DA:3,0
DA:4,0
DA:5,0
DA:6,0
DA:9,0
DA:10,0
DA:13,0
DA:14,0
LF:9
LH:0
BRDA:13,0,0,0
BRDA:13,1,0,0
BRDA:13,1,1,0
BRF:3
BRH:0
end_of_record
TN:
SF:app/(routes)/admin/customers/page.tsx
FN:31,getUsers
FN:74,AdminCustomersPage
FN:105,CustomerListSkeleton
FNF:3
FNH:0
FNDA:0,getUsers
FNDA:0,AdminCustomersPage
FNDA:0,CustomerListSkeleton
DA:1,0
DA:2,0
DA:3,0
DA:4,0
DA:5,0
DA:32,0
DA:33,0
DA:34,0
DA:37,0
DA:38,0
DA:39,0
DA:40,0
DA:41,0
DA:44,0
DA:46,0
DA:53,0
DA:55,0
DA:56,0
DA:57,0
DA:58,0
DA:62,0
DA:65,0
DA:66,0
DA:68,0
DA:69,0
DA:74,0
DA:79,0
LF:27
LH:0
BRDA:32,0,0,0
BRDA:32,0,1,0
BRDA:33,1,0,0
BRDA:33,1,1,0
BRDA:34,2,0,0
BRDA:34,2,1,0
BRDA:38,3,0,0
BRDA:38,3,1,0
BRDA:39,4,0,0
BRDA:39,4,1,0
BRDA:40,5,0,0
BRDA:41,6,0,0
BRDA:41,6,1,0
BRDA:53,7,0,0
BRDA:79,8,0,0
BRDA:79,8,1,0
BRDA:90,9,0,0
BRF:17
BRH:0
end_of_record
TN:
SF:app/(routes)/admin/customers/[userId]/page.tsx
FN:45,getUserDetails
FN:75,AdminCustomerDetailPage
FN:82,(anonymous_4)
FN:127,(anonymous_5)
FN:158,(anonymous_6)
FNF:5
FNH:0
FNDA:0,getUserDetails
FNDA:0,AdminCustomerDetailPage
FNDA:0,(anonymous_4)
FNDA:0,(anonymous_5)
FNDA:0,(anonymous_6)
DA:1,0
DA:2,0
DA:3,0
DA:4,0
DA:5,0
DA:6,0
DA:7,0
DA:9,0
DA:10,0
DA:46,0
DA:48,0
DA:49,0
DA:56,0
DA:57,0
DA:60,0
DA:61,0
DA:63,0
DA:66,0
DA:67,0
DA:69,0
DA:70,0
DA:75,0
DA:76,0
DA:78,0
DA:79,0
DA:82,0
DA:83,0
DA:128,0
DA:159,0
LF:29
LH:0
BRDA:56,0,0,0
BRDA:60,1,0,0
BRDA:78,2,0,0
BRDA:83,3,0,0
BRDA:83,3,1,0
BRDA:100,4,0,0
BRDA:101,5,0,0
BRDA:101,5,1,0
BRDA:104,6,0,0
BRDA:104,6,1,0
BRDA:105,7,0,0
BRDA:105,7,1,0
BRDA:106,8,0,0
BRDA:106,8,1,0
BRDA:126,9,0,0
BRDA:147,10,0,0
BRDA:170,11,0,0
BRDA:170,11,1,0
BRF:18
BRH:0
end_of_record
TN:
SF:app/(routes)/admin/customers/components/CustomerList.tsx
FN:42,debounce
FN:45,(anonymous_3)
FN:46,(anonymous_4)
FN:50,(anonymous_5)
FN:54,CustomerList
FN:60,(anonymous_7)
FN:63,(anonymous_8)
FN:86,(anonymous_9)
FN:93,(anonymous_10)
FN:129,(anonymous_11)
FN:170,(anonymous_12)
FN:179,(anonymous_13)
FNF:12
FNH:0
FNDA:0,debounce
FNDA:0,(anonymous_3)
FNDA:0,(anonymous_4)
FNDA:0,(anonymous_5)
FNDA:0,CustomerList
FNDA:0,(anonymous_7)
FNDA:0,(anonymous_8)
FNDA:0,(anonymous_9)
FNDA:0,(anonymous_10)
FNDA:0,(anonymous_11)
FNDA:0,(anonymous_12)
FNDA:0,(anonymous_13)
DA:3,0
DA:4,0
DA:5,0
DA:6,0
DA:14,0
DA:15,0
DA:16,0
DA:17,0
DA:43,0
DA:45,0
DA:46,0
DA:47,0
DA:48,0
DA:50,0
DA:54,0
DA:55,0
DA:56,0
DA:57,0
DA:60,0
DA:61,0
DA:63,0
DA:64,0
DA:65,0
DA:67,0
DA:72,0
DA:73,0
DA:76,0
DA:77,0
DA:79,0
DA:83,0
DA:86,0
DA:87,0
DA:88,0
DA:89,0
DA:93,0
DA:94,0
DA:97,0
DA:98,0
DA:99,0
DA:130,0
DA:170,0
DA:179,0
LF:42
LH:0
BRDA:47,0,0,0
BRDA:57,1,0,0
BRDA:57,1,1,0
BRDA:64,2,0,0
BRDA:64,2,1,0
BRDA:72,3,0,0
BRDA:77,4,0,0
BRDA:77,4,1,0
BRDA:129,5,0,0
BRDA:136,6,0,0
BRDA:136,6,1,0
BRDA:137,7,0,0
BRDA:137,7,1,0
BRDA:161,8,0,0
BRF:14
BRH:0
end_of_record
TN:
SF:app/(routes)/admin/orders/DeleteOrderModal.tsx
FN:15,DeleteOrderModal
FN:24,(anonymous_5)
FN:54,(anonymous_6)
FNF:3
FNH:0
FNDA:0,DeleteOrderModal
FNDA:0,(anonymous_5)
FNDA:0,(anonymous_6)
DA:3,0
DA:4,0
DA:5,0
DA:6,0
DA:15,0
DA:21,0
DA:22,0
DA:24,0
DA:25,0
DA:26,0
DA:27,0
DA:30,0
DA:31,0
DA:32,0
DA:34,0
DA:35,0
DA:36,0
DA:38,0
DA:40,0
DA:54,0
LF:20
LH:0
BRDA:30,0,0,0
BRDA:32,1,0,0
BRDA:32,1,1,0
BRF:3
BRH:0
end_of_record
TN:
SF:app/(routes)/admin/orders/OrderList.tsx
FN:15,(anonymous_2)
FN:15,(anonymous_3)
FN:25,OrderList
FN:74,(anonymous_5)
FN:80,(anonymous_6)
FN:92,(anonymous_7)
FN:100,(anonymous_8)
FN:129,(anonymous_9)
FN:180,(anonymous_10)
FN:190,(anonymous_11)
FN:214,(anonymous_12)
FN:222,(anonymous_13)
FN:233,(anonymous_14)
FN:246,(anonymous_15)
FNF:14
FNH:0
FNDA:0,(anonymous_2)
FNDA:0,(anonymous_3)
FNDA:0,OrderList
FNDA:0,(anonymous_5)
FNDA:0,(anonymous_6)
FNDA:0,(anonymous_7)
FNDA:0,(anonymous_8)
FNDA:0,(anonymous_9)
FNDA:0,(anonymous_10)
FNDA:0,(anonymous_11)
FNDA:0,(anonymous_12)
FNDA:0,(anonymous_13)
FNDA:0,(anonymous_14)
FNDA:0,(anonymous_15)
DA:3,0
DA:4,0
DA:5,0
DA:6,0
DA:7,0
DA:8,0
DA:9,0
DA:10,0
DA:11,0
DA:12,0
DA:13,0
DA:15,0
DA:17,0
DA:25,0
DA:26,0
DA:27,0
DA:28,0
DA:29,0
DA:32,0
DA:33,0
DA:34,0
DA:36,0
DA:37,0
DA:38,0
DA:39,0
DA:41,0
DA:46,0
DA:54,0
DA:62,0
DA:63,0
DA:75,0
DA:76,0
DA:81,0
DA:93,0
DA:94,0
DA:101,0
DA:102,0
DA:103,0
DA:130,0
DA:181,0
DA:182,0
DA:191,0
DA:192,0
DA:214,0
DA:222,0
DA:234,0
DA:235,0
DA:247,0
DA:248,0
LF:49
LH:0
BRDA:37,0,0,0
BRDA:38,1,0,0
BRDA:46,2,0,0
BRDA:54,3,0,0
BRDA:62,4,0,0
BRDA:62,4,1,0
BRDA:63,5,0,0
BRDA:63,5,1,0
BRDA:122,6,0,0
BRDA:122,6,1,0
BRDA:140,7,0,0
BRDA:140,7,1,0
BRDA:140,7,2,0
BRDA:146,8,0,0
BRDA:146,8,1,0
BRDA:148,9,0,0
BRDA:148,9,1,0
BRDA:150,10,0,0
BRDA:150,10,1,0
BRDA:152,11,0,0
BRDA:152,11,1,0
BRDA:154,12,0,0
BRDA:154,12,1,0
BRDA:163,13,0,0
BRDA:163,13,1,0
BRDA:166,14,0,0
BRDA:166,14,1,0
BRDA:230,15,0,0
BRDA:235,16,0,0
BRDA:243,17,0,0
BRDA:248,18,0,0
BRF:31
BRH:0
end_of_record
TN:
SF:app/(routes)/admin/orders/StatusUpdateModal.tsx
FN:34,StatusUpdateModal
FN:52,(anonymous_5)
FN:56,(anonymous_6)
FN:90,(anonymous_7)
FN:101,(anonymous_8)
FNF:5
FNH:0
FNDA:0,StatusUpdateModal
FNDA:0,(anonymous_5)
FNDA:0,(anonymous_6)
FNDA:0,(anonymous_7)
FNDA:0,(anonymous_8)
DA:3,0
DA:4,0
DA:5,0
DA:7,0
DA:8,0
DA:9,0
DA:10,0
DA:12,0
DA:26,0
DA:34,0
DA:41,0
DA:47,0
DA:52,0
DA:53,0
DA:56,0
DA:57,0
DA:58,0
DA:63,0
DA:64,0
DA:65,0
DA:67,0
DA:68,0
DA:69,0
DA:71,0
DA:91,0
DA:101,0
LF:26
LH:0
BRDA:63,0,0,0
BRDA:65,1,0,0
BRDA:65,1,1,0
BRDA:96,2,0,0
BRF:4
BRH:0
end_of_record
TN:
SF:app/(routes)/admin/orders/page.tsx
FN:8,AdminOrdersPage
FNF:1
FNH:0
FNDA:0,AdminOrdersPage
DA:2,0
DA:4,0
DA:5,0
DA:6,0
DA:8,0
LF:5
LH:0
BRF:0
BRH:0
end_of_record
TN:
SF:app/(routes)/admin/orders/[id]/OrderDetail.tsx
FN:15,(anonymous_2)
FN:15,(anonymous_3)
FN:17,OrderDetail
FN:53,(anonymous_5)
FN:60,(anonymous_6)
FN:107,(anonymous_7)
FN:130,(anonymous_8)
FNF:7
FNH:0
FNDA:0,(anonymous_2)
FNDA:0,(anonymous_3)
FNDA:0,OrderDetail
FNDA:0,(anonymous_5)
FNDA:0,(anonymous_6)
FNDA:0,(anonymous_7)
FNDA:0,(anonymous_8)
DA:3,0
DA:4,0
DA:5,0
DA:6,0
DA:7,0
DA:8,0
DA:9,0
DA:15,0
DA:17,0
DA:18,0
DA:22,0
DA:24,0
DA:25,0
DA:27,0
DA:35,0
DA:43,0
DA:53,0
DA:60,0
DA:108,0
DA:131,0
LF:20
LH:0
BRDA:27,0,0,0
BRDA:35,1,0,0
BRDA:35,2,0,0
BRDA:35,2,1,0
BRDA:72,3,0,0
BRDA:72,3,1,0
BRDA:72,3,2,0
BRDA:75,4,0,0
BRDA:75,4,1,0
BRDA:79,5,0,0
BRDA:79,5,1,0
BRDA:83,6,0,0
BRDA:83,6,1,0
BRDA:88,7,0,0
BRDA:88,7,1,0
BRDA:107,8,0,0
BRDA:106,9,0,0
BRDA:106,9,1,0
BRDA:109,10,0,0
BRDA:109,10,1,0
BRF:20
BRH:0
end_of_record
TN:
SF:app/(routes)/admin/orders/[id]/page.tsx
FN:3,OrderDetailPage
FNF:1
FNH:0
FNDA:0,OrderDetailPage
DA:1,0
DA:3,0
LF:2
LH:0
BRF:0
BRH:0
end_of_record
TN:
SF:app/(routes)/admin/orders/[orderId]/page.tsx
FN:18,(anonymous_2)
FN:31,(anonymous_3)
FN:51,getOrderDetails
FN:103,(anonymous_5)
FN:114,AdminOrderDetailPage
FN:176,(anonymous_7)
FNF:6
FNH:0
FNDA:0,(anonymous_2)
FNDA:0,(anonymous_3)
FNDA:0,getOrderDetails
FNDA:0,(anonymous_5)
FNDA:0,AdminOrderDetailPage
FNDA:0,(anonymous_7)
DA:2,0
DA:3,0
DA:4,0
DA:5,0
DA:6,0
DA:7,0
DA:8,0
DA:9,0
DA:10,0
DA:11,0
DA:12,0
DA:13,0
DA:15,0
DA:18,0
DA:19,0
DA:20,0
DA:21,0
DA:22,0
DA:23,0
DA:24,0
DA:25,0
DA:26,0
DA:31,0
DA:32,0
DA:33,0
DA:52,0
DA:53,0
DA:55,0
DA:59,0
DA:84,0
DA:85,0
DA:89,0
DA:90,0
DA:92,0
DA:93,0
DA:99,0
DA:103,0
DA:105,0
DA:106,0
DA:110,0
DA:114,0
DA:115,0
DA:117,0
DA:118,0
DA:119,0
DA:122,0
DA:124,0
DA:125,0
DA:127,0
DA:128,0
DA:131,0
DA:135,0
DA:136,0
DA:177,0
LF:54
LH:0
BRDA:19,0,0,0
BRDA:19,0,1,0
BRDA:19,0,2,0
BRDA:19,0,3,0
BRDA:19,0,4,0
BRDA:19,0,5,0
BRDA:19,0,6,0
BRDA:32,1,0,0
BRDA:32,2,0,0
BRDA:32,2,1,0
BRDA:53,3,0,0
BRDA:84,4,0,0
BRDA:92,5,0,0
BRDA:92,6,0,0
BRDA:92,6,1,0
BRDA:105,7,0,0
BRDA:105,7,1,0
BRDA:124,8,0,0
BRDA:127,9,0,0
BRDA:135,10,0,0
BRDA:180,11,0,0
BRDA:180,11,1,0
BRDA:190,12,0,0
BRDA:190,12,1,0
BRDA:190,13,0,0
BRDA:190,13,1,0
BRDA:190,14,0,0
BRDA:190,14,1,0
BRDA:190,15,0,0
BRDA:190,15,1,0
BRDA:218,16,0,0
BRDA:218,16,1,0
BRDA:219,17,0,0
BRDA:219,17,1,0
BRDA:225,18,0,0
BRDA:227,19,0,0
BRDA:234,20,0,0
BRDA:234,20,1,0
BRDA:241,21,0,0
BRDA:252,22,0,0
BRDA:253,23,0,0
BRDA:253,23,1,0
BRF:42
BRH:0
end_of_record
TN:
SF:app/(routes)/admin/orders/[orderId]/components/OrderStatusUpdater.tsx
FN:37,OrderStatusUpdater
FN:45,(anonymous_5)
FN:55,(anonymous_6)
FN:94,(anonymous_7)
FN:101,(anonymous_8)
FNF:5
FNH:0
FNDA:0,OrderStatusUpdater
FNDA:0,(anonymous_5)
FNDA:0,(anonymous_6)
FNDA:0,(anonymous_7)
FNDA:0,(anonymous_8)
DA:4,0
DA:5,0
DA:12,0
DA:13,0
DA:14,0
DA:17,0
DA:23,0
DA:37,0
DA:38,0
DA:39,0
DA:40,0
DA:41,0
DA:43,0
DA:45,0
DA:46,0
DA:47,0
DA:52,0
DA:55,0
DA:56,0
DA:57,0
DA:63,0
DA:64,0
DA:65,0
DA:68,0
DA:73,0
DA:74,0
DA:76,0
DA:77,0
DA:86,0
DA:94,0
DA:102,0
LF:31
LH:0
BRDA:43,0,0,0
BRDA:43,0,1,0
BRDA:46,1,0,0
BRDA:46,2,0,0
BRDA:46,2,1,0
BRDA:63,3,0,0
BRDA:65,4,0,0
BRDA:65,4,1,0
BRDA:79,5,0,0
BRDA:79,5,1,0
BRDA:86,6,0,0
BRDA:110,7,0,0
BRDA:110,7,1,0
BRDA:110,7,2,0
BRDA:113,8,0,0
BRDA:113,8,1,0
BRF:16
BRH:0
end_of_record
TN:
SF:app/(routes)/admin/orders/components/OrderListClient.tsx
FN:24,(anonymous_2)
FN:24,(anonymous_3)
FN:32,(anonymous_4)
FN:44,OrderListClient
FN:55,(anonymous_6)
FN:96,(anonymous_7)
FN:130,(anonymous_8)
FN:141,(anonymous_9)
FNF:8
FNH:0
FNDA:0,(anonymous_2)
FNDA:0,(anonymous_3)
FNDA:0,(anonymous_4)
FNDA:0,OrderListClient
FNDA:0,(anonymous_6)
FNDA:0,(anonymous_7)
FNDA:0,(anonymous_8)
FNDA:0,(anonymous_9)
DA:4,0
DA:5,0
DA:6,0
DA:7,0
DA:15,0
DA:16,0
DA:17,0
DA:18,0
DA:20,0
DA:24,0
DA:25,0
DA:26,0
DA:28,0
DA:32,0
DA:33,0
DA:34,0
DA:35,0
DA:36,0
DA:37,0
DA:38,0
DA:39,0
DA:40,0
DA:44,0
DA:45,0
DA:46,0
DA:47,0
DA:48,0
DA:51,0
DA:53,0
DA:55,0
DA:56,0
DA:57,0
DA:58,0
DA:61,0
DA:65,0
DA:69,0
DA:97,0
DA:130,0
DA:141,0
LF:39
LH:0
BRDA:25,0,0,0
BRDA:33,1,0,0
BRDA:33,1,1,0
BRDA:33,1,2,0
BRDA:33,1,3,0
BRDA:33,1,4,0
BRDA:33,1,5,0
BRDA:33,1,6,0
BRDA:47,2,0,0
BRDA:47,2,1,0
BRDA:48,3,0,0
BRDA:48,3,1,0
BRDA:61,4,0,0
BRDA:65,5,0,0
BRDA:69,6,0,0
BRDA:89,7,0,0
BRDA:103,8,0,0
BRDA:103,8,1,0
BRDA:103,8,2,0
BRDA:125,9,0,0
BRDA:125,9,1,0
BRF:21
BRH:0
end_of_record
TN:
SF:app/(routes)/admin/products/page.tsx
FN:22,ProductsPage
FN:29,(anonymous_3)
FN:37,(anonymous_4)
FN:42,(anonymous_5)
FN:47,(anonymous_6)
FN:77,(anonymous_7)
FN:102,(anonymous_8)
FN:124,(anonymous_9)
FN:125,(anonymous_10)
FNF:9
FNH:0
FNDA:0,ProductsPage
FNDA:0,(anonymous_3)
FNDA:0,(anonymous_4)
FNDA:0,(anonymous_5)
FNDA:0,(anonymous_6)
FNDA:0,(anonymous_7)
FNDA:0,(anonymous_8)
FNDA:0,(anonymous_9)
FNDA:0,(anonymous_10)
DA:3,0
DA:4,0
DA:5,0
DA:6,0
DA:7,0
DA:8,0
DA:9,0
DA:10,0
DA:22,0
DA:23,0
DA:24,0
DA:25,0
DA:27,0
DA:30,0
DA:31,0
DA:32,0
DA:36,0
DA:38,0
DA:39,0
DA:40,0
DA:43,0
DA:44,0
DA:45,0
DA:48,0
DA:78,0
DA:102,0
DA:124,0
DA:125,0
LF:28
LH:0
BRDA:31,0,0,0
BRDA:39,1,0,0
BRDA:61,2,0,0
BRDA:63,3,0,0
BRDA:77,4,0,0
BRDA:76,5,0,0
BRDA:76,5,1,0
BRDA:124,6,0,0
BRDA:124,6,1,0
BRF:9
BRH:0
end_of_record
TN:
SF:app/(routes)/admin/products/[id]/edit/page.tsx
FN:7,EditProductPage
FN:14,(anonymous_3)
FN:30,(anonymous_4)
FNF:3
FNH:0
FNDA:0,EditProductPage
FNDA:0,(anonymous_3)
FNDA:0,(anonymous_4)
DA:3,0
DA:4,0
DA:5,0
DA:7,0
DA:8,0
DA:9,0
DA:10,0
DA:12,0
DA:15,0
DA:16,0
DA:17,0
DA:30,0
LF:12
LH:0
BRDA:16,0,0,0
BRDA:23,1,0,0
BRDA:23,1,1,0
BRF:3
BRH:0
end_of_record
TN:
SF:app/(routes)/admin/products/new/page.tsx
FN:6,NewProductPage
FN:12,(anonymous_3)
FNF:2
FNH:0
FNDA:0,NewProductPage
FNDA:0,(anonymous_3)
DA:3,0
DA:4,0
DA:6,0
DA:7,0
DA:12,0
LF:5
LH:0
BRF:0
BRH:0
end_of_record
TN:
SF:app/(routes)/admin/settings/page.tsx
FN:5,(anonymous_2)
FNF:1
FNH:0
FNDA:0,(anonymous_2)
DA:1,0
DA:2,0
DA:3,0
DA:5,0
DA:21,0
LF:5
LH:0
BRF:0
BRH:0
end_of_record
TN:
SF:app/(routes)/admin/settings/components/SettingsForm.tsx
FN:39,(anonymous_4)
FN:55,(anonymous_5)
FN:56,(anonymous_6)
FN:86,(anonymous_7)
FNF:4
FNH:0
FNDA:0,(anonymous_4)
FNDA:0,(anonymous_5)
FNDA:0,(anonymous_6)
FNDA:0,(anonymous_7)
DA:3,0
DA:4,0
DA:5,0
DA:6,0
DA:7,0
DA:15,0
DA:16,0
DA:17,0
DA:18,0
DA:19,0
DA:22,0
DA:39,0
DA:40,0
DA:41,0
DA:42,0
DA:43,0
DA:45,0
DA:55,0
DA:56,0
DA:57,0
DA:58,0
DA:59,0
DA:60,0
DA:61,0
DA:63,0
DA:64,0
DA:66,0
DA:72,0
DA:73,0
DA:79,0
DA:82,0
DA:86,0
DA:87,0
DA:88,0
DA:89,0
DA:97,0
DA:98,0
DA:101,0
DA:102,0
DA:103,0
DA:110,0
DA:115,0
DA:116,0
DA:122,0
DA:126,0
DA:192,0
LF:46
LH:0
BRDA:60,0,0,0
BRDA:67,1,0,0
BRDA:67,1,1,0
BRDA:68,2,0,0
BRDA:68,2,1,0
BRDA:69,3,0,0
BRDA:69,3,1,0
BRDA:97,4,0,0
BRDA:104,5,0,0
BRDA:104,5,1,0
BRDA:105,6,0,0
BRDA:105,6,1,0
BRDA:106,7,0,0
BRDA:106,7,1,0
BRDA:126,8,0,0
BRDA:185,9,0,0
BRDA:185,9,1,0
BRF:17
BRH:0
end_of_record
TN:
SF:app/(routes)/admin/users/DeleteUserModal.tsx
FN:25,DeleteUserModal
FN:36,(anonymous_5)
FNF:2
FNH:0
FNDA:0,DeleteUserModal
FNDA:0,(anonymous_5)
DA:3,0
DA:10,0
DA:11,0
DA:12,0
DA:25,0
DA:31,0
DA:32,0
DA:34,0
DA:36,0
DA:37,0
DA:38,0
DA:39,0
DA:42,0
DA:43,0
DA:44,0
DA:50,0
DA:55,0
DA:56,0
DA:59,0
DA:65,0
LF:20
LH:0
BRDA:34,0,0,0
BRDA:34,0,1,0
BRDA:43,1,0,0
BRDA:43,1,1,0
BRDA:46,2,0,0
BRDA:46,2,1,0
BRDA:79,3,0,0
BRDA:95,4,0,0
BRDA:95,4,1,0
BRF:9
BRH:0
end_of_record
TN:
SF:app/(routes)/admin/users/UserEditModal.tsx
FN:40,UserEditModal
FN:73,(anonymous_5)
FN:86,(anonymous_6)
FNF:3
FNH:0
FNDA:0,UserEditModal
FNDA:0,(anonymous_5)
FNDA:0,(anonymous_6)
DA:3,0
DA:10,0
DA:11,0
DA:12,0
DA:13,0
DA:14,0
DA:15,0
DA:16,0
DA:19,0
DA:40,0
DA:47,0
DA:48,0
DA:52,0
DA:63,0
DA:73,0
DA:74,0
DA:86,0
DA:87,0
DA:88,0
DA:89,0
DA:94,0
DA:95,0
DA:96,0
DA:102,0
DA:107,0
DA:108,0
DA:111,0
DA:117,0
DA:122,0
LF:29
LH:0
BRDA:52,0,0,0
BRDA:52,0,1,0
BRDA:52,1,0,0
BRDA:52,1,1,0
BRDA:54,2,0,0
BRDA:54,2,1,0
BRDA:78,3,0,0
BRDA:78,3,1,0
BRDA:78,4,0,0
BRDA:78,4,1,0
BRDA:80,5,0,0
BRDA:80,5,1,0
BRDA:95,6,0,0
BRDA:95,6,1,0
BRDA:98,7,0,0
BRDA:98,7,1,0
BRDA:122,8,0,0
BRDA:122,8,1,0
BRDA:145,9,0,0
BRDA:160,10,0,0
BRDA:171,11,0,0
BRDA:171,11,1,0
BRDA:178,12,0,0
BRDA:181,13,0,0
BRDA:192,14,0,0
BRDA:192,14,1,0
BRF:26
BRH:0
end_of_record
TN:
SF:app/(routes)/admin/users/UserList.tsx
FN:22,(anonymous_2)
FN:22,(anonymous_3)
FN:24,LoadingContent
FN:50,UserList
FN:69,(anonymous_6)
FN:78,(anonymous_7)
FN:87,(anonymous_8)
FN:112,(anonymous_9)
FN:119,(anonymous_10)
FN:122,(anonymous_11)
FN:125,(anonymous_12)
FN:148,(anonymous_13)
FN:148,(anonymous_14)
FN:159,(anonymous_15)
FN:159,(anonymous_16)
FNF:15
FNH:0
FNDA:0,(anonymous_2)
FNDA:0,(anonymous_3)
FNDA:0,LoadingContent
FNDA:0,UserList
FNDA:0,(anonymous_6)
FNDA:0,(anonymous_7)
FNDA:0,(anonymous_8)
FNDA:0,(anonymous_9)
FNDA:0,(anonymous_10)
FNDA:0,(anonymous_11)
FNDA:0,(anonymous_12)
FNDA:0,(anonymous_13)
FNDA:0,(anonymous_14)
FNDA:0,(anonymous_15)
FNDA:0,(anonymous_16)
DA:3,0
DA:4,0
DA:5,0
DA:6,0
DA:7,0
DA:22,0
DA:33,0
DA:40,0
DA:50,0
DA:51,0
DA:52,0
DA:53,0
DA:55,0
DA:56,0
DA:57,0
DA:58,0
DA:59,0
DA:61,0
DA:66,0
DA:69,0
DA:71,0
DA:78,0
DA:80,0
DA:87,0
DA:89,0
DA:113,0
DA:119,0
DA:122,0
DA:125,0
DA:148,0
DA:159,0
LF:31
LH:0
BRDA:33,0,0,0
BRDA:40,1,0,0
BRDA:56,2,0,0
BRDA:57,3,0,0
BRDA:66,4,0,0
BRDA:66,4,1,0
BRDA:112,5,0,0
BRDA:142,6,0,0
BRF:8
BRH:0
end_of_record
TN:
SF:app/(routes)/admin/users/page.tsx
FN:9,UsersPage
FN:24,(anonymous_2)
FN:32,(anonymous_3)
FNF:3
FNH:0
FNDA:0,UsersPage
FNDA:0,(anonymous_2)
FNDA:0,(anonymous_3)
DA:3,0
DA:4,0
DA:6,0
DA:7,0
DA:9,0
DA:10,0
DA:11,0
DA:12,0
DA:24,0
DA:32,0
LF:10
LH:0
BRF:0
BRH:0
end_of_record
TN:
SF:app/(routes)/admin/users/[id]/UserDetail.tsx
FN:44,(anonymous_2)
FN:44,(anonymous_3)
FN:46,LoadingContent
FN:72,UserDetail
FN:82,(anonymous_6)
FN:83,(anonymous_7)
FN:115,(anonymous_8)
FN:148,(anonymous_9)
FNF:8
FNH:0
FNDA:0,(anonymous_2)
FNDA:0,(anonymous_3)
FNDA:0,LoadingContent
FNDA:0,UserDetail
FNDA:0,(anonymous_6)
FNDA:0,(anonymous_7)
FNDA:0,(anonymous_8)
FNDA:0,(anonymous_9)
DA:3,0
DA:4,0
DA:5,0
DA:6,0
DA:7,0
DA:44,0
DA:55,0
DA:62,0
DA:72,0
DA:73,0
DA:77,0
DA:78,0
DA:79,0
DA:82,0
DA:83,0
DA:116,0
DA:149,0
LF:17
LH:0
BRDA:55,0,0,0
BRDA:62,1,0,0
BRDA:88,2,0,0
BRDA:114,3,0,0
BRDA:148,4,0,0
BRDA:156,5,0,0
BRDA:156,5,1,0
BRDA:161,6,0,0
BRDA:161,6,1,0
BRF:9
BRH:0
end_of_record
TN:
SF:app/(routes)/admin/users/[id]/page.tsx
FN:3,UserDetailPage
FNF:1
FNH:0
FNDA:0,UserDetailPage
DA:1,0
DA:3,0
LF:2
LH:0
BRF:0
BRH:0
end_of_record
TN:
SF:app/(routes)/cart/page.tsx
FN:3,CartRoutePage
FNF:1
FNH:0
FNDA:0,CartRoutePage
DA:1,0
DA:3,0
DA:4,0
LF:3
LH:0
BRF:0
BRH:0
end_of_record
TN:
SF:app/(routes)/checkout/page.tsx
FN:35,CheckoutPage
FN:44,(anonymous_6)
FN:49,(anonymous_7)
FN:87,(anonymous_8)
FN:148,(anonymous_9)
FN:152,(anonymous_10)
FNF:6
FNH:0
FNDA:0,CheckoutPage
FNDA:0,(anonymous_6)
FNDA:0,(anonymous_7)
FNDA:0,(anonymous_8)
FNDA:0,(anonymous_9)
FNDA:0,(anonymous_10)
DA:3,0
DA:4,0
DA:5,0
DA:6,0
DA:8,0
DA:9,0
DA:10,0
DA:11,0
DA:12,0
DA:14,0
DA:26,0
DA:35,0
DA:36,0
DA:37,0
DA:38,0
DA:39,0
DA:40,0
DA:41,0
DA:42,0
DA:44,0
DA:45,0
DA:46,0
DA:49,0
DA:50,0
DA:51,0
DA:88,0
DA:89,0
DA:90,0
DA:92,0
DA:93,0
DA:94,0
DA:99,0
DA:110,0
DA:111,0
DA:112,0
DA:113,0
DA:114,0
DA:118,0
DA:121,0
DA:122,0
DA:123,0
DA:126,0
DA:127,0
DA:128,0
DA:132,0
DA:138,0
DA:149,0
DA:150,0
DA:153,0
LF:49
LH:0
BRDA:46,0,0,0
BRDA:51,1,0,0
BRDA:59,2,0,0
BRDA:66,3,0,0
BRDA:74,4,0,0
BRDA:82,5,0,0
BRDA:88,6,0,0
BRDA:92,7,0,0
BRDA:93,8,0,0
BRDA:94,9,0,0
BRDA:110,10,0,0
BRDA:114,11,0,0
BRDA:114,11,1,0
BRDA:123,12,0,0
BRDA:134,13,0,0
BRDA:134,13,1,0
BRDA:145,14,0,0
BRDA:145,14,1,0
BRF:18
BRH:0
end_of_record
TN:
SF:app/(routes)/checkout/components/CartStep.tsx
FN:16,CartStep
FN:20,(anonymous_3)
FN:45,(anonymous_4)
FNF:3
FNH:0
FNDA:0,CartStep
FNDA:0,(anonymous_3)
FNDA:0,(anonymous_4)
DA:1,0
DA:2,0
DA:3,0
DA:4,0
DA:5,0
DA:6,0
DA:7,0
DA:8,0
DA:16,0
DA:17,0
DA:20,0
DA:46,0
LF:12
LH:0
BRDA:20,0,0,0
BRDA:20,0,1,0
BRDA:30,1,0,0
BRDA:32,2,0,0
BRDA:34,3,0,0
BRDA:33,4,0,0
BRDA:33,4,1,0
BRDA:49,5,0,0
BRDA:49,5,1,0
BRDA:71,6,0,0
BRDA:71,6,1,0
BRDA:71,6,2,0
BRF:12
BRH:0
end_of_record
TN:
SF:app/(routes)/checkout/components/ConfirmStep.tsx
FN:11,ConfirmStep
FNF:1
FNH:0
FNDA:0,ConfirmStep
DA:1,0
DA:2,0
DA:11,0
LF:3
LH:0
BRDA:18,0,0,0
BRDA:18,0,1,0
BRDA:23,1,0,0
BRDA:23,1,1,0
BRDA:37,2,0,0
BRDA:37,2,1,0
BRF:6
BRH:0
end_of_record
TN:
SF:app/(routes)/checkout/components/PaymentStep.tsx
FN:23,PaymentStep
FN:34,(anonymous_6)
FN:68,(anonymous_7)
FN:109,(anonymous_8)
FN:122,(anonymous_9)
FNF:5
FNH:0
FNDA:0,PaymentStep
FNDA:0,(anonymous_6)
FNDA:0,(anonymous_7)
FNDA:0,(anonymous_8)
FNDA:0,(anonymous_9)
DA:1,0
DA:2,0
DA:3,0
DA:19,0
DA:20,0
DA:21,0
DA:23,0
DA:26,0
DA:27,0
DA:28,0
DA:29,0
DA:30,0
DA:31,0
DA:34,0
DA:36,0
DA:37,0
DA:38,0
DA:39,0
DA:40,0
DA:42,0
DA:48,0
DA:65,0
DA:66,0
DA:68,0
DA:71,0
DA:77,0
DA:78,0
DA:81,0
DA:82,0
DA:89,0
DA:92,0
DA:109,0
DA:111,0
DA:112,0
DA:117,0
DA:120,0
DA:121,0
DA:122,0
DA:123,0
DA:124,0
DA:125,0
DA:127,0
DA:132,0
DA:134,0
DA:135,0
DA:136,0
LF:46
LH:0
BRDA:21,0,0,0
BRDA:21,0,1,0
BRDA:36,1,0,0
BRDA:36,1,1,0
BRDA:71,2,0,0
BRDA:71,2,1,0
BRDA:84,3,0,0
BRDA:84,3,1,0
BRDA:111,4,0,0
BRDA:111,5,0,0
BRDA:111,5,1,0
BRDA:125,6,0,0
BRDA:129,7,0,0
BRDA:129,7,1,0
BRDA:143,8,0,0
BRDA:143,8,1,0
BRDA:143,9,0,0
BRDA:143,9,1,0
BRDA:147,10,0,0
BRDA:147,10,1,0
BRDA:174,11,0,0
BRDA:174,11,1,0
BRDA:175,12,0,0
BRDA:175,12,1,0
BRF:24
BRH:0
end_of_record
TN:
SF:app/(routes)/checkout/components/ResultStep.tsx
FN:10,ResultStep
FNF:1
FNH:0
FNDA:0,ResultStep
DA:1,0
DA:2,0
DA:10,0
LF:3
LH:0
BRDA:13,0,0,0
BRDA:13,0,1,0
BRDA:14,1,0,0
BRDA:14,1,1,0
BRDA:17,2,0,0
BRDA:17,2,1,0
BRDA:24,3,0,0
BRF:7
BRH:0
end_of_record
TN:
SF:app/(routes)/checkout/components/ShippingStep.tsx
FN:41,(anonymous_5)
FN:41,(anonymous_6)
FN:53,(anonymous_7)
FN:58,ShippingStep
FN:71,(anonymous_9)
FN:74,(anonymous_10)
FN:81,(anonymous_11)
FN:107,(anonymous_12)
FN:122,(anonymous_13)
FN:141,(anonymous_14)
FN:147,(anonymous_15)
FN:150,(anonymous_16)
FN:167,(anonymous_17)
FN:196,(anonymous_18)
FN:205,(anonymous_19)
FN:214,(anonymous_20)
FN:330,(anonymous_29)
FNF:17
FNH:0
FNDA:0,(anonymous_5)
FNDA:0,(anonymous_6)
FNDA:0,(anonymous_7)
FNDA:0,ShippingStep
FNDA:0,(anonymous_9)
FNDA:0,(anonymous_10)
FNDA:0,(anonymous_11)
FNDA:0,(anonymous_12)
FNDA:0,(anonymous_13)
FNDA:0,(anonymous_14)
FNDA:0,(anonymous_15)
FNDA:0,(anonymous_16)
FNDA:0,(anonymous_17)
FNDA:0,(anonymous_18)
FNDA:0,(anonymous_19)
FNDA:0,(anonymous_20)
FNDA:0,(anonymous_29)
DA:1,0
DA:2,0
DA:3,0
DA:4,0
DA:5,0
DA:6,0
DA:7,0
DA:9,0
DA:10,0
DA:11,0
DA:12,0
DA:13,0
DA:14,0
DA:15,0
DA:25,0
DA:41,0
DA:42,0
DA:43,0
DA:47,0
DA:49,0
DA:53,0
DA:54,0
DA:55,0
DA:58,0
DA:59,0
DA:60,0
DA:63,0
DA:68,0
DA:71,0
DA:73,0
DA:74,0
DA:75,0
DA:78,0
DA:81,0
DA:83,0
DA:87,0
DA:107,0
DA:108,0
DA:110,0
DA:112,0
DA:120,0
DA:122,0
DA:123,0
DA:124,0
DA:141,0
DA:142,0
DA:143,0
DA:147,0
DA:148,0
DA:150,0
DA:151,0
DA:153,0
DA:154,0
DA:155,0
DA:157,0
DA:162,0
DA:167,0
DA:169,0
DA:170,0
DA:171,0
DA:197,0
DA:205,0
DA:214,0
DA:330,0
LF:64
LH:0
BRDA:42,0,0,0
BRDA:64,1,0,0
BRDA:64,1,1,0
BRDA:68,2,0,0
BRDA:68,2,1,0
BRDA:74,3,0,0
BRDA:74,4,0,0
BRDA:74,4,1,0
BRDA:78,5,0,0
BRDA:78,5,1,0
BRDA:83,6,0,0
BRDA:83,6,1,0
BRDA:83,6,2,0
BRDA:91,7,0,0
BRDA:91,7,1,0
BRDA:92,8,0,0
BRDA:92,8,1,0
BRDA:93,9,0,0
BRDA:93,9,1,0
BRDA:93,9,2,0
BRDA:94,10,0,0
BRDA:94,10,1,0
BRDA:95,11,0,0
BRDA:95,11,1,0
BRDA:96,12,0,0
BRDA:96,12,1,0
BRDA:97,13,0,0
BRDA:97,13,1,0
BRDA:98,14,0,0
BRDA:98,14,1,0
BRDA:99,15,0,0
BRDA:99,15,1,0
BRDA:100,16,0,0
BRDA:100,16,1,0
BRDA:110,17,0,0
BRDA:110,17,1,0
BRDA:112,18,0,0
BRDA:112,18,1,0
BRDA:112,19,0,0
BRDA:112,19,1,0
BRDA:116,20,0,0
BRDA:116,20,1,0
BRDA:120,21,0,0
BRDA:123,22,0,0
BRDA:127,23,0,0
BRDA:127,23,1,0
BRDA:129,24,0,0
BRDA:129,24,1,0
BRDA:148,25,0,0
BRDA:148,25,1,0
BRDA:148,26,0,0
BRDA:148,26,1,0
BRDA:151,27,0,0
BRDA:151,27,1,0
BRDA:180,28,0,0
BRDA:188,29,0,0
BRDA:188,29,1,0
BRDA:192,30,0,0
BRDA:192,30,1,0
BRDA:192,30,2,0
BRDA:192,30,3,0
BRDA:194,31,0,0
BRDA:194,31,1,0
BRDA:211,32,0,0
BRDA:213,33,0,0
BRDA:213,33,1,0
BRDA:214,34,0,0
BRDA:214,34,1,0
BRF:68
BRH:0
end_of_record
TN:
SF:app/(routes)/checkout/components/SummaryStep.tsx
FN:20,(anonymous_2)
FN:26,SummaryStep
FN:30,(anonymous_4)
FN:76,(anonymous_5)
FNF:4
FNH:0
FNDA:0,(anonymous_2)
FNDA:0,SummaryStep
FNDA:0,(anonymous_4)
FNDA:0,(anonymous_5)
DA:1,0
DA:2,0
DA:3,0
DA:4,0
DA:5,0
DA:6,0
DA:7,0
DA:8,0
DA:9,0
DA:20,0
DA:21,0
DA:22,0
DA:23,0
DA:26,0
DA:27,0
DA:30,0
DA:32,0
DA:34,0
DA:35,0
DA:77,0
LF:20
LH:0
BRDA:21,0,0,0
BRDA:21,1,0,0
BRDA:21,1,1,0
BRDA:30,2,0,0
BRDA:30,2,1,0
BRDA:55,3,0,0
BRDA:55,3,1,0
BRDA:66,4,0,0
BRDA:65,5,0,0
BRDA:65,5,1,0
BRDA:80,6,0,0
BRDA:80,6,1,0
BRDA:115,7,0,0
BRDA:115,7,1,0
BRDA:115,7,2,0
BRDA:115,7,3,0
BRDA:115,7,4,0
BRDA:115,7,5,0
BRDA:116,8,0,0
BRDA:116,8,1,0
BRF:20
BRH:0
end_of_record
TN:
SF:app/(routes)/products/page.tsx
FN:17,(anonymous_4)
FN:18,(anonymous_5)
FN:25,(anonymous_6)
FN:35,ProductList
FN:134,ProductListSkeleton
FN:140,(anonymous_9)
FN:149,(anonymous_10)
FN:173,ProductsPage
FNF:8
FNH:0
FNDA:0,(anonymous_4)
FNDA:0,(anonymous_5)
FNDA:0,(anonymous_6)
FNDA:0,ProductList
FNDA:0,ProductListSkeleton
FNDA:0,(anonymous_9)
FNDA:0,(anonymous_10)
FNDA:0,ProductsPage
DA:1,0
DA:2,0
DA:4,0
DA:5,0
DA:6,0
DA:7,0
DA:8,0
DA:12,0
DA:15,0
DA:17,0
DA:18,0
DA:25,0
DA:36,0
DA:39,0
DA:40,0
DA:42,0
DA:53,0
DA:56,0
DA:57,0
DA:58,0
DA:59,0
DA:60,0
DA:61,0
DA:68,0
DA:69,0
DA:70,0
DA:71,0
DA:73,0
DA:77,0
DA:78,0
DA:82,0
DA:135,0
DA:141,0
DA:150,0
DA:173,0
LF:35
LH:0
BRDA:17,0,0,0
BRDA:17,0,1,0
BRDA:18,1,0,0
BRDA:18,1,1,0
BRDA:25,2,0,0
BRDA:25,2,1,0
BRDA:40,3,0,0
BRDA:51,4,0,0
BRDA:52,5,0,0
BRDA:53,6,0,0
BRDA:53,6,1,0
BRDA:57,7,0,0
BRDA:58,8,0,0
BRDA:59,9,0,0
BRDA:60,10,0,0
BRDA:70,11,0,0
BRDA:70,11,1,0
BRDA:70,12,0,0
BRDA:70,12,1,0
BRF:19
BRH:0
end_of_record
TN:
SF:app/(routes)/products/[id]/ProductDetailClient.tsx
FN:24,(anonymous_2)
FN:30,(anonymous_3)
FN:39,(anonymous_4)
FN:39,(anonymous_5)
FN:40,(anonymous_6)
FN:40,(anonymous_7)
FN:42,(anonymous_8)
FNF:7
FNH:0
FNDA:0,(anonymous_2)
FNDA:0,(anonymous_3)
FNDA:0,(anonymous_4)
FNDA:0,(anonymous_5)
FNDA:0,(anonymous_6)
FNDA:0,(anonymous_7)
FNDA:0,(anonymous_8)
DA:3,0
DA:5,0
DA:6,0
DA:7,0
DA:8,0
DA:9,0
DA:10,0
DA:11,0
DA:12,0
DA:13,0
DA:14,0
DA:15,0
DA:16,0
DA:24,0
DA:26,0
DA:27,0
DA:28,0
DA:30,0
DA:31,0
DA:32,0
DA:33,0
DA:34,0
DA:35,0
DA:39,0
DA:40,0
DA:42,0
DA:43,0
DA:45,0
DA:46,0
DA:47,0
DA:52,0
DA:55,0
DA:57,0
DA:59,0
DA:66,0
DA:67,0
DA:76,0
DA:77,0
DA:80,0
DA:90,0
DA:91,0
DA:166,0
LF:42
LH:0
BRDA:32,0,0,0
BRDA:32,0,1,0
BRDA:32,1,0,0
BRDA:32,1,1,0
BRDA:34,2,0,0
BRDA:45,3,0,0
BRDA:76,4,0,0
BRDA:76,4,1,0
BRDA:77,5,0,0
BRDA:77,5,1,0
BRDA:80,6,0,0
BRDA:80,6,1,0
BRDA:91,7,0,0
BRDA:91,7,1,0
BRDA:91,8,0,0
BRDA:91,8,1,0
BRDA:99,9,0,0
BRDA:123,10,0,0
BRDA:123,10,1,0
BRDA:138,11,0,0
BRDA:138,11,1,0
BRDA:157,12,0,0
BRDA:157,12,1,0
BRF:23
BRH:0
end_of_record
TN:
SF:app/(routes)/products/[id]/page.tsx
FN:13,generateMetadata
FN:31,(anonymous_6)
FNF:2
FNH:0
FNDA:0,generateMetadata
FNDA:0,(anonymous_6)
DA:1,0
DA:2,0
DA:3,0
DA:13,0
DA:14,0
DA:19,0
DA:20,0
DA:25,0
DA:31,0
DA:32,0
DA:35,0
DA:54,0
DA:55,0
DA:67,0
DA:70,0
LF:15
LH:0
BRDA:19,0,0,0
BRDA:27,1,0,0
BRDA:27,1,1,0
BRDA:54,2,0,0
BRF:4
BRH:0
end_of_record
TN:
SF:app/components/CartDrawer.tsx
FN:17,CartDrawer
FN:21,(anonymous_6)
FN:24,(anonymous_7)
FN:30,(anonymous_8)
FN:35,(anonymous_9)
FN:59,(anonymous_10)
FN:62,(anonymous_11)
FN:98,(anonymous_12)
FN:108,(anonymous_13)
FN:119,(anonymous_14)
FN:132,(anonymous_15)
FNF:11
FNH:0
FNDA:0,CartDrawer
FNDA:0,(anonymous_6)
FNDA:0,(anonymous_7)
FNDA:0,(anonymous_8)
FNDA:0,(anonymous_9)
FNDA:0,(anonymous_10)
FNDA:0,(anonymous_11)
FNDA:0,(anonymous_12)
FNDA:0,(anonymous_13)
FNDA:0,(anonymous_14)
FNDA:0,(anonymous_15)
DA:2,0
DA:3,0
DA:4,0
DA:5,0
DA:6,0
DA:7,0
DA:8,0
DA:9,0
DA:10,0
DA:11,0
DA:12,0
DA:13,0
DA:14,0
DA:15,0
DA:17,0
DA:18,0
DA:19,0
DA:21,0
DA:24,0
DA:25,0
DA:26,0
DA:30,0
DA:31,0
DA:32,0
DA:35,0
DA:36,0
DA:37,0
DA:60,0
DA:63,0
DA:64,0
DA:98,0
DA:108,0
DA:119,0
DA:132,0
LF:34
LH:0
BRDA:21,0,0,0
BRDA:21,0,1,0
BRDA:25,1,0,0
BRDA:36,2,0,0
BRDA:52,3,0,0
BRDA:56,4,0,0
BRDA:64,5,0,0
BRDA:64,5,1,0
BRDA:73,6,0,0
BRDA:80,7,0,0
BRDA:80,7,1,0
BRDA:92,8,0,0
BRDA:92,8,1,0
BRDA:99,9,0,0
BRDA:99,9,1,0
BRF:15
BRH:0
end_of_record
TN:
SF:app/components/CartPage.tsx
FN:17,CartPage
FN:21,(anonymous_6)
FN:23,(anonymous_7)
FN:49,(anonymous_8)
FN:52,(anonymous_9)
FN:88,(anonymous_10)
FN:98,(anonymous_11)
FN:109,(anonymous_12)
FNF:8
FNH:0
FNDA:0,CartPage
FNDA:0,(anonymous_6)
FNDA:0,(anonymous_7)
FNDA:0,(anonymous_8)
FNDA:0,(anonymous_9)
FNDA:0,(anonymous_10)
FNDA:0,(anonymous_11)
FNDA:0,(anonymous_12)
DA:2,0
DA:3,0
DA:4,0
DA:5,0
DA:6,0
DA:7,0
DA:8,0
DA:9,0
DA:10,0
DA:11,0
DA:12,0
DA:13,0
DA:14,0
DA:15,0
DA:17,0
DA:18,0
DA:19,0
DA:21,0
DA:23,0
DA:24,0
DA:25,0
DA:33,0
DA:41,0
DA:50,0
DA:53,0
DA:54,0
DA:88,0
DA:98,0
DA:109,0
LF:29
LH:0
BRDA:21,0,0,0
BRDA:21,0,1,0
BRDA:24,1,0,0
BRDA:33,2,0,0
BRDA:41,3,0,0
BRDA:54,4,0,0
BRDA:54,4,1,0
BRDA:63,5,0,0
BRDA:70,6,0,0
BRDA:70,6,1,0
BRDA:82,7,0,0
BRDA:82,7,1,0
BRDA:89,8,0,0
BRDA:89,8,1,0
BRDA:126,9,0,0
BRDA:126,9,1,0
BRF:16
BRH:0
end_of_record
TN:
SF:app/components/CartSummary.tsx
FN:9,CartSummary
FN:13,(anonymous_6)
FN:21,(anonymous_7)
FNF:3
FNH:0
FNDA:0,CartSummary
FNDA:0,(anonymous_6)
FNDA:0,(anonymous_7)
DA:2,0
DA:3,0
DA:4,0
DA:5,0
DA:6,0
DA:7,0
DA:9,0
DA:10,0
DA:11,0
DA:13,0
DA:21,0
LF:11
LH:0
BRDA:24,0,0,0
BRF:1
BRH:0
end_of_record
TN:
SF:app/components/ConfirmModal.tsx
FN:13,ConfirmModal
FNF:1
FNH:0
FNDA:0,ConfirmModal
DA:1,0
DA:2,0
DA:13,0
DA:21,0
LF:4
LH:0
BRDA:21,0,0,0
BRDA:26,1,0,0
BRDA:32,2,0,0
BRDA:32,2,1,0
BRF:4
BRH:0
end_of_record
TN:
SF:app/components/Navbar.tsx
FN:13,(anonymous_2)
FN:19,(anonymous_3)
FN:54,(anonymous_4)
FN:58,(anonymous_5)
FN:63,(anonymous_6)
FN:74,(anonymous_7)
FN:92,(anonymous_8)
FN:111,(anonymous_9)
FNF:8
FNH:0
FNDA:0,(anonymous_2)
FNDA:0,(anonymous_3)
FNDA:0,(anonymous_4)
FNDA:0,(anonymous_5)
FNDA:0,(anonymous_6)
FNDA:0,(anonymous_7)
FNDA:0,(anonymous_8)
FNDA:0,(anonymous_9)
DA:4,0
DA:5,0
DA:6,0
DA:7,0
DA:8,0
DA:9,0
DA:10,0
DA:11,0
DA:13,0
DA:14,0
DA:15,0
DA:16,0
DA:17,0
DA:19,0
DA:20,0
DA:21,0
DA:22,0
DA:25,0
DA:27,0
DA:30,0
DA:54,0
DA:59,0
DA:63,0
DA:74,0
DA:93,0
DA:111,0
DA:136,0
LF:27
LH:0
BRDA:16,0,0,0
BRDA:16,0,1,0
BRDA:21,1,0,0
BRDA:21,1,1,0
BRF:4
BRH:0
end_of_record
TN:
SF:app/components/ProductCard.tsx
FN:22,ProductCard
FNF:1
FNH:1
FNDA:2,ProductCard
DA:3,1
DA:4,1
DA:5,1
DA:6,1
DA:7,1
DA:8,1
DA:9,1
DA:22,2
DA:24,2
DA:27,2
LF:10
LH:10
BRDA:28,0,0,2
BRDA:28,0,1,0
BRF:2
BRH:1
end_of_record
TN:
SF:app/components/ProductFilters.tsx
FN:29,ProductFilters
FN:43,(anonymous_2)
FN:46,(anonymous_3)
FN:65,(anonymous_4)
FN:69,(anonymous_5)
FN:74,(anonymous_6)
FN:78,(anonymous_7)
FN:82,(anonymous_8)
FN:111,(anonymous_9)
FN:156,(anonymous_10)
FNF:10
FNH:0
FNDA:0,ProductFilters
FNDA:0,(anonymous_2)
FNDA:0,(anonymous_3)
FNDA:0,(anonymous_4)
FNDA:0,(anonymous_5)
FNDA:0,(anonymous_6)
FNDA:0,(anonymous_7)
FNDA:0,(anonymous_8)
FNDA:0,(anonymous_9)
FNDA:0,(anonymous_10)
DA:3,0
DA:4,0
DA:5,0
DA:6,0
DA:13,0
DA:21,0
DA:29,0
DA:30,0
DA:31,0
DA:32,0
DA:35,0
DA:36,0
DA:37,0
DA:38,0
DA:39,0
DA:42,0
DA:44,0
DA:46,0
DA:47,0
DA:48,0
DA:50,0
DA:55,0
DA:57,0
DA:58,0
DA:59,0
DA:65,0
DA:66,0
DA:69,0
DA:70,0
DA:74,0
DA:75,0
DA:78,0
DA:79,0
DA:82,0
DA:83,0
DA:112,0
DA:157,0
LF:37
LH:0
BRDA:35,0,0,0
BRDA:35,0,1,0
BRDA:36,1,0,0
BRDA:36,1,1,0
BRDA:37,2,0,0
BRDA:37,2,1,0
BRDA:38,3,0,0
BRDA:38,3,1,0
BRDA:39,4,0,0
BRDA:39,4,1,0
BRDA:47,5,0,0
BRDA:47,5,1,0
BRDA:47,6,0,0
BRDA:47,6,1,0
BRDA:58,7,0,0
BRDA:58,7,1,0
BRF:16
BRH:0
end_of_record
TN:
SF:app/components/ProductForm.tsx
FN:18,(anonymous_5)
FN:20,(anonymous_6)
FN:42,ProductForm
FN:50,(anonymous_8)
FN:60,(anonymous_9)
FN:73,(anonymous_10)
FN:78,(anonymous_11)
FN:83,handleChange
FN:86,(anonymous_13)
FN:89,(anonymous_14)
FN:94,handleVariantInventoryChange
FN:97,(anonymous_16)
FN:104,handleSubmit
FN:123,(anonymous_18)
FN:199,(anonymous_19)
FN:216,(anonymous_20)
FN:241,(anonymous_21)
FN:249,(anonymous_22)
FNF:18
FNH:0
FNDA:0,(anonymous_5)
FNDA:0,(anonymous_6)
FNDA:0,ProductForm
FNDA:0,(anonymous_8)
FNDA:0,(anonymous_9)
FNDA:0,(anonymous_10)
FNDA:0,(anonymous_11)
FNDA:0,handleChange
FNDA:0,(anonymous_13)
FNDA:0,(anonymous_14)
FNDA:0,handleVariantInventoryChange
FNDA:0,(anonymous_16)
FNDA:0,handleSubmit
FNDA:0,(anonymous_18)
FNDA:0,(anonymous_19)
FNDA:0,(anonymous_20)
FNDA:0,(anonymous_21)
FNDA:0,(anonymous_22)
DA:3,0
DA:5,0
DA:6,0
DA:7,0
DA:8,0
DA:9,0
DA:10,0
DA:12,0
DA:18,0
DA:21,0
DA:42,0
DA:43,0
DA:49,0
DA:50,0
DA:52,0
DA:53,0
DA:54,0
DA:55,0
DA:56,0
DA:57,0
DA:59,0
DA:61,0
DA:62,0
DA:69,0
DA:70,0
DA:71,0
DA:74,0
DA:75,0
DA:76,0
DA:79,0
DA:84,0
DA:85,0
DA:86,0
DA:87,0
DA:89,0
DA:96,0
DA:97,0
DA:98,0
DA:99,0
DA:100,0
DA:105,0
DA:106,0
DA:107,0
DA:108,0
DA:109,0
DA:110,0
DA:111,0
DA:113,0
DA:114,0
DA:116,0
DA:117,0
DA:118,0
DA:119,0
DA:120,0
DA:123,0
DA:127,0
DA:129,0
DA:200,0
DA:216,0
DA:242,0
DA:249,0
DA:250,0
DA:251,0
DA:252,0
LF:64
LH:0
BRDA:21,0,0,0
BRDA:21,0,1,0
BRDA:21,0,2,0
BRDA:44,1,0,0
BRDA:44,1,1,0
BRDA:45,2,0,0
BRDA:45,2,1,0
BRDA:46,3,0,0
BRDA:46,3,1,0
BRDA:50,4,0,0
BRDA:50,4,1,0
BRDA:52,5,0,0
BRDA:52,5,1,0
BRDA:63,6,0,0
BRDA:63,6,1,0
BRDA:65,7,0,0
BRDA:65,7,1,0
BRDA:70,8,0,0
BRDA:74,9,0,0
BRDA:74,9,1,0
BRDA:76,10,0,0
BRDA:79,11,0,0
BRDA:79,11,1,0
BRDA:85,12,0,0
BRDA:85,12,1,0
BRDA:85,13,0,0
BRDA:85,13,1,0
BRDA:85,13,2,0
BRDA:108,14,0,0
BRDA:120,15,0,0
BRDA:125,16,0,0
BRDA:125,16,1,0
BRDA:143,17,0,0
BRDA:154,18,0,0
BRDA:168,19,0,0
BRDA:181,20,0,0
BRDA:182,21,0,0
BRDA:196,22,0,0
BRDA:203,23,0,0
BRDA:203,23,1,0
BRDA:203,24,0,0
BRDA:203,24,1,0
BRDA:203,25,0,0
BRDA:203,25,1,0
BRDA:218,26,0,0
BRDA:218,26,1,0
BRDA:228,27,0,0
BRDA:228,27,1,0
BRDA:229,28,0,0
BRDA:229,28,1,0
BRDA:229,29,0,0
BRDA:229,29,1,0
BRDA:230,30,0,0
BRDA:230,30,1,0
BRDA:233,31,0,0
BRDA:233,31,1,0
BRDA:237,32,0,0
BRDA:249,33,0,0
BRDA:249,33,1,0
BRDA:252,34,0,0
BRF:60
BRH:0
end_of_record
TN:
SF:app/components/ProductGrid.tsx
FN:15,ProductGrid
FN:26,(anonymous_3)
FNF:2
FNH:0
FNDA:0,ProductGrid
FNDA:0,(anonymous_3)
DA:1,0
DA:15,0
DA:16,0
DA:27,0
LF:4
LH:0
BRDA:16,0,0,0
BRDA:16,1,0,0
BRDA:16,1,1,0
BRDA:19,2,0,0
BRDA:19,2,1,0
BRF:5
BRH:0
end_of_record
TN:
SF:app/components/admin/KpiCards.tsx
FN:10,(anonymous_1)
FN:14,KpiCards
FN:18,(anonymous_3)
FN:24,(anonymous_4)
FNF:4
FNH:0
FNDA:0,(anonymous_1)
FNDA:0,KpiCards
FNDA:0,(anonymous_3)
FNDA:0,(anonymous_4)
DA:3,0
DA:4,0
DA:5,0
DA:6,0
DA:7,0
DA:10,0
DA:11,0
DA:14,0
DA:16,0
DA:18,0
DA:19,0
DA:20,0
DA:23,0
DA:25,0
DA:26,0
DA:27,0
DA:28,0
DA:34,0
LF:18
LH:0
BRDA:19,0,0,0
BRDA:34,1,0,0
BRDA:58,2,0,0
BRDA:73,3,0,0
BRDA:87,4,0,0
BRF:5
BRH:0
end_of_record
TN:
SF:app/components/admin/RecentOrdersTable.tsx
FN:12,(anonymous_2)
FN:17,(anonymous_3)
FN:29,RecentOrdersTable
FN:63,(anonymous_5)
FNF:4
FNH:0
FNDA:0,(anonymous_2)
FNDA:0,(anonymous_3)
FNDA:0,RecentOrdersTable
FNDA:0,(anonymous_5)
DA:3,0
DA:4,0
DA:5,0
DA:6,0
DA:7,0
DA:8,0
DA:9,0
DA:12,0
DA:13,0
DA:17,0
DA:18,0
DA:19,0
DA:20,0
DA:21,0
DA:22,0
DA:23,0
DA:24,0
DA:25,0
DA:29,0
DA:30,0
DA:32,0
DA:64,0
LF:22
LH:0
BRDA:18,0,0,0
BRDA:18,0,1,0
BRDA:18,0,2,0
BRDA:18,0,3,0
BRDA:18,0,4,0
BRDA:18,0,5,0
BRDA:18,0,6,0
BRDA:32,1,0,0
BRDA:32,1,1,0
BRDA:40,2,0,0
BRDA:49,3,0,0
BRDA:50,4,0,0
BRDA:50,4,1,0
BRDA:50,4,2,0
BRDA:51,5,0,0
BRDA:51,5,1,0
BRDA:51,5,2,0
BRDA:70,6,0,0
BRDA:70,6,1,0
BRDA:70,6,2,0
BRDA:73,7,0,0
BRDA:73,7,1,0
BRF:22
BRH:0
end_of_record
TN:
SF:app/components/admin/RevenueChart.tsx
FN:14,(anonymous_1)
FN:17,(anonymous_2)
FN:34,RevenueChart
FN:38,(anonymous_4)
FN:48,(anonymous_5)
FN:88,(anonymous_6)
FN:89,(anonymous_7)
FNF:7
FNH:0
FNDA:0,(anonymous_1)
FNDA:0,(anonymous_2)
FNDA:0,RevenueChart
FNDA:0,(anonymous_4)
FNDA:0,(anonymous_5)
FNDA:0,(anonymous_6)
FNDA:0,(anonymous_7)
DA:3,0
DA:4,0
DA:5,0
DA:6,0
DA:7,0
DA:8,0
DA:9,0
DA:14,0
DA:17,0
DA:18,0
DA:19,0
DA:20,0
DA:21,0
DA:23,0
DA:26,0
DA:29,0
DA:30,0
DA:34,0
DA:35,0
DA:36,0
DA:38,0
DA:48,0
DA:88,0
DA:89,0
LF:24
LH:0
BRDA:19,0,0,0
BRDA:19,0,1,0
BRDA:21,1,0,0
BRDA:21,1,1,0
BRDA:38,2,0,0
BRDA:38,2,1,0
BRDA:60,3,0,0
BRDA:61,4,0,0
BRDA:62,5,0,0
BRDA:62,5,1,0
BRDA:62,5,2,0
BRDA:63,6,0,0
BRDA:63,6,1,0
BRDA:63,6,2,0
BRF:14
BRH:0
end_of_record
TN:
SF:app/components/admin/TopProductsChart.tsx
FN:10,(anonymous_1)
FN:14,TopProductsChart
FN:18,(anonymous_3)
FN:25,(anonymous_4)
FN:34,(anonymous_5)
FN:36,(anonymous_6)
FN:75,(anonymous_7)
FN:76,(anonymous_8)
FNF:8
FNH:0
FNDA:0,(anonymous_1)
FNDA:0,TopProductsChart
FNDA:0,(anonymous_3)
FNDA:0,(anonymous_4)
FNDA:0,(anonymous_5)
FNDA:0,(anonymous_6)
FNDA:0,(anonymous_7)
FNDA:0,(anonymous_8)
DA:3,0
DA:4,0
DA:5,0
DA:6,0
DA:7,0
DA:10,0
DA:11,0
DA:14,0
DA:16,0
DA:18,0
DA:19,0
DA:20,0
DA:24,0
DA:25,0
DA:26,0
DA:27,0
DA:29,0
DA:33,0
DA:34,0
DA:36,0
DA:75,0
DA:76,0
LF:22
LH:0
BRDA:10,0,0,0
BRDA:11,1,0,0
BRDA:11,1,1,0
BRDA:19,2,0,0
BRDA:26,3,0,0
BRDA:49,4,0,0
BRDA:50,5,0,0
BRDA:51,6,0,0
BRDA:51,6,1,0
BRDA:51,6,2,0
BRDA:52,7,0,0
BRDA:52,7,1,0
BRDA:52,7,2,0
BRF:13
BRH:0
end_of_record
TN:
SF:app/components/ui/PaginationControls.tsx
FN:13,PaginationControls
FN:21,(anonymous_2)
FN:42,(anonymous_3)
FN:56,(anonymous_4)
FNF:4
FNH:0
FNDA:0,PaginationControls
FNDA:0,(anonymous_2)
FNDA:0,(anonymous_3)
FNDA:0,(anonymous_4)
DA:3,0
DA:4,0
DA:5,0
DA:13,0
DA:17,0
DA:18,0
DA:19,0
DA:21,0
DA:22,0
DA:23,0
DA:25,0
DA:26,0
DA:27,0
DA:30,0
DA:31,0
DA:33,0
DA:34,0
DA:42,0
DA:56,0
LF:19
LH:0
BRDA:26,0,0,0
BRDA:26,0,1,0
BRDA:33,1,0,0
BRF:3
BRH:0
end_of_record
TN:
SF:app/components/ui/button.tsx
FN:43,(anonymous_6)
FNF:1
FNH:0
FNDA:0,(anonymous_6)
DA:1,0
DA:2,0
DA:3,0
DA:5,0
DA:7,0
DA:42,0
DA:44,0
DA:54,0
DA:56,0
LF:9
LH:0
BRDA:43,0,0,0
BRDA:44,1,0,0
BRDA:44,1,1,0
BRF:3
BRH:0
end_of_record
TN:
SF:app/components/ui/card.tsx
FNF:0
FNH:0
DA:1,1
DA:3,1
DA:18,1
DA:30,1
DA:45,1
DA:57,1
DA:65,1
DA:77,1
DA:79,2
LF:9
LH:9
BRF:0
BRH:0
end_of_record
TN:
SF:app/components/ui/dialog.tsx
FN:11,DialogContent
FN:26,DialogHeader
FN:30,DialogTitle
FN:34,DialogFooter
FNF:4
FNH:0
FNDA:0,DialogContent
FNDA:0,DialogHeader
FNDA:0,DialogTitle
FNDA:0,DialogFooter
DA:3,0
DA:4,0
DA:5,0
DA:7,0
DA:8,0
DA:9,0
DA:11,0
DA:26,0
DA:30,0
DA:34,0
LF:10
LH:0
BRF:0
BRH:0
end_of_record
TN:
SF:app/components/ui/input.tsx
FNF:0
FNH:0
DA:1,0
DA:2,0
DA:19,0
DA:21,0
LF:4
LH:0
BRF:0
BRH:0
end_of_record
TN:
SF:app/components/ui/loading-content.tsx
FN:9,(anonymous_2)
FNF:1
FNH:0
FNDA:0,(anonymous_2)
DA:1,0
DA:2,0
DA:9,0
DA:21,0
LF:4
LH:0
BRDA:10,0,0,0
BRDA:11,1,0,0
BRDA:16,2,0,0
BRF:3
BRH:0
end_of_record
TN:
SF:app/components/ui/table.tsx
FNF:0
FNH:0
DA:1,0
DA:2,0
DA:16,0
DA:28,0
DA:40,0
DA:52,0
DA:64,0
DA:76,0
DA:79,0
DA:80,0
DA:81,0
DA:82,0
DA:83,0
DA:84,0
LF:14
LH:0
BRF:0
BRH:0
end_of_record
TN:
SF:app/components/ui/use-toast.tsx
FN:22,ToastProvider
FN:25,(anonymous_4)
FN:27,(anonymous_5)
FN:28,(anonymous_6)
FN:31,(anonymous_7)
FN:32,(anonymous_8)
FN:32,(anonymous_9)
FN:39,(anonymous_10)
FN:59,useToast
FNF:9
FNH:0
FNDA:0,ToastProvider
FNDA:0,(anonymous_4)
FNDA:0,(anonymous_5)
FNDA:0,(anonymous_6)
FNDA:0,(anonymous_7)
FNDA:0,(anonymous_8)
FNDA:0,(anonymous_9)
FNDA:0,(anonymous_10)
FNDA:0,useToast
DA:1,0
DA:18,0
DA:20,0
DA:22,0
DA:23,0
DA:25,0
DA:26,0
DA:27,0
DA:28,0
DA:31,0
DA:32,0
DA:40,0
DA:59,0
DA:60,0
DA:61,0
DA:62,0
LF:16
LH:0
BRDA:43,0,0,0
BRDA:43,0,1,0
BRDA:45,1,0,0
BRDA:45,1,1,0
BRDA:51,2,0,0
BRDA:61,3,0,0
BRF:6
BRH:0
end_of_record
TN:
SF:components/ui/badge.tsx
FN:30,Badge
FNF:1
FNH:0
FNDA:0,Badge
DA:1,0
DA:2,0
DA:4,0
DA:6,0
DA:36,0
LF:5
LH:0
BRF:0
BRH:0
end_of_record
TN:
SF:components/ui/button.tsx
FN:44,(anonymous_6)
FNF:1
FNH:0
FNDA:0,(anonymous_6)
DA:1,0
DA:2,0
DA:3,0
DA:5,0
DA:7,0
DA:43,0
DA:45,0
DA:55,0
DA:57,0
LF:9
LH:0
BRDA:44,0,0,0
BRDA:45,1,0,0
BRDA:45,1,1,0
BRF:3
BRH:0
end_of_record
TN:
SF:components/ui/card.tsx
FNF:0
FNH:0
DA:1,0
DA:3,0
DA:18,0
DA:30,0
DA:42,0
DA:54,0
DA:62,0
DA:74,0
DA:76,0
LF:9
LH:0
BRF:0
BRH:0
end_of_record
TN:
SF:components/ui/form.tsx
FN:31,(anonymous_12)
FN:44,(anonymous_13)
FN:78,(anonymous_14)
FN:92,(anonymous_15)
FN:109,(anonymous_16)
FN:131,(anonymous_17)
FN:148,(anonymous_18)
FNF:7
FNH:0
FNDA:0,(anonymous_12)
FNDA:0,(anonymous_13)
FNDA:0,(anonymous_14)
FNDA:0,(anonymous_15)
FNDA:0,(anonymous_16)
FNDA:0,(anonymous_17)
FNDA:0,(anonymous_18)
DA:3,0
DA:5,0
DA:13,0
DA:15,0
DA:16,0
DA:18,0
DA:27,0
DA:31,0
DA:44,0
DA:45,0
DA:46,0
DA:47,0
DA:49,0
DA:51,0
DA:52,0
DA:55,0
DA:57,0
DA:71,0
DA:75,0
DA:79,0
DA:87,0
DA:89,0
DA:93,0
DA:104,0
DA:106,0
DA:110,0
DA:126,0
DA:128,0
DA:132,0
DA:143,0
DA:145,0
DA:149,0
DA:150,0
DA:152,0
DA:153,0
DA:167,0
DA:170,0
DA:171,0
DA:172,0
DA:173,0
DA:174,0
DA:175,0
DA:176,0
DA:177,0
LF:44
LH:0
BRDA:51,0,0,0
BRDA:98,1,0,0
BRDA:98,1,1,0
BRDA:117,2,0,0
BRDA:117,2,1,0
BRDA:150,3,0,0
BRDA:150,3,1,0
BRDA:150,4,0,0
BRDA:150,4,1,0
BRDA:152,5,0,0
BRF:10
BRH:0
end_of_record
TN:
SF:components/ui/input.tsx
FN:6,(anonymous_4)
FNF:1
FNH:0
FNDA:0,(anonymous_4)
DA:1,0
DA:3,0
DA:5,0
DA:20,0
DA:22,0
LF:5
LH:0
BRF:0
BRH:0
end_of_record
TN:
SF:components/ui/label.tsx
FNF:0
FNH:0
DA:3,0
DA:4,0
DA:5,0
DA:7,0
DA:9,0
DA:24,0
DA:26,0
LF:7
LH:0
BRF:0
BRH:0
end_of_record
TN:
SF:components/ui/radio-group.tsx
FN:12,(anonymous_6)
FN:26,(anonymous_7)
FNF:2
FNH:0
FNDA:0,(anonymous_6)
FNDA:0,(anonymous_7)
DA:3,0
DA:4,0
DA:5,0
DA:7,0
DA:9,0
DA:21,0
DA:23,0
DA:42,0
DA:44,0
LF:9
LH:0
BRF:0
BRH:0
end_of_record
TN:
SF:components/ui/select.tsx
FNF:0
FNH:0
DA:3,0
DA:4,0
DA:5,0
DA:7,0
DA:9,0
DA:11,0
DA:13,0
DA:33,0
DA:50,0
DA:67,0
DA:100,0
DA:112,0
DA:134,0
DA:146,0
DA:149,0
DA:150,0
DA:151,0
DA:152,0
DA:153,0
DA:154,0
DA:155,0
DA:156,0
DA:157,0
DA:158,0
LF:24
LH:0
BRDA:73,0,0,0
BRDA:79,1,0,0
BRDA:79,1,1,0
BRDA:90,2,0,0
BRDA:90,2,1,0
BRF:5
BRH:0
end_of_record
TN:
SF:components/ui/separator.tsx
FNF:0
FNH:0
DA:3,0
DA:4,0
DA:6,0
DA:29,0
DA:31,0
LF:5
LH:0
BRDA:13,0,0,0
BRDA:13,1,0,0
BRDA:22,2,0,0
BRDA:22,2,1,0
BRF:4
BRH:0
end_of_record
TN:
SF:components/ui/sheet.tsx
FNF:0
FNH:0
DA:3,0
DA:4,0
DA:5,0
DA:6,0
DA:8,0
DA:10,0
DA:12,0
DA:14,0
DA:16,0
DA:31,0
DA:33,0
DA:75,0
DA:89,0
DA:103,0
DA:115,0
DA:127,0
DA:130,0
DA:131,0
DA:132,0
DA:133,0
DA:134,0
DA:135,0
DA:136,0
DA:137,0
DA:138,0
DA:139,0
LF:26
LH:0
BRDA:59,0,0,0
BRF:1
BRH:0
end_of_record
TN:
SF:components/ui/skeleton.tsx
FN:3,Skeleton
FNF:1
FNH:0
FNDA:0,Skeleton
DA:1,0
DA:15,0
LF:2
LH:0
BRF:0
BRH:0
end_of_record
TN:
SF:components/ui/table.tsx
FNF:0
FNH:0
DA:1,0
DA:3,0
DA:17,0
DA:25,0
DA:37,0
DA:52,0
DA:67,0
DA:82,0
DA:97,0
DA:109,0
DA:112,0
DA:113,0
DA:114,0
DA:115,0
DA:116,0
DA:117,0
DA:118,0
DA:119,0
LF:18
LH:0
BRF:0
BRH:0
end_of_record
TN:
SF:components/ui/toast.tsx
FN:47,(anonymous_12)
FNF:1
FNH:0
FNDA:0,(anonymous_12)
DA:3,0
DA:4,0
DA:5,0
DA:6,0
DA:8,0
DA:10,0
DA:25,0
DA:27,0
DA:43,0
DA:56,0
DA:71,0
DA:89,0
DA:101,0
DA:113,0
DA:122,0
DA:123,0
DA:124,0
DA:125,0
DA:126,0
DA:127,0
DA:128,0
LF:21
LH:0
BRF:0
BRH:0
end_of_record
TN:
SF:components/ui/toaster.tsx
FN:13,Toaster
FN:18,(anonymous_2)
FNF:2
FNH:0
FNDA:0,Toaster
FNDA:0,(anonymous_2)
DA:3,0
DA:11,0
DA:13,0
DA:14,0
DA:19,0
LF:5
LH:0
BRDA:22,0,0,0
BRDA:23,1,0,0
BRF:2
BRH:0
end_of_record
TN:
SF:hooks/use-toast.ts
FN:30,genId
FN:61,(anonymous_8)
FN:66,(anonymous_9)
FN:77,(anonymous_10)
FN:88,(anonymous_11)
FN:101,(anonymous_12)
FN:108,(anonymous_13)
FN:127,(anonymous_14)
FN:136,dispatch
FN:138,(anonymous_16)
FN:145,toast
FN:148,(anonymous_18)
FN:153,(anonymous_19)
FN:161,(anonymous_20)
FN:174,useToast
FN:177,(anonymous_22)
FN:179,(anonymous_23)
FN:190,(anonymous_24)
FNF:18
FNH:0
FNDA:0,genId
FNDA:0,(anonymous_8)
FNDA:0,(anonymous_9)
FNDA:0,(anonymous_10)
FNDA:0,(anonymous_11)
FNDA:0,(anonymous_12)
FNDA:0,(anonymous_13)
FNDA:0,(anonymous_14)
FNDA:0,dispatch
FNDA:0,(anonymous_16)
FNDA:0,toast
FNDA:0,(anonymous_18)
FNDA:0,(anonymous_19)
FNDA:0,(anonymous_20)
FNDA:0,useToast
FNDA:0,(anonymous_22)
FNDA:0,(anonymous_23)
FNDA:0,(anonymous_24)
DA:4,0
DA:11,0
DA:12,0
DA:21,0
DA:28,0
DA:31,0
DA:32,0
DA:59,0
DA:61,0
DA:62,0
DA:63,0
DA:66,0
DA:67,0
DA:68,0
DA:74,0
DA:77,0
DA:78,0
DA:80,0
DA:86,0
DA:89,0
DA:94,0
DA:98,0
DA:99,0
DA:101,0
DA:102,0
DA:106,0
DA:109,0
DA:119,0
DA:120,0
DA:125,0
DA:127,0
DA:132,0
DA:134,0
DA:137,0
DA:138,0
DA:139,0
DA:146,0
DA:148,0
DA:149,0
DA:153,0
DA:155,0
DA:162,0
DA:167,0
DA:175,0
DA:177,0
DA:178,0
DA:179,0
DA:180,0
DA:181,0
DA:182,0
DA:187,0
DA:190,0
DA:194,0
LF:53
LH:0
BRDA:62,0,0,0
BRDA:78,1,0,0
BRDA:78,1,1,0
BRDA:78,1,2,0
BRDA:78,1,3,0
BRDA:89,2,0,0
BRDA:89,2,1,0
BRDA:98,3,0,0
BRDA:98,3,1,0
BRDA:109,4,0,0
BRDA:109,4,1,0
BRDA:109,5,0,0
BRDA:109,5,1,0
BRDA:119,6,0,0
BRDA:162,7,0,0
BRDA:181,8,0,0
BRF:16
BRH:0
end_of_record
TN:
SF:hooks/useAdminAnalytics.ts
FN:11,(anonymous_6)
FN:17,(anonymous_7)
FN:20,(anonymous_8)
FN:25,(anonymous_9)
FN:28,(anonymous_10)
FN:33,(anonymous_11)
FN:36,(anonymous_12)
FN:43,(anonymous_13)
FN:46,(anonymous_14)
FNF:9
FNH:0
FNDA:0,(anonymous_6)
FNDA:0,(anonymous_7)
FNDA:0,(anonymous_8)
FNDA:0,(anonymous_9)
FNDA:0,(anonymous_10)
FNDA:0,(anonymous_11)
FNDA:0,(anonymous_12)
FNDA:0,(anonymous_13)
FNDA:0,(anonymous_14)
DA:3,0
DA:4,0
DA:11,0
DA:12,0
DA:13,0
DA:17,0
DA:18,0
DA:20,0
DA:25,0
DA:26,0
DA:28,0
DA:33,0
DA:34,0
DA:36,0
DA:43,0
DA:44,0
DA:46,0
LF:17
LH:0
BRDA:17,0,0,0
BRDA:25,1,0,0
BRDA:33,2,0,0
BRDA:43,3,0,0
BRF:4
BRH:0
end_of_record
TN:
SF:hooks/useCart.ts
FN:17,loadLocalCart
FN:28,saveLocalCart
FN:34,clearLocalCart
FN:45,useCart
FN:62,(anonymous_5)
FN:70,(anonymous_6)
FN:77,(anonymous_7)
FN:83,(anonymous_8)
FN:88,(anonymous_9)
FN:99,(anonymous_10)
FN:106,(anonymous_11)
FN:109,(anonymous_12)
FN:122,(anonymous_13)
FN:133,(anonymous_14)
FN:137,(anonymous_15)
FN:138,(anonymous_16)
FN:148,(anonymous_17)
FN:158,(anonymous_18)
FN:162,(anonymous_19)
FNF:19
FNH:0
FNDA:0,loadLocalCart
FNDA:0,saveLocalCart
FNDA:0,clearLocalCart
FNDA:0,useCart
FNDA:0,(anonymous_5)
FNDA:0,(anonymous_6)
FNDA:0,(anonymous_7)
FNDA:0,(anonymous_8)
FNDA:0,(anonymous_9)
FNDA:0,(anonymous_10)
FNDA:0,(anonymous_11)
FNDA:0,(anonymous_12)
FNDA:0,(anonymous_13)
FNDA:0,(anonymous_14)
FNDA:0,(anonymous_15)
FNDA:0,(anonymous_16)
FNDA:0,(anonymous_17)
FNDA:0,(anonymous_18)
FNDA:0,(anonymous_19)
DA:1,0
DA:3,0
DA:4,0
DA:11,0
DA:14,0
DA:18,0
DA:19,0
DA:20,0
DA:21,0
DA:23,0
DA:29,0
DA:30,0
DA:35,0
DA:36,0
DA:45,0
DA:46,0
DA:47,0
DA:49,0
DA:52,0
DA:53,0
DA:56,0
DA:57,0
DA:58,0
DA:59,0
DA:62,0
DA:63,0
DA:64,0
DA:65,0
DA:70,0
DA:71,0
DA:72,0
DA:77,0
DA:78,0
DA:79,0
DA:80,0
DA:82,0
DA:83,0
DA:89,0
DA:90,0
DA:99,0
DA:100,0
DA:101,0
DA:106,0
DA:107,0
DA:109,0
DA:116,0
DA:121,0
DA:123,0
DA:124,0
DA:126,0
DA:132,0
DA:134,0
DA:135,0
DA:137,0
DA:139,0
DA:147,0
DA:149,0
DA:150,0
DA:152,0
DA:158,0
DA:159,0
DA:161,0
DA:162,0
DA:163,0
DA:167,0
DA:168,0
DA:174,0
DA:181,0
DA:187,0
LF:69
LH:0
BRDA:18,0,0,0
BRDA:21,1,0,0
BRDA:21,1,1,0
BRDA:29,2,0,0
BRDA:35,3,0,0
BRDA:63,4,0,0
BRDA:71,5,0,0
BRDA:78,6,0,0
BRDA:78,7,0,0
BRDA:78,7,1,0
BRDA:80,8,0,0
BRDA:100,9,0,0
BRDA:107,10,0,0
BRDA:107,11,0,0
BRDA:107,11,1,0
BRDA:113,12,0,0
BRDA:113,12,1,0
BRDA:123,13,0,0
BRDA:123,13,1,0
BRDA:134,14,0,0
BRDA:134,14,1,0
BRDA:139,15,0,0
BRDA:139,15,1,0
BRDA:149,16,0,0
BRDA:149,16,1,0
BRDA:159,17,0,0
BRDA:159,17,1,0
BRDA:161,18,0,0
BRDA:174,19,0,0
BRDA:174,19,1,0
BRDA:174,19,2,0
BRDA:174,19,3,0
BRDA:174,19,4,0
BRDA:181,20,0,0
BRDA:181,20,1,0
BRDA:181,20,2,0
BRDA:181,20,3,0
BRDA:181,20,4,0
BRF:38
BRH:0
end_of_record
TN:
SF:hooks/useCartApi.ts
FN:9,useFetchCart
FN:12,(anonymous_7)
FN:30,useAddToCart
FN:33,(anonymous_9)
FN:46,(anonymous_10)
FN:53,useUpdateCartItem
FN:56,(anonymous_12)
FN:69,(anonymous_13)
FN:76,useRemoveCartItem
FN:79,(anonymous_15)
FN:92,(anonymous_16)
FN:99,useMergeCart
FN:102,(anonymous_18)
FN:115,(anonymous_19)
FNF:14
FNH:0
FNDA:0,useFetchCart
FNDA:0,(anonymous_7)
FNDA:0,useAddToCart
FNDA:0,(anonymous_9)
FNDA:0,(anonymous_10)
FNDA:0,useUpdateCartItem
FNDA:0,(anonymous_12)
FNDA:0,(anonymous_13)
FNDA:0,useRemoveCartItem
FNDA:0,(anonymous_15)
FNDA:0,(anonymous_16)
FNDA:0,useMergeCart
FNDA:0,(anonymous_18)
FNDA:0,(anonymous_19)
DA:1,0
DA:5,0
DA:6,0
DA:9,0
DA:13,0
DA:14,0
DA:15,0
DA:18,0
DA:19,0
DA:22,0
DA:23,0
DA:30,0
DA:31,0
DA:32,0
DA:34,0
DA:40,0
DA:41,0
DA:42,0
DA:44,0
DA:47,0
DA:53,0
DA:54,0
DA:55,0
DA:57,0
DA:63,0
DA:64,0
DA:65,0
DA:67,0
DA:70,0
DA:76,0
DA:77,0
DA:78,0
DA:80,0
DA:86,0
DA:87,0
DA:88,0
DA:90,0
DA:93,0
DA:99,0
DA:100,0
DA:101,0
DA:103,0
DA:109,0
DA:110,0
DA:111,0
DA:113,0
DA:116,0
LF:47
LH:0
BRDA:14,0,0,0
BRDA:18,1,0,0
BRDA:18,2,0,0
BRDA:18,2,1,0
BRDA:18,2,2,0
BRDA:40,3,0,0
BRDA:42,4,0,0
BRDA:42,4,1,0
BRDA:63,5,0,0
BRDA:65,6,0,0
BRDA:65,6,1,0
BRDA:86,7,0,0
BRDA:88,8,0,0
BRDA:88,8,1,0
BRDA:109,9,0,0
BRDA:111,10,0,0
BRDA:111,10,1,0
BRF:17
BRH:0
end_of_record
TN:
SF:hooks/useCartStore.ts
FN:39,(anonymous_1)
FN:41,(anonymous_2)
FN:42,(anonymous_3)
FN:45,(anonymous_4)
FN:46,(anonymous_5)
FN:47,(anonymous_6)
FN:49,(anonymous_7)
FNF:7
FNH:0
FNDA:0,(anonymous_1)
FNDA:0,(anonymous_2)
FNDA:0,(anonymous_3)
FNDA:0,(anonymous_4)
FNDA:0,(anonymous_5)
FNDA:0,(anonymous_6)
FNDA:0,(anonymous_7)
DA:1,0
DA:39,0
DA:42,0
DA:46,0
DA:47,0
DA:49,0
LF:6
LH:0
BRF:0
BRH:0
end_of_record
TN:
SF:lib/cloudinary.ts
FNF:0
FNH:0
DA:1,0
DA:3,0
DA:10,0
LF:3
LH:0
BRF:0
BRH:0
end_of_record
TN:
SF:lib/cloudinaryFrontend.ts
FNF:0
FNH:0
DA:1,0
DA:4,0
DA:10,0
LF:3
LH:0
BRF:0
BRH:0
end_of_record
TN:
SF:lib/emailService.ts
FN:55,(anonymous_7)
FN:77,(anonymous_8)
FN:88,(anonymous_9)
FN:134,(anonymous_10)
FN:194,(anonymous_11)
FN:242,(anonymous_12)
FN:294,(anonymous_13)
FN:343,(anonymous_14)
FN:405,(anonymous_15)
FNF:9
FNH:0
FNDA:0,(anonymous_7)
FNDA:0,(anonymous_8)
FNDA:0,(anonymous_9)
FNDA:0,(anonymous_10)
FNDA:0,(anonymous_11)
FNDA:0,(anonymous_12)
FNDA:0,(anonymous_13)
FNDA:0,(anonymous_14)
FNDA:0,(anonymous_15)
DA:1,0
DA:3,0
DA:8,0
DA:13,0
DA:55,0
DA:56,0
DA:57,0
DA:59,0
DA:60,0
DA:61,0
DA:63,0
DA:64,0
DA:65,0
DA:67,0
DA:68,0
DA:70,0
DA:73,0
DA:74,0
DA:77,0
DA:78,0
DA:79,0
DA:80,0
DA:81,0
DA:82,0
DA:83,0
DA:88,0
DA:90,0
DA:91,0
DA:92,0
DA:96,0
DA:100,0
DA:135,0
DA:136,0
DA:137,0
DA:138,0
DA:163,0
DA:164,0
DA:165,0
DA:172,0
DA:173,0
DA:174,0
DA:177,0
DA:178,0
DA:181,0
DA:182,0
DA:194,0
DA:195,0
DA:196,0
DA:197,0
DA:199,0
DA:200,0
DA:201,0
DA:203,0
DA:204,0
DA:205,0
DA:208,0
DA:209,0
DA:216,0
DA:217,0
DA:224,0
DA:225,0
DA:226,0
DA:229,0
DA:230,0
DA:232,0
DA:233,0
DA:242,0
DA:243,0
DA:244,0
DA:245,0
DA:247,0
DA:248,0
DA:249,0
DA:251,0
DA:252,0
DA:253,0
DA:255,0
DA:256,0
DA:257,0
DA:260,0
DA:261,0
DA:269,0
DA:270,0
DA:277,0
DA:278,0
DA:279,0
DA:282,0
DA:283,0
DA:285,0
DA:286,0
DA:294,0
DA:295,0
DA:296,0
DA:297,0
DA:299,0
DA:300,0
DA:301,0
DA:303,0
DA:304,0
DA:305,0
DA:308,0
DA:309,0
DA:315,0
DA:316,0
DA:323,0
DA:324,0
DA:325,0
DA:328,0
DA:329,0
DA:331,0
DA:332,0
DA:343,0
DA:344,0
DA:345,0
DA:346,0
DA:348,0
DA:349,0
DA:350,0
DA:352,0
DA:353,0
DA:354,0
DA:357,0
DA:358,0
DA:363,0
DA:364,0
DA:366,0
DA:367,0
DA:369,0
DA:370,0
DA:371,0
DA:373,0
DA:376,0
DA:379,0
DA:380,0
DA:387,0
DA:388,0
DA:389,0
DA:392,0
DA:393,0
DA:395,0
DA:396,0
DA:405,0
DA:406,0
DA:407,0
DA:408,0
DA:410,0
DA:411,0
DA:412,0
DA:414,0
DA:415,0
DA:416,0
DA:418,0
DA:419,0
DA:420,0
DA:423,0
DA:424,0
DA:453,0
DA:454,0
DA:455,0
DA:462,0
DA:463,0
DA:464,0
DA:467,0
DA:468,0
DA:470,0
DA:471,0
LF:166
LH:0
BRDA:59,0,0,0
BRDA:63,1,0,0
BRDA:67,2,0,0
BRDA:67,3,0,0
BRDA:67,3,1,0
BRDA:78,4,0,0
BRDA:80,5,0,0
BRDA:91,6,0,0
BRDA:91,6,1,0
BRDA:96,7,0,0
BRDA:96,7,1,0
BRDA:118,8,0,0
BRDA:118,8,1,0
BRDA:136,9,0,0
BRDA:136,9,1,0
BRDA:140,10,0,0
BRDA:140,10,1,0
BRDA:172,11,0,0
BRDA:195,12,0,0
BRDA:199,13,0,0
BRDA:203,14,0,0
BRDA:203,15,0,0
BRDA:203,15,1,0
BRDA:210,16,0,0
BRDA:210,16,1,0
BRDA:213,17,0,0
BRDA:213,17,1,0
BRDA:224,18,0,0
BRDA:243,19,0,0
BRDA:247,20,0,0
BRDA:251,21,0,0
BRDA:255,22,0,0
BRDA:255,23,0,0
BRDA:255,23,1,0
BRDA:277,24,0,0
BRDA:295,25,0,0
BRDA:299,26,0,0
BRDA:303,27,0,0
BRDA:303,28,0,0
BRDA:303,28,1,0
BRDA:323,29,0,0
BRDA:344,30,0,0
BRDA:348,31,0,0
BRDA:352,32,0,0
BRDA:352,33,0,0
BRDA:352,33,1,0
BRDA:363,34,0,0
BRDA:366,35,0,0
BRDA:369,36,0,0
BRDA:369,36,1,0
BRDA:371,37,0,0
BRDA:387,38,0,0
BRDA:407,39,0,0
BRDA:407,39,1,0
BRDA:410,40,0,0
BRDA:414,41,0,0
BRDA:418,42,0,0
BRDA:418,43,0,0
BRDA:418,43,1,0
BRDA:439,44,0,0
BRDA:439,44,1,0
BRDA:462,45,0,0
BRF:62
BRH:0
end_of_record
TN:
SF:lib/prisma.ts
FNF:0
FNH:0
DA:1,0
DA:3,0
DA:5,0
DA:6,0
DA:11,0
LF:5
LH:0
BRDA:6,0,0,0
BRDA:6,0,1,0
BRDA:11,1,0,0
BRF:3
BRH:0
end_of_record
TN:
SF:lib/utils.ts
FN:4,cn
FN:11,formatPrice
FN:27,(anonymous_6)
FNF:3
FNH:3
FNDA:2,cn
FNDA:11,formatPrice
FNDA:2,(anonymous_6)
DA:1,2
DA:2,2
DA:4,2
DA:5,2
DA:11,11
DA:12,11
DA:17,11
DA:27,2
DA:28,2
DA:29,2
DA:30,2
DA:31,2
DA:32,2
DA:34,2
DA:36,2
DA:37,2
DA:38,2
DA:40,0
DA:41,0
LF:19
LH:17
BRDA:11,0,0,9
BRDA:12,1,0,1
BRDA:12,1,1,10
BRDA:12,2,0,11
BRDA:12,2,1,2
BRDA:12,2,2,1
BRDA:14,3,0,2
BRDA:14,3,1,8
BRDA:16,4,0,8
BRDA:16,4,1,2
BRDA:19,5,0,11
BRDA:19,5,1,10
BRDA:20,6,0,11
BRDA:20,6,1,10
BRDA:21,7,0,11
BRDA:21,7,1,10
BRDA:28,8,0,0
BRDA:31,9,0,0
BRDA:37,10,0,2
BRDA:37,10,1,0
BRF:20
BRH:17
end_of_record
TN:
SF:lib/withError.ts
FN:7,withError
FN:8,(anonymous_2)
FNF:2
FNH:0
FNDA:0,withError
FNDA:0,(anonymous_2)
DA:1,0
DA:7,0
DA:8,0
DA:9,0
DA:10,0
DA:12,0
DA:13,0
LF:7
LH:0
BRDA:14,0,0,0
BRDA:14,0,1,0
BRDA:15,1,0,0
BRDA:15,1,1,0
BRF:4
BRH:0
end_of_record
